Log file open, 06/16/17 22:35:16
LogInit:Display: Running engine for game: AncientGame
LogPlatformFile: Not using cached read wrapper
LogInit:Display: RandInit(1169205272) SRandInit(1169205272).
LogTaskGraph: Started task graph with 5 named threads and 6 total threads with 1 sets of task threads.
LogStats: Stats thread started at 0.064079
LogInit: Using libcurl 7.47.1
LogInit:  - built for x86_64-pc-win32
LogInit:  - supports SSL with OpenSSL/1.0.2g
LogInit:  - supports HTTP deflate (compression) using libz 1.2.8
LogInit:  - other features:
LogInit:      CURL_VERSION_SSL
LogInit:      CURL_VERSION_LIBZ
LogInit:      CURL_VERSION_IPV6
LogInit:      CURL_VERSION_ASYNCHDNS
LogInit:      CURL_VERSION_LARGEFILE
LogInit:      CURL_VERSION_IDN
LogInit:  CurlRequestOptions (configurable via config and command line):
LogInit:  - bVerifyPeer = false  - Libcurl will NOT verify peer certificate
LogInit:  - bUseHttpProxy = false  - Libcurl will NOT use HTTP proxy
LogInit:  - bDontReuseConnections = false  - Libcurl will reuse connections
LogInit:  - CertBundlePath = nullptr  - Libcurl will use whatever was configured at build time.
LogInit: Build: ++UE4+Release-4.15-CL-3299760
LogInit: Engine Version: 4.15.0-3299760+++UE4+Release-4.15
LogInit: Compatible Engine Version: 4.15.0-3299760+++UE4+Release-4.15
LogInit: Net CL: 3299760
LogDevObjectVersion: Number of dev versions registered: 14
LogDevObjectVersion:   Dev-Blueprints (B0D832E4-1F89-4F0D-ACCF-7EB736FD4AA2): 8
LogDevObjectVersion:   Dev-Build (E1C64328-A22C-4D53-A36C-8E866417BD8C): 0
LogDevObjectVersion:   Dev-Core (375EC13C-06E4-48FB-B500-84F0262A717E): 2
LogDevObjectVersion:   Dev-Editor (E4B068ED-F494-42E9-A231-DA0B2E46BB41): 14
LogDevObjectVersion:   Dev-Framework (CFFC743F-43B0-4480-9391-14DF171D2073): 22
LogDevObjectVersion:   Dev-Mobile (B02B49B5-BB20-44E9-A304-32B752E40360): 0
LogDevObjectVersion:   Dev-Networking (A4E4105C-59A1-49B5-A7C5-40C4547EDFEE): 0
LogDevObjectVersion:   Dev-Online (39C831C9-5AE6-47DC-9A44-9C173E1C8E7C): 0
LogDevObjectVersion:   Dev-Physics (78F01B33-EBEA-4F98-B9B4-84EACCB95AA2): 0
LogDevObjectVersion:   Dev-Platform (6631380F-2D4D-43E0-8009-CF276956A95A): 0
LogDevObjectVersion:   Dev-Rendering (12F88B9F-8875-4AFC-A67C-D90C383ABD29): 12
LogDevObjectVersion:   Dev-Sequencer (7B5AE74C-D270-4C10-A958-57980B212A5A): 3
LogDevObjectVersion:   Dev-VR (D7296918-1DD6-4BDD-9DE2-64A83CC13884): 0
LogDevObjectVersion:   Dev-LoadTimes (C2A15278-BFE7-4AFE-6C17-90FF531DF755): 1
LogInit: Compiled (64-bit): Feb 14 2017 02:04:14
LogInit: Compiled with Visual C++: 19.00.23026.00
LogInit: Build Configuration: Development
LogInit: Branch Name: ++UE4+Release-4.15
LogInit: Command line: 
LogInit: Base directory: E:/Program Files/Epic Games/UE_4.15/Engine/Binaries/Win64/
LogInit: Installed Engine Build: 1
LogInit: Presizing for max 8388607 objects, including 0 objects not considered by GC, pre-allocating 0 bytes for permanent pool.
LogInit: Object subsystem initialized
[2017.06.16-17.05.17:605][  0]LogInit: Selected Device Profile: [Windows]
[2017.06.16-17.05.17:605][  0]LogInit: Applying CVar settings loaded from the selected device profile: [Windows]
[2017.06.16-17.05.17:634][  0]LogInit: Computer: DEMIGOD-PC
[2017.06.16-17.05.17:634][  0]LogInit: User: Demigod
[2017.06.16-17.05.17:634][  0]LogInit: CPU Page size=65536, Cores=2
[2017.06.16-17.05.17:634][  0]LogInit: High frequency timer resolution =2.825664 MHz
[2017.06.16-17.05.17:634][  0]LogMemory: Memory total: Physical=4.0GB (4GB approx)
[2017.06.16-17.05.17:634][  0]LogMemory: Platform Memory Stats for Windows
[2017.06.16-17.05.17:634][  0]LogMemory: Process Physical Memory: 263.21 MB used, 263.21 MB peak
[2017.06.16-17.05.17:634][  0]LogMemory: Process Virtual Memory: 263.87 MB used, 263.87 MB peak
[2017.06.16-17.05.17:634][  0]LogMemory: Physical Memory: 3035.62 MB used,  1024.26 MB free, 4059.88 MB total
[2017.06.16-17.05.17:634][  0]LogMemory: Virtual Memory: 632.62 MB used,  1024.26 MB free, 8388608.00 MB total
[2017.06.16-17.05.17:753][  0]LogTextLocalizationManager: No specific translations for ('en-US') exist, so ('en') translations will be used.
[2017.06.16-17.05.18:709][  0]LogD3D11RHI: D3D11 adapters:
[2017.06.16-17.05.18:738][  0]LogD3D11RHI:    0. 'NVIDIA GeForce GTX 970' (Feature Level 11_0)
[2017.06.16-17.05.18:738][  0]LogD3D11RHI:       4008/0/1773 MB DedicatedVideo/DedicatedSystem/SharedSystem, Outputs:1, VendorId:0x10de
[2017.06.16-17.05.18:738][  0]LogD3D11RHI: Chosen D3D11 Adapter: 0
[2017.06.16-17.05.18:743][  0]LogD3D11RHI: Creating new Direct3DDevice
[2017.06.16-17.05.18:743][  0]LogD3D11RHI:     GPU DeviceId: 0x13c2 (for the marketing name, search the web for "GPU Device Id")
[2017.06.16-17.05.18:743][  0]LogWindows: EnumDisplayDevices:
[2017.06.16-17.05.18:743][  0]LogWindows:    0. 'NVIDIA GeForce GTX 970' (P:1 D:1)
[2017.06.16-17.05.18:743][  0]LogWindows:    1. 'NVIDIA GeForce GTX 970' (P:0 D:0)
[2017.06.16-17.05.18:743][  0]LogWindows:    2. 'NVIDIA GeForce GTX 970' (P:0 D:0)
[2017.06.16-17.05.18:743][  0]LogWindows:    3. 'NVIDIA GeForce GTX 970' (P:0 D:0)
[2017.06.16-17.05.18:743][  0]LogWindows:    4. 'RDPDD Chained DD' (P:0 D:0)
[2017.06.16-17.05.18:744][  0]LogWindows:    5. 'RDP Encoder Mirror Driver' (P:0 D:0)
[2017.06.16-17.05.18:744][  0]LogWindows:    6. 'RDP Reflector Display Driver' (P:0 D:0)
[2017.06.16-17.05.18:744][  0]LogWindows: DebugString: GetVideoDriverDetailsInvalid PrimaryIsNotTheChoosenAdapter GetVideoDriverDetailsInvalid PrimaryIsNotTheChoosenAdapter GetVideoDriverDetailsInvalid PrimaryIsNotTheChoosenAdapter FoundDriverCount:4 
[2017.06.16-17.05.18:744][  0]LogD3D11RHI:     Adapter Name: NVIDIA GeForce GTX 970
[2017.06.16-17.05.18:744][  0]LogD3D11RHI:   Driver Version: 382.33 (internal:22.21.13.8233, unified:382.33)
[2017.06.16-17.05.18:744][  0]LogD3D11RHI:      Driver Date: 5-17-2017
[2017.06.16-17.05.18:744][  0]LogRHI: Texture pool is 1361 MB (70% of 1945 MB)
[2017.06.16-17.05.18:756][  0]LogD3D11RHI: Async texture creation enabled
[2017.06.16-17.05.18:772][  0]LogD3D11RHI: GPU Timing Frequency: 1000.000000 (Debug: 2 2)
[2017.06.16-17.05.18:820][  0]LogShaderCompilers: Guid format shader working directory is 27 characters bigger than the processId version (F:/Unreal/AncientGame/Intermediate/Shaders/WorkingDirectory/6980/).
[2017.06.16-17.05.18:820][  0]LogShaderCompilers: Cleaned the shader compiler working directory 'C:/Users/Demigod/AppData/Local/Temp/UnrealShaderWorkingDir/62531E94443308DF02437995A24FDEAF/'.
[2017.06.16-17.05.18:820][  0]LogShaderCompilers:Display: Using Local Shader Compiler.
[2017.06.16-17.05.20:504][  0]LogTemp:Display: Loaded TP AllDesktopTargetPlatform
[2017.06.16-17.05.20:568][  0]LogTemp:Display: Loaded TP MacClientTargetPlatform
[2017.06.16-17.05.20:632][  0]LogTemp:Display: Loaded TP MacNoEditorTargetPlatform
[2017.06.16-17.05.20:695][  0]LogTemp:Display: Loaded TP MacServerTargetPlatform
[2017.06.16-17.05.20:759][  0]LogTemp:Display: Loaded TP MacTargetPlatform
[2017.06.16-17.05.20:821][  0]LogTemp:Display: Loaded TP WindowsClientTargetPlatform
[2017.06.16-17.05.20:885][  0]LogTemp:Display: Loaded TP WindowsNoEditorTargetPlatform
[2017.06.16-17.05.20:947][  0]LogTemp:Display: Loaded TP WindowsServerTargetPlatform
[2017.06.16-17.05.20:996][  0]LogTemp:Display: Loaded TP WindowsTargetPlatform
[2017.06.16-17.05.21:059][  0]LogTemp:Display: Loaded TP AndroidTargetPlatform
[2017.06.16-17.05.21:121][  0]LogTemp:Display: Loaded TP Android_ASTCTargetPlatform
[2017.06.16-17.05.21:182][  0]LogTemp:Display: Loaded TP Android_ATCTargetPlatform
[2017.06.16-17.05.21:244][  0]LogTemp:Display: Loaded TP Android_DXTTargetPlatform
[2017.06.16-17.05.21:305][  0]LogTemp:Display: Loaded TP Android_ETC1TargetPlatform
[2017.06.16-17.05.21:367][  0]LogTemp:Display: Loaded TP Android_ETC2TargetPlatform
[2017.06.16-17.05.21:490][  0]LogTemp:Display: Loaded TP Android_MultiTargetPlatform
[2017.06.16-17.05.21:490][  0]LogTemp:Display: Loaded TP Android_PVRTCTargetPlatform
[2017.06.16-17.05.21:531][  0]LogTemp:Display: Loaded TP HTML5TargetPlatform
[2017.06.16-17.05.21:635][  0]LogTemp:Display: Loaded TP IOSTargetPlatform
[2017.06.16-17.05.21:675][  0]LogTemp:Display: Loaded TP TVOSTargetPlatform
[2017.06.16-17.05.21:738][  0]LogTemp:Display: Loaded TP LinuxClientTargetPlatform
[2017.06.16-17.05.21:801][  0]LogTemp:Display: Loaded TP LinuxNoEditorTargetPlatform
[2017.06.16-17.05.21:864][  0]LogTemp:Display: Loaded TP LinuxServerTargetPlatform
[2017.06.16-17.05.21:927][  0]LogTemp:Display: Loaded TP LinuxTargetPlatform
[2017.06.16-17.05.21:927][  0]LogTargetPlatformManager:Display: Building Assets For Windows
[2017.06.16-17.05.22:359][  0]LogDerivedDataCache:Display: Max Cache Size: 512 MB
[2017.06.16-17.05.22:420][  0]LogDerivedDataCache: Loaded boot cache 0.06s 50MB C:/Users/Demigod/AppData/Local/UnrealEngine/4.15/DerivedDataCache/Boot.ddc.
[2017.06.16-17.05.22:420][  0]LogDerivedDataCache:Display: Loaded Boot cache: C:/Users/Demigod/AppData/Local/UnrealEngine/4.15/DerivedDataCache/Boot.ddc
[2017.06.16-17.05.22:420][  0]LogDerivedDataCache: FDerivedDataBackendGraph:  Pak pak cache file F:/Unreal/AncientGame/DerivedDataCache/DDC.ddp not found, will not use a pak cache.
[2017.06.16-17.05.22:420][  0]LogDerivedDataCache: Unable to find inner node Pak for hierarchical cache Hierarchy.
[2017.06.16-17.05.22:420][  0]LogDerivedDataCache: FDerivedDataBackendGraph:  CompressedPak pak cache file F:/Unreal/AncientGame/DerivedDataCache/Compressed.ddp not found, will not use a pak cache.
[2017.06.16-17.05.22:420][  0]LogDerivedDataCache: Unable to find inner node CompressedPak for hierarchical cache Hierarchy.
[2017.06.16-17.05.22:443][  0]LogDerivedDataCache:Display: Pak cache opened for reading ../../../Engine/DerivedDataCache/Compressed.ddp.
[2017.06.16-17.05.22:455][  0]LogDerivedDataCache: Using Local data cache path C:/Users/Demigod/AppData/Local/UnrealEngine/Common/DerivedDataCache: Writable
[2017.06.16-17.05.22:465][  0]LogSlate: Using Freetype 2.6.0
[2017.06.16-17.05.22:467][  0]LogSlate: SlateFontCache - WITH_FREETYPE: 1, WITH_HARFBUZZ: 1
[2017.06.16-17.05.22:468][  0]LogSlate: SlateFontCache - WITH_FREETYPE: 1, WITH_HARFBUZZ: 1
[2017.06.16-17.05.22:909][  0]LogInit: Selected Device Profile: [Windows]
[2017.06.16-17.05.22:913][  0]LogContentStreaming: Texture pool size is 0.00 MB
[2017.06.16-17.05.23:176][  0]LogMeshUtilities: Using QuadricMeshReduction for automatic static mesh reduction
[2017.06.16-17.05.23:226][  0]LogSimplygon: Simplygon DLL not present - disabling.
[2017.06.16-17.05.23:276][  0]LogMeshUtilities: Using SimplygonSwarm for distributed automatic mesh merging
[2017.06.16-17.05.23:276][  0]LogMeshUtilities: No automatic skeletal mesh reduction module available
[2017.06.16-17.05.23:276][  0]LogMeshUtilities: No automatic mesh merging module available
[2017.06.16-17.05.23:962][  0]LogNetVersion: GetLocalNetworkVersion: CL: 3299760, ProjectName: ancientgame, ProjectVersion: , EngineNetworkVersion: 2, GameNetworkVersion: 0, NetworkChecksum: 451849076
[2017.06.16-17.05.24:006][  0]LogAssetRegistry: FAssetRegistry took 0.0199 seconds to start up
[2017.06.16-17.05.24:257][  0]LogPackageLocalizationCache: Processed 3 localized package path(s) for 2 prioritized culture(s) in 0.233865 seconds
[2017.06.16-17.05.24:266][  0]LogUObjectArray: 32475 objects as part of root set at end of initial load.
[2017.06.16-17.05.24:266][  0]LogUObjectAllocator: 7073360 out of 0 bytes used by permanent object pool.
[2017.06.16-17.05.24:266][  0]LogUObjectArray: CloseDisregardForGC: 0/0 objects in disregard for GC pool
[2017.06.16-17.05.24:328][  0]LogInit: WinSock: version 1.1 (2.2), MaxSocks=32767, MaxUdp=65467
[2017.06.16-17.05.26:770][  0]LogTcpMessaging: Initializing TcpMessaging bridge
[2017.06.16-17.05.26:806][  0]LogUdpMessaging: Initializing bridge on interface 0.0.0.0:0 to multicast group 230.0.0.1:6666.
[2017.06.16-17.05.27:346][  0]LogMaterial: Uniform references updated for custom material expression Custom.
[2017.06.16-17.05.27:777][  0]SourceControl: Info Source control is disabled
[2017.06.16-17.05.27:816][  0]SourceControl: Info Source control is disabled
[2017.06.16-17.05.27:865][  0]SourceControl: Info Source control is disabled
[2017.06.16-17.05.27:914][  0]SourceControl: Info Source control is disabled
[2017.06.16-17.05.29:309][  0]LogEngine: Initializing Engine...
[2017.06.16-17.05.29:309][  0]LogHMD: Failed to initialize OpenVR with code 110
[2017.06.16-17.05.29:591][  0]LogAIModule: Creating AISystem for world Untitled
[2017.06.16-17.05.29:606][  0]LogInit: XAudio2 using 'Speakers (Realtek High Definition Audio)' : 2 channels at 48 kHz using 32 bits per sample (channel mask 0x3)
[2017.06.16-17.05.29:634][  0]LogInit: FAudioDevice initialized.
[2017.06.16-17.05.29:667][  0]LogDerivedDataCache: Saved boot cache 0.03s 50MB C:/Users/Demigod/AppData/Local/UnrealEngine/4.15/DerivedDataCache/Boot.ddc.
[2017.06.16-17.05.29:673][  0]LogInit: Texture streaming: Enabled
[2017.06.16-17.05.29:760][  0]LogEngineSessionManager: EngineSessionManager initialized
[2017.06.16-17.05.29:857][  0]LogInit: Transaction tracking system initialized
[2017.06.16-17.05.30:217][  0]BlueprintLog: New page: Editor Load
[2017.06.16-17.05.31:177][  0]LocalizationService: Info Localization service is disabled
[2017.06.16-17.05.31:882][  0]LogConsoleResponse:Display: 
[2017.06.16-17.05.32:063][  0]LogCook:Display: Max memory allowance for cook 16384mb min free memory 0mb
[2017.06.16-17.05.32:063][  0]LogCook:Display: Mobile HDR setting 1
[2017.06.16-17.05.32:449][  0]LogFileCache: Scanning file cache for directory 'F:/Unreal/AncientGame/Content/' took 0.01s
[2017.06.16-17.05.33:158][  0]SourceControl: Info Source control is disabled
[2017.06.16-17.05.33:255][  0]LogSlate: Took 0.001050 seconds to synchronously load lazily loaded font '../../../Engine/Content/Slate/Fonts/Roboto-Regular.ttf' (155K)
[2017.06.16-17.09.11:485][  0]Cmd: MAP LOAD FILE="../../../Engine/Content/Maps/Templates/Template_Default.umap" TEMPLATE=1 SHOWPROGRESS=1 FEATURELEVEL=3
[2017.06.16-17.09.11:487][  0]LightingResults: New page: Lighting Build
[2017.06.16-17.09.11:556][  0]MapCheck: New page: Map Check
[2017.06.16-17.09.11:556][  0]LightingResults: New page: Lighting Build
[2017.06.16-17.09.11:844][  0]LogAIModule: Creating AISystem for world Untitled_1
[2017.06.16-17.09.11:845][  0]LogActorComponent: RegisterComponentWithWorld: (/Temp/Untitled_1.Untitled_1:PersistentLevel.WorldSettings_1.StaticMeshComponent0) Trying to register component with IsPendingKill() == true. Aborting.
[2017.06.16-17.09.11:852][  0]LogEditorServer: Finished looking for orphan Actors (0.000 secs)
[2017.06.16-17.09.11:857][  0]Cmd: MAP CHECKDEP NOCLEARLOG
[2017.06.16-17.09.12:017][  0]MapCheck: Info Map check complete: 0 Error(s), 0 Warning(s), took 159.34ms to complete.
[2017.06.16-17.09.12:017][  0]LogFileHelpers: Loading map 'Template_Default' took 0.539
[2017.06.16-17.09.12:448][  0]LogStats:Warning: MetaData mismatch. Did you assign a stat to two groups? New //STATGROUP_Threads//SplashScreenThread///Thread_1554_0///####STATCAT_Advanced#### old //STATGROUP_Threads//SplashScreenThread///Thread_1b10_0///####STATCAT_Advanced####
[2017.06.16-17.09.12:448][  0]LogCollectionManager: Loaded 0 collections in 0.001757 seconds
[2017.06.16-17.09.12:556][  0]LogFileCache: Scanning file cache for directory 'F:/Unreal/AncientGame/Saved/Collections/' took 0.01s
[2017.06.16-17.09.12:556][  0]LogFileCache: Scanning file cache for directory 'F:/Unreal/AncientGame/Content/Developers/Demigod/Collections/' took 0.01s
[2017.06.16-17.09.12:556][  0]LogFileCache: Scanning file cache for directory 'F:/Unreal/AncientGame/Content/Collections/' took 0.01s
[2017.06.16-17.09.12:556][  0]LogCollectionManager: Rebuilt the GUID cache for 0 collections in 0.000003 seconds
[2017.06.16-17.09.12:571][  0]LogContentBrowser: Native class hierarchy populated in 0.0112 seconds. Added 2251 classes and 452 folders.
[2017.06.16-17.09.12:576][  0]LogStats: UGameplayTagsManager::ConstructGameplayTagTree: Construct from data asset -  0.000 s
[2017.06.16-17.09.12:576][  0]LogStats: UGameplayTagsManager::ConstructGameplayTagTree: GameplayTagTreeChangedEvent.Broadcast -  0.000 s
[2017.06.16-17.09.12:645][  0]LogContentBrowser: Native class hierarchy updated for 'WidgetCarousel' in 0.0006 seconds. Added 0 classes and 0 folders.
[2017.06.16-17.09.13:897][  0]LogContentBrowser: Native class hierarchy updated for 'AddContentDialog' in 0.0011 seconds. Added 0 classes and 0 folders.
[2017.06.16-17.09.14:041][  0]LogContentBrowser: Native class hierarchy updated for 'SceneOutliner' in 0.0006 seconds. Added 1 classes and 2 folders.
[2017.06.16-17.09.14:165][  0]LogCrashTracker: Crashtracker disabled due to settings.
[2017.06.16-17.09.14:196][  0]LogUObjectGlobals:Warning: Failed to find object 'Class None.'
[2017.06.16-17.09.14:283][  0]LogContentBrowser: Native class hierarchy updated for 'HierarchicalLODOutliner' in 0.0007 seconds. Added 1 classes and 2 folders.
[2017.06.16-17.09.14:283][  0]LogLoad: (Engine Initialization) Total time: 239.59 seconds
[2017.06.16-17.09.14:283][  0]LogLoad: (Engine Initialization) Total Blueprint compile time: 0.13 seconds
[2017.06.16-17.09.14:283][  0]LogExternalProfiler: Found external profiler: VSPerf
[2017.06.16-17.09.14:283][  0]LogExternalProfiler: Using external profiler: VSPerf
[2017.06.16-17.09.14:622][  0]LogOcInput: OculusInput pre-init called
[2017.06.16-17.09.14:667][  0]LogContentStreaming: Texture pool size now 1000 MB
[2017.06.16-17.09.14:670][  0]LogSlate: Took 0.000742 seconds to synchronously load lazily loaded font '../../../Engine/Content/Slate/Fonts/Roboto-Bold.ttf' (160K)
[2017.06.16-17.09.14:729][  0]LogSlate: Took 0.052238 seconds to synchronously load lazily loaded font '../../../Engine/Content/Editor/Slate/Fonts/FontAwesome.ttf' (139K)
[2017.06.16-17.09.15:151][  0]LogSlate: Took 0.007261 seconds to synchronously load lazily loaded font '../../../Engine/Content/Slate/Fonts/Roboto-Light.ttf' (159K)
[2017.06.16-17.09.15:210][  0]LogRenderer: Reallocating scene render targets to support 1208x576 NumSamples 1 (Frame:2).
[2017.06.16-17.09.15:642][  2]LogAssetRegistry: Asset discovery search completed in 231.6524 seconds
[2017.06.16-17.09.15:642][  2]LogCollectionManager: Rebuilt the object cache for 0 collections in 0.000006 seconds (found 0 objects)
[2017.06.16-17.09.15:642][  2]LogCollectionManager: Fixed up redirectors for 0 collections in 0.000051 seconds (updated 0 objects)
[2017.06.16-17.09.15:661][  2]LogSlate: Took 0.000386 seconds to synchronously load lazily loaded font '../../../Engine/Content/Slate/Fonts/Roboto-Light.ttf' (159K)
[2017.06.16-17.17.39:003][250]LogSlate: Took 0.000401 seconds to synchronously load lazily loaded font '../../../Engine/Content/Slate/Fonts/Roboto-Light.ttf' (159K)
[2017.06.16-17.17.40:034][250]LogSlate: Took 0.000256 seconds to synchronously load lazily loaded font '../../../Engine/Content/Slate/Fonts/Roboto-Regular.ttf' (155K)
[2017.06.16-17.17.41:341][250]LogContentBrowser: Native class hierarchy updated for 'BlueprintGraph' in 0.0013 seconds. Added 112 classes and 0 folders.
[2017.06.16-17.36.45:213][885]LogSlate: Took 0.043895 seconds to synchronously load lazily loaded font '../../../Engine/Content/Editor/Slate/Fonts/Roboto-BoldCondensed.ttf' (158K)
[2017.06.16-17.36.50:644][168]LogSlate: Took 0.011123 seconds to synchronously load lazily loaded font '../../../Engine/Content/Editor/Slate/Fonts/Roboto-Italic.ttf' (157K)
[2017.06.16-17.36.52:991][335]LogLinker:Warning: Can't find file '/Game/Player/Player/AG_Pawn_Player'
[2017.06.16-17.36.52:994][335]LogLinker:Warning: Can't find file for asset '/Game/Player/Player/AG_Pawn_Player' while loading F:/Unreal/AncientGame/Content/Player/Player/AG_PC_Player.uasset.
[2017.06.16-17.36.52:994][335]LoadErrors:Error: Error /Game/Player/Player/AG_PC_Player : Can't find file for asset. /Game/Player/Player/AG_Pawn_Player
[2017.06.16-17.36.52:996][335]LogLinker:Warning: Can't find file '/Game/Player/Player/AG_Pawn_Player'
[2017.06.16-17.36.52:996][335]LogLinker:Warning: Can't find file for asset '/Game/Player/Player/AG_Pawn_Player' while loading F:/Unreal/AncientGame/Content/Player/Player/AG_PC_Player.uasset.
[2017.06.16-17.36.52:996][335]LogLinker:Warning: Can't find file '/Game/Player/Player/AG_Pawn_Player'
[2017.06.16-17.36.52:997][335]LogLinker:Warning: Can't find file for asset '/Game/Player/Player/AG_Pawn_Player' while loading F:/Unreal/AncientGame/Content/Player/Player/AG_PC_Player.uasset.
[2017.06.16-17.36.53:014][335]LogLinker:Warning: Can't find file '/Game/Player/Player/AG_Pawn_Player'
[2017.06.16-17.36.53:014][335]LogLinker:Warning: Can't find file for asset '/Game/Player/Player/AG_Pawn_Player' while loading NULL.
[2017.06.16-17.36.53:018][335]LogLinker:Warning: Can't find file '/Game/Player/Player/AG_Pawn_Player'
[2017.06.16-17.36.53:018][335]LogLinker:Warning: Can't find file for asset '/Game/Player/Player/AG_Pawn_Player' while loading NULL.
[2017.06.16-17.36.53:018][335]LogLinker:Warning: Can't find file '/Game/Player/Player/AG_Pawn_Player'
[2017.06.16-17.36.53:018][335]LogLinker:Warning: Can't find file for asset '/Game/Player/Player/AG_Pawn_Player' while loading NULL.
[2017.06.16-17.36.53:018][335]LogLinker:Warning: Can't find file '/Game/Player/Player/AG_Pawn_Player'
[2017.06.16-17.36.53:018][335]LogLinker:Warning: Can't find file for asset '/Game/Player/Player/AG_Pawn_Player' while loading NULL.
[2017.06.16-17.36.53:025][335]LogLinker:Warning: Can't find file '/Game/Player/Player/AG_Pawn_Player'
[2017.06.16-17.36.53:025][335]LoadErrors: Info Failed to load /Game/Player/Player/AG_Pawn_Player.AG_Pawn_Player_C Referenced by AG_PC_Player
[2017.06.16-17.36.53:025][335]LogLinker:Warning: Can't find file for asset '/Game/Player/Player/AG_Pawn_Player' while loading NULL.
[2017.06.16-17.36.53:027][335]LogLinker:Warning: Can't find file '/Game/Player/Player/AG_Pawn_Player'
[2017.06.16-17.36.53:027][335]LoadErrors: Info Failed to load /Game/Player/Player/AG_Pawn_Player.AG_Pawn_Player_C Referenced by K2Node_VariableGet_60
[2017.06.16-17.36.53:027][335]LogLinker:Warning: Can't find file for asset '/Game/Player/Player/AG_Pawn_Player' while loading NULL.
[2017.06.16-17.36.53:028][335]LogLinker:Warning: Can't find file '/Game/Player/Player/AG_Pawn_Player'
[2017.06.16-17.36.53:028][335]LoadErrors: Info Failed to load /Game/Player/Player/AG_Pawn_Player.AG_Pawn_Player_C Referenced by K2Node_VariableGet_76
[2017.06.16-17.36.53:028][335]LogLinker:Warning: Can't find file for asset '/Game/Player/Player/AG_Pawn_Player' while loading NULL.
[2017.06.16-17.36.53:028][335]LogLinker:Warning: Can't find file '/Game/Player/Player/AG_Pawn_Player'
[2017.06.16-17.36.53:028][335]LoadErrors: Info Failed to load /Game/Player/Player/AG_Pawn_Player.AG_Pawn_Player_C Referenced by K2Node_VariableGet_25
[2017.06.16-17.36.53:028][335]LogLinker:Warning: Can't find file for asset '/Game/Player/Player/AG_Pawn_Player' while loading NULL.
[2017.06.16-17.36.53:029][335]LogLinker:Warning: Can't find file '/Game/Player/Player/AG_Pawn_Player'
[2017.06.16-17.36.53:029][335]LogLinker:Warning: Can't find file for asset '/Game/Player/Player/AG_Pawn_Player' while loading NULL.
[2017.06.16-17.36.53:046][335]LogBlueprint:Warning: [AG_PC_Player] 'SpringArm_CamHandle' variable not found. Base class was probably changed.
[2017.06.16-17.36.53:073][335]LogBlueprint:Warning: [Compiler AG_PC_Player] Warning Could not find a variable named "SpringArm_CamHandle" in 'AG_PC_Player'.
Make sure 'AG_PC_Player' has been compiled for  Get SpringArm_CamHandle
[2017.06.16-17.36.53:104][335]LogBlueprint:Error: [Compiler AG_PC_Player] Error This blueprint (self) is not compatible with ' Target ', therefore that pin must have a connection.
[2017.06.16-17.36.53:105][335]LogBlueprint:Error: [Compiler AG_PC_Player] Error The property associated with  Spring Arm Cam Handle  could not be found
[2017.06.16-17.36.53:122][335]LogBlueprint:Warning: [Compiler AG_PC_Player] Warning [1898.40] Compile of AG_PC_Player failed. 2 Fatal Issue(s) 1 Warning(s) [in 69 ms] (/Game/Player/Player/AG_PC_Player.AG_PC_Player)
[2017.06.16-17.36.53:122][335]LogBlueprint:Warning: [Compiler AG_PC_Player] Warning [1898.40] Compile of AG_PC_Player failed. 2 Fatal Issue(s) 2 Warning(s) [in 0 ms] (/Game/Player/Player/AG_PC_Player.AG_PC_Player)
[2017.06.16-17.36.53:122][335]LogBlueprint:Warning: [Compiler AG_PC_Player] Warning [1898.40] Compile of AG_PC_Player failed. 2 Fatal Issue(s) 3 Warning(s) [in 0 ms] (/Game/Player/Player/AG_PC_Player.AG_PC_Player)
[2017.06.16-17.37.04:731][897]LogSlate: Took 0.007846 seconds to synchronously load lazily loaded font '../../../Engine/Content/Editor/Slate/Fonts/Roboto-BoldCondensedItalic.ttf' (160K)
[2017.06.16-17.38.15:072][824]BlueprintLog: New page: Compile AG_PC_Player
[2017.06.16-17.38.15:722][824]LogScript:Warning: Accessed None trying to read property ThePawn
	AG_PC_Player_C /Engine/Transient.World_2:PersistentLevel.AG_PC_Player_C_0
	Function /Game/Player/Player/AG_PC_Player.AG_PC_Player_C:ExecuteUbergraph_AG_PC_Player:0179
[2017.06.16-17.38.15:730][824]LogScript:Warning: Accessed None trying to read property ThePawn
	AG_PC_Player_C /Engine/Transient.World_2:PersistentLevel.AG_PC_Player_C_0
	Function /Game/Player/Player/AG_PC_Player.AG_PC_Player_C:ExecuteUbergraph_AG_PC_Player:0179
[2017.06.16-17.38.15:766][825]LogScript:Warning: Accessed None trying to read property ThePawn
	AG_PC_Player_C /Engine/Transient.World_2:PersistentLevel.AG_PC_Player_C_0
	Function /Game/Player/Player/AG_PC_Player.AG_PC_Player_C:ExecuteUbergraph_AG_PC_Player:0179
[2017.06.16-17.38.15:766][825]LogScript:Warning: Accessed None trying to read property ThePawn
	AG_PC_Player_C /Engine/Transient.World_2:PersistentLevel.AG_PC_Player_C_0
	Function /Game/Player/Player/AG_PC_Player.AG_PC_Player_C:ExecuteUbergraph_AG_PC_Player:0179
[2017.06.16-17.38.15:780][826]LogScript:Warning: Accessed None trying to read property ThePawn
	AG_PC_Player_C /Engine/Transient.World_2:PersistentLevel.AG_PC_Player_C_0
	Function /Game/Player/Player/AG_PC_Player.AG_PC_Player_C:ExecuteUbergraph_AG_PC_Player:0179
[2017.06.16-17.38.15:781][826]LogScript:Warning: Accessed None trying to read property ThePawn
	AG_PC_Player_C /Engine/Transient.World_2:PersistentLevel.AG_PC_Player_C_0
	Function /Game/Player/Player/AG_PC_Player.AG_PC_Player_C:ExecuteUbergraph_AG_PC_Player:0179
[2017.06.16-17.38.15:796][827]LogScript:Warning: Accessed None trying to read property ThePawn
	AG_PC_Player_C /Engine/Transient.World_2:PersistentLevel.AG_PC_Player_C_0
	Function /Game/Player/Player/AG_PC_Player.AG_PC_Player_C:ExecuteUbergraph_AG_PC_Player:0179
[2017.06.16-17.38.15:796][827]LogScript:Warning: Accessed None trying to read property ThePawn
	AG_PC_Player_C /Engine/Transient.World_2:PersistentLevel.AG_PC_Player_C_0
	Function /Game/Player/Player/AG_PC_Player.AG_PC_Player_C:ExecuteUbergraph_AG_PC_Player:0179
[2017.06.16-17.38.15:812][828]LogScript:Warning: Accessed None trying to read property ThePawn
	AG_PC_Player_C /Engine/Transient.World_2:PersistentLevel.AG_PC_Player_C_0
	Function /Game/Player/Player/AG_PC_Player.AG_PC_Player_C:ExecuteUbergraph_AG_PC_Player:0179
[2017.06.16-17.38.15:812][828]LogScript:Warning: Accessed None trying to read property ThePawn
	AG_PC_Player_C /Engine/Transient.World_2:PersistentLevel.AG_PC_Player_C_0
	Function /Game/Player/Player/AG_PC_Player.AG_PC_Player_C:ExecuteUbergraph_AG_PC_Player:0179
[2017.06.16-17.38.15:826][829]LogScript:Warning: Accessed None trying to read property ThePawn
	AG_PC_Player_C /Engine/Transient.World_2:PersistentLevel.AG_PC_Player_C_0
	Function /Game/Player/Player/AG_PC_Player.AG_PC_Player_C:ExecuteUbergraph_AG_PC_Player:0179
[2017.06.16-17.38.15:826][829]LogScript:Warning: Accessed None trying to read property ThePawn
	AG_PC_Player_C /Engine/Transient.World_2:PersistentLevel.AG_PC_Player_C_0
	Function /Game/Player/Player/AG_PC_Player.AG_PC_Player_C:ExecuteUbergraph_AG_PC_Player:0179
[2017.06.16-17.38.15:840][830]LogScript:Warning: Accessed None trying to read property ThePawn
	AG_PC_Player_C /Engine/Transient.World_2:PersistentLevel.AG_PC_Player_C_0
	Function /Game/Player/Player/AG_PC_Player.AG_PC_Player_C:ExecuteUbergraph_AG_PC_Player:0179
[2017.06.16-17.38.15:840][830]LogScript:Warning: Accessed None trying to read property ThePawn
	AG_PC_Player_C /Engine/Transient.World_2:PersistentLevel.AG_PC_Player_C_0
	Function /Game/Player/Player/AG_PC_Player.AG_PC_Player_C:ExecuteUbergraph_AG_PC_Player:0179
[2017.06.16-17.38.15:855][831]LogScript:Warning: Accessed None trying to read property ThePawn
	AG_PC_Player_C /Engine/Transient.World_2:PersistentLevel.AG_PC_Player_C_0
	Function /Game/Player/Player/AG_PC_Player.AG_PC_Player_C:ExecuteUbergraph_AG_PC_Player:0179
[2017.06.16-17.38.15:855][831]LogScript:Warning: Accessed None trying to read property ThePawn
	AG_PC_Player_C /Engine/Transient.World_2:PersistentLevel.AG_PC_Player_C_0
	Function /Game/Player/Player/AG_PC_Player.AG_PC_Player_C:ExecuteUbergraph_AG_PC_Player:0179
[2017.06.16-17.38.15:868][832]LogScript:Warning: Accessed None trying to read property ThePawn
	AG_PC_Player_C /Engine/Transient.World_2:PersistentLevel.AG_PC_Player_C_0
	Function /Game/Player/Player/AG_PC_Player.AG_PC_Player_C:ExecuteUbergraph_AG_PC_Player:0179
[2017.06.16-17.38.17:224][906]Cmd: OBJ SAVEPACKAGE PACKAGE="/Game/Player/Player/AG_PC_Player" FILE="F:/Unreal/AncientGame/Content/Player/Player/AG_PC_Player.uasset" SILENT=true
[2017.06.16-17.38.17:477][906]LogSavePackage: Save=119.66ms
[2017.06.16-17.38.17:477][906]LogSavePackage: Moving 'F:/Unreal/AncientGame/Saved/AG_PC_Player4F72DB4547A9D7C92336E2AA01E44884.tmp' to 'F:/Unreal/AncientGame/Content/Player/Player/AG_PC_Player.uasset'
[2017.06.16-17.38.17:526][906]LogSavePackage:Display: Finished SavePackage F:/Unreal/AncientGame/Content/Player/Player/AG_PC_Player.uasset
[2017.06.16-17.38.21:089][109]Cmd: TRANSACTION UNDO
[2017.06.16-17.38.21:089][109]LogEditorTransaction: Undo Delete current selection
[2017.06.16-17.38.30:853][705]BlueprintLog: New page: Compile AG_PC_Player
[2017.06.16-17.38.30:873][705]LogBlueprint:Warning: [Compiler AG_PC_Player] Warning Could not find a variable named "SpringArm_CamHandle" in 'AG_PC_Player'.
Make sure 'AG_PC_Player' has been compiled for  Get SpringArm_CamHandle
[2017.06.16-17.38.30:874][705]LogBlueprint:Error: [Compiler AG_PC_Player] Error This blueprint (self) is not compatible with ' Target ', therefore that pin must have a connection.
[2017.06.16-17.38.30:874][705]LogBlueprint:Error: [Compiler AG_PC_Player] Error The property associated with  Spring Arm Cam Handle  could not be found
[2017.06.16-17.38.31:129][705]BlueprintEditorCompileResults:Warning: Warning Could not find a variable named "SpringArm_CamHandle" in 'AG_PC_Player'.
Make sure 'AG_PC_Player' has been compiled for  Get SpringArm_CamHandle
[2017.06.16-17.38.31:129][705]BlueprintEditorCompileResults:Error: Error This blueprint (self) is not compatible with ' Target ', therefore that pin must have a connection.
[2017.06.16-17.38.31:129][705]BlueprintEditorCompileResults:Error: Error The property associated with  Spring Arm Cam Handle  could not be found
[2017.06.16-17.38.31:130][705]LogBlueprint:Warning: [Compiler AG_PC_Player] Warning [1996.40] Compile of AG_PC_Player failed. 2 Fatal Issue(s) 1 Warning(s) [in 276 ms] (/Game/Player/Player/AG_PC_Player.AG_PC_Player)
[2017.06.16-17.38.31:626][735]Cmd: OBJ SAVEPACKAGE PACKAGE="/Game/Player/Player/AG_PC_Player" FILE="F:/Unreal/AncientGame/Content/Player/Player/AG_PC_Player.uasset" SILENT=true
[2017.06.16-17.38.31:663][735]LogSavePackage: Save=29.25ms
[2017.06.16-17.38.31:663][735]LogSavePackage: Moving 'F:/Unreal/AncientGame/Saved/AG_PC_Player18AAA3F74FFBD22FB6F76F8DC68A6895.tmp' to 'F:/Unreal/AncientGame/Content/Player/Player/AG_PC_Player.uasset'
[2017.06.16-17.38.31:665][735]LogSavePackage:Display: Finished SavePackage F:/Unreal/AncientGame/Content/Player/Player/AG_PC_Player.uasset
[2017.06.16-17.42.03:545][317]LogRenderer: Reallocating scene render targets to support 1224x712 NumSamples 1 (Frame:15041).
[2017.06.16-17.42.13:412][837]LogSlate:Warning: Prevented a slow task dialog from being summoned while a context menu was open
[2017.06.16-17.44.19:650][816]BlueprintLog: New page: Compile AG_Char_Player
[2017.06.16-17.44.20:590][835]Cmd: OBJ SAVEPACKAGE PACKAGE="/Game/Player/Player/AG_Char_Player" FILE="F:/Unreal/AncientGame/Content/Player/Player/AG_Char_Player.uasset" SILENT=true
[2017.06.16-17.44.20:650][835]LogSavePackage: Save=50.21ms
[2017.06.16-17.44.20:650][835]LogSavePackage: Moving 'F:/Unreal/AncientGame/Saved/AG_Char_Player11393D9045ED109DA720DEA5BDB9BA95.tmp' to 'F:/Unreal/AncientGame/Content/Player/Player/AG_Char_Player.uasset'
[2017.06.16-17.44.20:651][835]LogSavePackage:Display: Finished SavePackage F:/Unreal/AncientGame/Content/Player/Player/AG_Char_Player.uasset
[2017.06.16-17.45.26:503][300]BlueprintLog: New page: Compile AG_Char_Player
[2017.06.16-17.45.27:481][322]Cmd: OBJ SAVEPACKAGE PACKAGE="/Game/Player/Player/AG_Char_Player" FILE="F:/Unreal/AncientGame/Content/Player/Player/AG_Char_Player.uasset" SILENT=true
[2017.06.16-17.45.27:525][322]LogSavePackage: Save=35.30ms
[2017.06.16-17.45.27:525][322]LogSavePackage: Moving 'F:/Unreal/AncientGame/Saved/AG_Char_PlayerBFD9FC9C4BFCAD3ED2682FBC67D92F48.tmp' to 'F:/Unreal/AncientGame/Content/Player/Player/AG_Char_Player.uasset'
[2017.06.16-17.45.27:527][322]LogSavePackage:Display: Finished SavePackage F:/Unreal/AncientGame/Content/Player/Player/AG_Char_Player.uasset
[2017.06.16-17.45.32:463][587]LogEditorTransaction: Undo Rename Component Variable
[2017.06.16-17.45.32:507][587]LogActorComponent: ~FComponentReregisterContext: (/Engine/Transient.World_1:PersistentLevel.AG_Char_Player_C_1.CollisionCylinder) Component already registered.
[2017.06.16-17.45.32:510][587]LogActorComponent: ~FComponentReregisterContext: (/Engine/Transient.World_1:PersistentLevel.AG_Char_Player_C_1.Arrow) Component already registered.
[2017.06.16-17.45.32:511][587]LogActorComponent: ~FComponentReregisterContext: (/Engine/Transient.World_1:PersistentLevel.AG_Char_Player_C_1.CharMoveComp) Component already registered.
[2017.06.16-17.45.32:816][599]LogEditorTransaction: Undo Modify Component(s)
[2017.06.16-17.45.33:972][664]LogEditorTransaction: Undo Modify Component(s)
[2017.06.16-17.45.56:405][860]BlueprintLog: New page: Compile AG_Char_Player
[2017.06.16-17.45.56:412][860]LogUObjectGlobals:Warning: Guid referenced by CapsuleComponent /Engine/Transient.World_3:PersistentLevel.AG_Char_Player_C_2.CollisionCylinder is already used by CapsuleComponent /Engine/Transient.World_3:PersistentLevel.REINST_AG_Char_Player_C_2.CollisionCylinder, which should never happen in the editor but could happen at runtime with duplicate level loading or PIE
[2017.06.16-17.45.56:413][860]LogUObjectGlobals:Warning: Guid referenced by ArrowComponent /Engine/Transient.World_3:PersistentLevel.AG_Char_Player_C_2.Arrow is already used by ArrowComponent /Engine/Transient.World_3:PersistentLevel.REINST_AG_Char_Player_C_2.Arrow, which should never happen in the editor but could happen at runtime with duplicate level loading or PIE
[2017.06.16-17.45.56:413][860]LogUObjectGlobals:Warning: Guid referenced by CharacterMovementComponent /Engine/Transient.World_3:PersistentLevel.AG_Char_Player_C_2.CharMoveComp is already used by CharacterMovementComponent /Engine/Transient.World_3:PersistentLevel.REINST_AG_Char_Player_C_2.CharMoveComp, which should never happen in the editor but could happen at runtime with duplicate level loading or PIE
[2017.06.16-17.45.56:413][860]LogUObjectGlobals:Warning: Guid referenced by SkeletalMeshComponent /Engine/Transient.World_3:PersistentLevel.AG_Char_Player_C_2.CharacterMesh0 is already used by SkeletalMeshComponent /Engine/Transient.World_3:PersistentLevel.REINST_AG_Char_Player_C_2.CharacterMesh0, which should never happen in the editor but could happen at runtime with duplicate level loading or PIE
[2017.06.16-17.45.56:413][860]LogWorld: --- Actors Currently in /Engine/Transient.World_3:PersistentLevel ---
[2017.06.16-17.45.56:413][860]LogWorld:   /Engine/Transient.World_3:PersistentLevel.WorldSettings
[2017.06.16-17.45.56:413][860]LogWorld:   /Engine/Transient.World_3:PersistentLevel.Brush_3
[2017.06.16-17.45.56:413][860]LogWorld:   /Engine/Transient.World_3:PersistentLevel.DefaultPhysicsVolume_3
[2017.06.16-17.45.56:413][860]LogWorld:   /Engine/Transient.World_3:PersistentLevel.ParticleEventManager_3
[2017.06.16-17.45.56:413][860]LogWorld:   NONE
[2017.06.16-17.45.56:413][860]LogWorld:   NONE
[2017.06.16-17.45.56:413][860]LogWorld:   NONE
[2017.06.16-17.45.56:413][860]LogWorld:   NONE
[2017.06.16-17.45.56:413][860]LogWorld:   NONE
[2017.06.16-17.45.56:413][860]LogWorld:   /Engine/Transient.World_3:PersistentLevel.AG_Char_Player_C_15
[2017.06.16-17.45.56:413][860]LogWorld:   /Engine/Transient.World_3:PersistentLevel.AG_Char_Player_C_2
[2017.06.16-17.45.57:071][860]LogStats: FPlatformStackWalk::StackWalkAndDump -  0.632 s
[2017.06.16-17.45.57:071][860]LogOutputDevice:Error: === Handled ensure: ===
[2017.06.16-17.45.57:071][860]LogOutputDevice:Error: 
[2017.06.16-17.45.57:071][860]LogOutputDevice:Error: Ensure condition failed: false [File:D:\Build\++UE4+Release-4.15+Compile\Sync\Engine\Source\Runtime\Engine\Private\World.cpp] [Line: 1503]
[2017.06.16-17.45.57:071][860]LogOutputDevice:Error: Could not remove actor /Engine/Transient.World_3:PersistentLevel.REINST_AG_Char_Player_C_2 from world (check level is /Engine/Transient.World_3:PersistentLevel)
[2017.06.16-17.45.57:071][860]LogOutputDevice:Error: Stack: 
[2017.06.16-17.45.57:071][860]LogOutputDevice:Error: UE4Editor-Core.dll!0x00000000E62D95D6
[2017.06.16-17.45.57:071][860]LogOutputDevice:Error: UE4Editor-Core.dll!0x00000000E6089B72
[2017.06.16-17.45.57:071][860]LogOutputDevice:Error: UE4Editor-Core.dll!0x00000000E609B656
[2017.06.16-17.45.57:071][860]LogOutputDevice:Error: UE4Editor-Engine.dll!0x00000000D5E6CC18
[2017.06.16-17.45.57:071][860]LogOutputDevice:Error: UE4Editor-Engine.dll!0x00000000D556AF5D
[2017.06.16-17.45.57:071][860]LogOutputDevice:Error: UE4Editor-Engine.dll!0x00000000D556E7E3
[2017.06.16-17.45.57:071][860]LogOutputDevice:Error: UE4Editor-UnrealEd.dll!0x00000000DA5AB824
[2017.06.16-17.45.57:071][860]LogOutputDevice:Error: UE4Editor-UnrealEd.dll!0x00000000DA5AA308
[2017.06.16-17.45.57:071][860]LogOutputDevice:Error: UE4Editor-UnrealEd.dll!0x00000000DA5A436D
[2017.06.16-17.45.57:071][860]LogOutputDevice:Error: UE4Editor-UnrealEd.dll!0x00000000DA5A53F2
[2017.06.16-17.45.57:071][860]LogOutputDevice:Error: UE4Editor-UnrealEd.dll!0x00000000DA57689D
[2017.06.16-17.45.57:071][860]LogOutputDevice:Error: UE4Editor-Kismet.dll!0x00000000D42044FD
[2017.06.16-17.45.57:071][860]LogOutputDevice:Error: UE4Editor-Kismet.dll!0x00000000D4251941
[2017.06.16-17.45.57:071][860]LogOutputDevice:Error: UE4Editor-Kismet.dll!0x00000000D42563E6
[2017.06.16-17.45.57:071][860]LogOutputDevice:Error: UE4Editor-Slate.dll!0x00000000E0BE819F
[2017.06.16-17.45.57:071][860]LogOutputDevice:Error: UE4Editor-Slate.dll!0x00000000E0CDB530
[2017.06.16-17.45.57:071][860]LogOutputDevice:Error: UE4Editor-Slate.dll!0x00000000E0C4C7A2
[2017.06.16-17.45.57:071][860]LogOutputDevice:Error: UE4Editor-Slate.dll!0x00000000E0C4DBA9
[2017.06.16-17.45.57:071][860]LogOutputDevice:Error: UE4Editor-Slate.dll!0x00000000E0CBB689
[2017.06.16-17.45.57:071][860]LogOutputDevice:Error: UE4Editor-Slate.dll!0x00000000E0D6CF25
[2017.06.16-17.45.57:071][860]LogOutputDevice:Error: UE4Editor-Slate.dll!0x00000000E0D9A4AE
[2017.06.16-17.45.57:071][860]LogOutputDevice:Error: UE4Editor-Slate.dll!0x00000000E0BC411C
[2017.06.16-17.45.57:071][860]LogOutputDevice:Error: UE4Editor-Slate.dll!0x00000000E0B947F5
[2017.06.16-17.45.57:071][860]LogOutputDevice:Error: UE4Editor-Slate.dll!0x00000000E0C37193
[2017.06.16-17.45.57:071][860]LogOutputDevice:Error: UE4Editor-Slate.dll!0x00000000E0C21100
[2017.06.16-17.45.57:071][860]LogOutputDevice:Error: UE4Editor-Slate.dll!0x00000000E0C10211
[2017.06.16-17.45.57:071][860]LogOutputDevice:Error: UE4Editor-Core.dll!0x00000000E62CCDE9
[2017.06.16-17.45.57:071][860]LogOutputDevice:Error: UE4Editor-Core.dll!0x00000000E62B67B1
[2017.06.16-17.45.57:071][860]LogOutputDevice:Error: UE4Editor-Core.dll!0x00000000E62CEA0C
[2017.06.16-17.45.57:071][860]LogOutputDevice:Error: UE4Editor-Core.dll!0x00000000E62B26D9
[2017.06.16-17.45.57:071][860]LogOutputDevice:Error: USER32.dll!0x0000000077309BBD
[2017.06.16-17.45.57:071][860]LogOutputDevice:Error: USER32.dll!0x00000000773098C2
[2017.06.16-17.45.57:071][860]LogOutputDevice:Error: UE4Editor-Core.dll!0x00000000E62CF316
[2017.06.16-17.45.57:071][860]LogOutputDevice:Error: UE4Editor.exe!0x000000003F8AD790
[2017.06.16-17.45.57:071][860]LogOutputDevice:Error: UE4Editor.exe!0x000000003F89EB40
[2017.06.16-17.45.57:071][860]LogOutputDevice:Error: UE4Editor.exe!0x000000003F89EBBA
[2017.06.16-17.45.57:071][860]LogOutputDevice:Error: UE4Editor.exe!0x000000003F8B0A29
[2017.06.16-17.45.57:071][860]LogOutputDevice:Error: UE4Editor.exe!0x000000003F8B22B6
[2017.06.16-17.45.57:071][860]LogOutputDevice:Error: kernel32.dll!0x00000000774059CD
[2017.06.16-17.45.57:071][860]LogOutputDevice:Error: ntdll.dll!0x000000007753A561
[2017.06.16-17.45.57:071][860]LogOutputDevice:Error: 
[2017.06.16-17.45.57:072][860]LogStats:                SubmitErrorReport -  0.000 s
