Log file open, 06/18/17 01:54:43
LogInit:Display: Running engine for game: AncientGame
LogPlatformFile: Not using cached read wrapper
LogInit:Display: RandInit(109072033) SRandInit(109072033).
LogTaskGraph: Started task graph with 5 named threads and 6 total threads with 1 sets of task threads.
LogStats: Stats thread started at 0.068052
LogInit: Using libcurl 7.47.1
LogInit:  - built for x86_64-pc-win32
LogInit:  - supports SSL with OpenSSL/1.0.2g
LogInit:  - supports HTTP deflate (compression) using libz 1.2.8
LogInit:  - other features:
LogInit:      CURL_VERSION_SSL
LogInit:      CURL_VERSION_LIBZ
LogInit:      CURL_VERSION_IPV6
LogInit:      CURL_VERSION_ASYNCHDNS
LogInit:      CURL_VERSION_LARGEFILE
LogInit:      CURL_VERSION_IDN
LogInit:  CurlRequestOptions (configurable via config and command line):
LogInit:  - bVerifyPeer = false  - Libcurl will NOT verify peer certificate
LogInit:  - bUseHttpProxy = false  - Libcurl will NOT use HTTP proxy
LogInit:  - bDontReuseConnections = false  - Libcurl will reuse connections
LogInit:  - CertBundlePath = nullptr  - Libcurl will use whatever was configured at build time.
LogInit: Build: ++UE4+Release-4.15-CL-3299760
LogInit: Engine Version: 4.15.0-3299760+++UE4+Release-4.15
LogInit: Compatible Engine Version: 4.15.0-3299760+++UE4+Release-4.15
LogInit: Net CL: 3299760
LogDevObjectVersion: Number of dev versions registered: 14
LogDevObjectVersion:   Dev-Blueprints (B0D832E4-1F89-4F0D-ACCF-7EB736FD4AA2): 8
LogDevObjectVersion:   Dev-Build (E1C64328-A22C-4D53-A36C-8E866417BD8C): 0
LogDevObjectVersion:   Dev-Core (375EC13C-06E4-48FB-B500-84F0262A717E): 2
LogDevObjectVersion:   Dev-Editor (E4B068ED-F494-42E9-A231-DA0B2E46BB41): 14
LogDevObjectVersion:   Dev-Framework (CFFC743F-43B0-4480-9391-14DF171D2073): 22
LogDevObjectVersion:   Dev-Mobile (B02B49B5-BB20-44E9-A304-32B752E40360): 0
LogDevObjectVersion:   Dev-Networking (A4E4105C-59A1-49B5-A7C5-40C4547EDFEE): 0
LogDevObjectVersion:   Dev-Online (39C831C9-5AE6-47DC-9A44-9C173E1C8E7C): 0
LogDevObjectVersion:   Dev-Physics (78F01B33-EBEA-4F98-B9B4-84EACCB95AA2): 0
LogDevObjectVersion:   Dev-Platform (6631380F-2D4D-43E0-8009-CF276956A95A): 0
LogDevObjectVersion:   Dev-Rendering (12F88B9F-8875-4AFC-A67C-D90C383ABD29): 12
LogDevObjectVersion:   Dev-Sequencer (7B5AE74C-D270-4C10-A958-57980B212A5A): 3
LogDevObjectVersion:   Dev-VR (D7296918-1DD6-4BDD-9DE2-64A83CC13884): 0
LogDevObjectVersion:   Dev-LoadTimes (C2A15278-BFE7-4AFE-6C17-90FF531DF755): 1
LogInit: Compiled (64-bit): Feb 14 2017 02:04:14
LogInit: Compiled with Visual C++: 19.00.23026.00
LogInit: Build Configuration: Development
LogInit: Branch Name: ++UE4+Release-4.15
LogInit: Command line: 
LogInit: Base directory: E:/Program Files/Epic Games/UE_4.15/Engine/Binaries/Win64/
LogInit: Installed Engine Build: 1
LogInit: Presizing for max 8388607 objects, including 0 objects not considered by GC, pre-allocating 0 bytes for permanent pool.
LogInit: Object subsystem initialized
[2017.06.17-20.24.45:250][  0]LogInit: Selected Device Profile: [Windows]
[2017.06.17-20.24.45:250][  0]LogInit: Applying CVar settings loaded from the selected device profile: [Windows]
[2017.06.17-20.24.45:319][  0]LogInit: Computer: DEMIGOD-PC
[2017.06.17-20.24.45:319][  0]LogInit: User: Demigod
[2017.06.17-20.24.45:319][  0]LogInit: CPU Page size=65536, Cores=2
[2017.06.17-20.24.45:319][  0]LogInit: High frequency timer resolution =2.825654 MHz
[2017.06.17-20.24.45:319][  0]LogMemory: Memory total: Physical=4.0GB (4GB approx)
[2017.06.17-20.24.45:319][  0]LogMemory: Platform Memory Stats for Windows
[2017.06.17-20.24.45:319][  0]LogMemory: Process Physical Memory: 264.58 MB used, 264.58 MB peak
[2017.06.17-20.24.45:319][  0]LogMemory: Process Virtual Memory: 263.96 MB used, 263.96 MB peak
[2017.06.17-20.24.45:319][  0]LogMemory: Physical Memory: 2981.32 MB used,  1078.56 MB free, 4059.88 MB total
[2017.06.17-20.24.45:319][  0]LogMemory: Virtual Memory: 632.62 MB used,  1078.56 MB free, 8388608.00 MB total
[2017.06.17-20.24.45:454][  0]LogTextLocalizationManager: No specific translations for ('en-US') exist, so ('en') translations will be used.
[2017.06.17-20.24.46:436][  0]LogD3D11RHI: D3D11 adapters:
[2017.06.17-20.24.46:464][  0]LogD3D11RHI:    0. 'NVIDIA GeForce GTX 970' (Feature Level 11_0)
[2017.06.17-20.24.46:464][  0]LogD3D11RHI:       4008/0/1773 MB DedicatedVideo/DedicatedSystem/SharedSystem, Outputs:1, VendorId:0x10de
[2017.06.17-20.24.46:464][  0]LogD3D11RHI: Chosen D3D11 Adapter: 0
[2017.06.17-20.24.46:469][  0]LogD3D11RHI: Creating new Direct3DDevice
[2017.06.17-20.24.46:469][  0]LogD3D11RHI:     GPU DeviceId: 0x13c2 (for the marketing name, search the web for "GPU Device Id")
[2017.06.17-20.24.46:469][  0]LogWindows: EnumDisplayDevices:
[2017.06.17-20.24.46:470][  0]LogWindows:    0. 'NVIDIA GeForce GTX 970' (P:1 D:1)
[2017.06.17-20.24.46:470][  0]LogWindows:    1. 'NVIDIA GeForce GTX 970' (P:0 D:0)
[2017.06.17-20.24.46:470][  0]LogWindows:    2. 'NVIDIA GeForce GTX 970' (P:0 D:0)
[2017.06.17-20.24.46:470][  0]LogWindows:    3. 'NVIDIA GeForce GTX 970' (P:0 D:0)
[2017.06.17-20.24.46:470][  0]LogWindows:    4. 'RDPDD Chained DD' (P:0 D:0)
[2017.06.17-20.24.46:470][  0]LogWindows:    5. 'RDP Encoder Mirror Driver' (P:0 D:0)
[2017.06.17-20.24.46:470][  0]LogWindows:    6. 'RDP Reflector Display Driver' (P:0 D:0)
[2017.06.17-20.24.46:470][  0]LogWindows: DebugString: GetVideoDriverDetailsInvalid PrimaryIsNotTheChoosenAdapter GetVideoDriverDetailsInvalid PrimaryIsNotTheChoosenAdapter GetVideoDriverDetailsInvalid PrimaryIsNotTheChoosenAdapter FoundDriverCount:4 
[2017.06.17-20.24.46:470][  0]LogD3D11RHI:     Adapter Name: NVIDIA GeForce GTX 970
[2017.06.17-20.24.46:470][  0]LogD3D11RHI:   Driver Version: 382.33 (internal:22.21.13.8233, unified:382.33)
[2017.06.17-20.24.46:470][  0]LogD3D11RHI:      Driver Date: 5-17-2017
[2017.06.17-20.24.46:470][  0]LogRHI: Texture pool is 1361 MB (70% of 1945 MB)
[2017.06.17-20.24.46:484][  0]LogD3D11RHI: Async texture creation enabled
[2017.06.17-20.24.46:501][  0]LogD3D11RHI: GPU Timing Frequency: 1000.000000 (Debug: 2 2)
[2017.06.17-20.24.46:549][  0]LogShaderCompilers: Guid format shader working directory is 27 characters bigger than the processId version (F:/Unreal/AncientGame/Intermediate/Shaders/WorkingDirectory/4892/).
[2017.06.17-20.24.46:549][  0]LogShaderCompilers: Cleaned the shader compiler working directory 'C:/Users/Demigod/AppData/Local/Temp/UnrealShaderWorkingDir/4FB3E48544B5B8A3BF11D1A6146AF590/'.
[2017.06.17-20.24.46:549][  0]LogShaderCompilers:Display: Using Local Shader Compiler.
[2017.06.17-20.24.47:952][  0]LogTemp:Display: Loaded TP AllDesktopTargetPlatform
[2017.06.17-20.24.48:014][  0]LogTemp:Display: Loaded TP MacClientTargetPlatform
[2017.06.17-20.24.48:076][  0]LogTemp:Display: Loaded TP MacNoEditorTargetPlatform
[2017.06.17-20.24.48:138][  0]LogTemp:Display: Loaded TP MacServerTargetPlatform
[2017.06.17-20.24.48:201][  0]LogTemp:Display: Loaded TP MacTargetPlatform
[2017.06.17-20.24.48:263][  0]LogTemp:Display: Loaded TP WindowsClientTargetPlatform
[2017.06.17-20.24.48:325][  0]LogTemp:Display: Loaded TP WindowsNoEditorTargetPlatform
[2017.06.17-20.24.48:387][  0]LogTemp:Display: Loaded TP WindowsServerTargetPlatform
[2017.06.17-20.24.48:436][  0]LogTemp:Display: Loaded TP WindowsTargetPlatform
[2017.06.17-20.24.48:497][  0]LogTemp:Display: Loaded TP AndroidTargetPlatform
[2017.06.17-20.24.48:559][  0]LogTemp:Display: Loaded TP Android_ASTCTargetPlatform
[2017.06.17-20.24.48:620][  0]LogTemp:Display: Loaded TP Android_ATCTargetPlatform
[2017.06.17-20.24.48:681][  0]LogTemp:Display: Loaded TP Android_DXTTargetPlatform
[2017.06.17-20.24.48:744][  0]LogTemp:Display: Loaded TP Android_ETC1TargetPlatform
[2017.06.17-20.24.48:806][  0]LogTemp:Display: Loaded TP Android_ETC2TargetPlatform
[2017.06.17-20.24.48:937][  0]LogTemp:Display: Loaded TP Android_MultiTargetPlatform
[2017.06.17-20.24.48:937][  0]LogTemp:Display: Loaded TP Android_PVRTCTargetPlatform
[2017.06.17-20.24.48:979][  0]LogTemp:Display: Loaded TP HTML5TargetPlatform
[2017.06.17-20.24.49:084][  0]LogTemp:Display: Loaded TP IOSTargetPlatform
[2017.06.17-20.24.49:124][  0]LogTemp:Display: Loaded TP TVOSTargetPlatform
[2017.06.17-20.24.49:207][  0]LogTemp:Display: Loaded TP LinuxClientTargetPlatform
[2017.06.17-20.24.49:281][  0]LogTemp:Display: Loaded TP LinuxNoEditorTargetPlatform
[2017.06.17-20.24.49:349][  0]LogTemp:Display: Loaded TP LinuxServerTargetPlatform
[2017.06.17-20.24.49:411][  0]LogTemp:Display: Loaded TP LinuxTargetPlatform
[2017.06.17-20.24.49:411][  0]LogTargetPlatformManager:Display: Building Assets For Windows
[2017.06.17-20.24.49:844][  0]LogDerivedDataCache:Display: Max Cache Size: 512 MB
[2017.06.17-20.24.49:904][  0]LogDerivedDataCache: Loaded boot cache 0.06s 50MB C:/Users/Demigod/AppData/Local/UnrealEngine/4.15/DerivedDataCache/Boot.ddc.
[2017.06.17-20.24.49:905][  0]LogDerivedDataCache:Display: Loaded Boot cache: C:/Users/Demigod/AppData/Local/UnrealEngine/4.15/DerivedDataCache/Boot.ddc
[2017.06.17-20.24.49:905][  0]LogDerivedDataCache: FDerivedDataBackendGraph:  Pak pak cache file F:/Unreal/AncientGame/DerivedDataCache/DDC.ddp not found, will not use a pak cache.
[2017.06.17-20.24.49:905][  0]LogDerivedDataCache: Unable to find inner node Pak for hierarchical cache Hierarchy.
[2017.06.17-20.24.49:905][  0]LogDerivedDataCache: FDerivedDataBackendGraph:  CompressedPak pak cache file F:/Unreal/AncientGame/DerivedDataCache/Compressed.ddp not found, will not use a pak cache.
[2017.06.17-20.24.49:905][  0]LogDerivedDataCache: Unable to find inner node CompressedPak for hierarchical cache Hierarchy.
[2017.06.17-20.24.49:928][  0]LogDerivedDataCache:Display: Pak cache opened for reading ../../../Engine/DerivedDataCache/Compressed.ddp.
[2017.06.17-20.24.49:941][  0]LogDerivedDataCache: Using Local data cache path C:/Users/Demigod/AppData/Local/UnrealEngine/Common/DerivedDataCache: Writable
[2017.06.17-20.24.49:952][  0]LogSlate: Using Freetype 2.6.0
[2017.06.17-20.24.49:954][  0]LogSlate: SlateFontCache - WITH_FREETYPE: 1, WITH_HARFBUZZ: 1
[2017.06.17-20.24.49:954][  0]LogSlate: SlateFontCache - WITH_FREETYPE: 1, WITH_HARFBUZZ: 1
[2017.06.17-20.24.50:379][  0]LogInit: Selected Device Profile: [Windows]
[2017.06.17-20.24.50:383][  0]LogContentStreaming: Texture pool size is 0.00 MB
[2017.06.17-20.24.50:650][  0]LogMeshUtilities: Using QuadricMeshReduction for automatic static mesh reduction
[2017.06.17-20.24.50:700][  0]LogSimplygon: Simplygon DLL not present - disabling.
[2017.06.17-20.24.50:750][  0]LogMeshUtilities: Using SimplygonSwarm for distributed automatic mesh merging
[2017.06.17-20.24.50:750][  0]LogMeshUtilities: No automatic skeletal mesh reduction module available
[2017.06.17-20.24.50:750][  0]LogMeshUtilities: No automatic mesh merging module available
[2017.06.17-20.24.51:480][  0]LogNetVersion: GetLocalNetworkVersion: CL: 3299760, ProjectName: ancientgame, ProjectVersion: , EngineNetworkVersion: 2, GameNetworkVersion: 0, NetworkChecksum: 451849076
[2017.06.17-20.24.51:525][  0]LogAssetRegistry: FAssetRegistry took 0.0197 seconds to start up
[2017.06.17-20.24.51:699][  0]LogPackageLocalizationCache: Processed 3 localized package path(s) for 2 prioritized culture(s) in 0.154901 seconds
[2017.06.17-20.24.51:708][  0]LogUObjectArray: 32475 objects as part of root set at end of initial load.
[2017.06.17-20.24.51:708][  0]LogUObjectAllocator: 7073368 out of 0 bytes used by permanent object pool.
[2017.06.17-20.24.51:708][  0]LogUObjectArray: CloseDisregardForGC: 0/0 objects in disregard for GC pool
[2017.06.17-20.24.51:769][  0]LogInit: WinSock: version 1.1 (2.2), MaxSocks=32767, MaxUdp=65467
[2017.06.17-20.24.54:272][  0]LogTcpMessaging: Initializing TcpMessaging bridge
[2017.06.17-20.24.54:307][  0]LogUdpMessaging: Initializing bridge on interface 0.0.0.0:0 to multicast group 230.0.0.1:6666.
[2017.06.17-20.24.54:837][  0]LogMaterial: Uniform references updated for custom material expression Custom.
[2017.06.17-20.24.55:300][  0]SourceControl: Info Source control is disabled
[2017.06.17-20.24.55:349][  0]SourceControl: Info Source control is disabled
[2017.06.17-20.24.55:400][  0]SourceControl: Info Source control is disabled
[2017.06.17-20.24.55:452][  0]SourceControl: Info Source control is disabled
[2017.06.17-20.24.56:806][  0]LogEngine: Initializing Engine...
[2017.06.17-20.24.56:807][  0]LogHMD: Failed to initialize OpenVR with code 110
[2017.06.17-20.24.57:118][  0]LogAIModule: Creating AISystem for world Untitled
[2017.06.17-20.24.57:134][  0]LogInit: XAudio2 using 'Speakers (Realtek High Definition Audio)' : 2 channels at 48 kHz using 32 bits per sample (channel mask 0x3)
[2017.06.17-20.24.57:163][  0]LogInit: FAudioDevice initialized.
[2017.06.17-20.24.57:198][  0]LogDerivedDataCache: Saved boot cache 0.04s 50MB C:/Users/Demigod/AppData/Local/UnrealEngine/4.15/DerivedDataCache/Boot.ddc.
[2017.06.17-20.24.57:205][  0]LogInit: Texture streaming: Enabled
[2017.06.17-20.24.57:302][  0]LogEngineSessionManager: EngineSessionManager initialized
[2017.06.17-20.24.57:400][  0]LogInit: Transaction tracking system initialized
[2017.06.17-20.24.57:755][  0]BlueprintLog: New page: Editor Load
[2017.06.17-20.24.58:749][  0]LocalizationService: Info Localization service is disabled
[2017.06.17-20.24.59:451][  0]LogConsoleResponse:Display: 
[2017.06.17-20.24.59:625][  0]LogCook:Display: Max memory allowance for cook 16384mb min free memory 0mb
[2017.06.17-20.24.59:625][  0]LogCook:Display: Mobile HDR setting 1
[2017.06.17-20.25.00:007][  0]LogFileCache: Scanning file cache for directory 'F:/Unreal/AncientGame/Content/' took 0.01s
[2017.06.17-20.25.00:689][  0]SourceControl: Info Source control is disabled
[2017.06.17-20.25.00:689][  0]Cmd: MAP LOAD FILE="../../../Engine/Content/Maps/Templates/Template_Default.umap" TEMPLATE=1 SHOWPROGRESS=1 FEATURELEVEL=3
[2017.06.17-20.25.00:690][  0]LightingResults: New page: Lighting Build
[2017.06.17-20.25.00:732][  0]MapCheck: New page: Map Check
[2017.06.17-20.25.00:732][  0]LightingResults: New page: Lighting Build
[2017.06.17-20.25.00:965][  0]LogAIModule: Creating AISystem for world Untitled_1
[2017.06.17-20.25.00:966][  0]LogActorComponent: RegisterComponentWithWorld: (/Temp/Untitled_1.Untitled_1:PersistentLevel.WorldSettings_1.StaticMeshComponent0) Trying to register component with IsPendingKill() == true. Aborting.
[2017.06.17-20.25.00:972][  0]LogEditorServer: Finished looking for orphan Actors (0.000 secs)
[2017.06.17-20.25.00:976][  0]Cmd: MAP CHECKDEP NOCLEARLOG
[2017.06.17-20.25.01:074][  0]MapCheck: Info Map check complete: 0 Error(s), 0 Warning(s), took 97.743ms to complete.
[2017.06.17-20.25.01:074][  0]LogFileHelpers: Loading map 'Template_Default' took 0.385
[2017.06.17-20.25.01:451][  0]LogCollectionManager: Loaded 0 collections in 0.001761 seconds
[2017.06.17-20.25.01:534][  0]LogFileCache: Scanning file cache for directory 'F:/Unreal/AncientGame/Saved/Collections/' took 0.01s
[2017.06.17-20.25.01:534][  0]LogFileCache: Scanning file cache for directory 'F:/Unreal/AncientGame/Content/Developers/Demigod/Collections/' took 0.01s
[2017.06.17-20.25.01:534][  0]LogFileCache: Scanning file cache for directory 'F:/Unreal/AncientGame/Content/Collections/' took 0.01s
[2017.06.17-20.25.01:534][  0]LogCollectionManager: Rebuilt the GUID cache for 0 collections in 0.000002 seconds
[2017.06.17-20.25.01:546][  0]LogContentBrowser: Native class hierarchy populated in 0.0116 seconds. Added 2251 classes and 452 folders.
[2017.06.17-20.25.01:550][  0]LogStats: UGameplayTagsManager::ConstructGameplayTagTree: Construct from data asset -  0.000 s
[2017.06.17-20.25.01:550][  0]LogStats: UGameplayTagsManager::ConstructGameplayTagTree: GameplayTagTreeChangedEvent.Broadcast -  0.000 s
[2017.06.17-20.25.01:610][  0]LogContentBrowser: Native class hierarchy updated for 'WidgetCarousel' in 0.0006 seconds. Added 0 classes and 0 folders.
[2017.06.17-20.25.02:798][  0]LogContentBrowser: Native class hierarchy updated for 'AddContentDialog' in 0.0011 seconds. Added 0 classes and 0 folders.
[2017.06.17-20.25.02:926][  0]LogContentBrowser: Native class hierarchy updated for 'SceneOutliner' in 0.0007 seconds. Added 1 classes and 2 folders.
[2017.06.17-20.25.03:045][  0]LogCrashTracker: Crashtracker disabled due to settings.
[2017.06.17-20.25.03:055][  0]LogUObjectGlobals:Warning: Failed to find object 'Class None.'
[2017.06.17-20.25.03:125][  0]LogContentBrowser: Native class hierarchy updated for 'HierarchicalLODOutliner' in 0.0007 seconds. Added 1 classes and 2 folders.
[2017.06.17-20.25.03:125][  0]LogLoad: (Engine Initialization) Total time: 21.21 seconds
[2017.06.17-20.25.03:125][  0]LogLoad: (Engine Initialization) Total Blueprint compile time: 0.13 seconds
[2017.06.17-20.25.03:125][  0]LogExternalProfiler: Found external profiler: VSPerf
[2017.06.17-20.25.03:125][  0]LogExternalProfiler: Using external profiler: VSPerf
[2017.06.17-20.25.03:464][  0]LogOcInput: OculusInput pre-init called
[2017.06.17-20.25.03:488][  0]LogContentStreaming: Texture pool size now 1000 MB
[2017.06.17-20.25.03:491][  0]LogSlate: Took 0.001162 seconds to synchronously load lazily loaded font '../../../Engine/Content/Slate/Fonts/Roboto-Regular.ttf' (155K)
[2017.06.17-20.25.03:499][  0]LogSlate: Took 0.001262 seconds to synchronously load lazily loaded font '../../../Engine/Content/Slate/Fonts/Roboto-Bold.ttf' (160K)
[2017.06.17-20.25.03:530][  0]LogSlate: Took 0.018293 seconds to synchronously load lazily loaded font '../../../Engine/Content/Editor/Slate/Fonts/FontAwesome.ttf' (139K)
[2017.06.17-20.25.03:934][  0]LogRenderer: Reallocating scene render targets to support 1208x576 NumSamples 1 (Frame:2).
[2017.06.17-20.25.04:377][  2]LogAssetRegistry: Asset discovery search completed in 12.8715 seconds
[2017.06.17-20.25.04:377][  2]LogCollectionManager: Rebuilt the object cache for 0 collections in 0.000008 seconds (found 0 objects)
[2017.06.17-20.25.04:377][  2]LogCollectionManager: Fixed up redirectors for 0 collections in 0.000055 seconds (updated 0 objects)
[2017.06.17-20.25.08:160][ 13]LogSlate: Took 0.062248 seconds to synchronously load lazily loaded font '../../../Engine/Content/Slate/Fonts/Roboto-Light.ttf' (159K)
[2017.06.17-20.25.36:021][499]Cmd: MAP LOAD FILE="F:/Unreal/AncientGame/Content/Maps/PlainOldSchool.umap" TEMPLATE=0 SHOWPROGRESS=1 FEATURELEVEL=3
[2017.06.17-20.25.36:025][499]LogSlate: Took 0.000280 seconds to synchronously load lazily loaded font '../../../Engine/Content/Slate/Fonts/Roboto-Light.ttf' (159K)
[2017.06.17-20.25.36:050][499]LightingResults: New page: Lighting Build
[2017.06.17-20.25.36:053][499]LoadErrors: New page: Loading map: PlainOldSchool.umap
[2017.06.17-20.25.36:078][499]MapCheck: New page: Map Check
[2017.06.17-20.25.36:078][499]LightingResults: New page: Lighting Build
[2017.06.17-20.25.36:263][499]LogAIModule: Creating AISystem for world PlainOldSchool
[2017.06.17-20.25.36:301][499]LogEditorServer: Finished looking for orphan Actors (0.000 secs)
[2017.06.17-20.25.36:346][499]Cmd: MAP CHECKDEP NOCLEARLOG
[2017.06.17-20.25.36:427][499]MapCheck: Info Map check complete: 0 Error(s), 0 Warning(s), took 81.149ms to complete.
[2017.06.17-20.25.36:427][499]LogFileHelpers: Loading map 'PlainOldSchool' took 0.407
[2017.06.17-20.25.43:608][ 85]LogSlate: Took 0.000271 seconds to synchronously load lazily loaded font '../../../Engine/Content/Slate/Fonts/Roboto-Regular.ttf' (155K)
[2017.06.17-20.25.43:752][ 85]LogContentBrowser: Native class hierarchy updated for 'BlueprintGraph' in 0.0012 seconds. Added 112 classes and 0 folders.
[2017.06.17-20.25.44:895][ 85]LogScript:Warning: Accessed None trying to read property TheCharacter
	AG_PC_Player_C /Engine/Transient.World_0:PersistentLevel.AG_PC_Player_C_0
	Function /Game/Player/Player/AG_PC_Player.AG_PC_Player_C:ExecuteUbergraph_AG_PC_Player:0E7F
[2017.06.17-20.25.44:895][ 85]LogScript:Warning: Accessed None trying to read property TheCharacter
	AG_PC_Player_C /Engine/Transient.World_0:PersistentLevel.AG_PC_Player_C_0
	Function /Game/Player/Player/AG_PC_Player.AG_PC_Player_C:ExecuteUbergraph_AG_PC_Player:0943
[2017.06.17-20.25.44:895][ 85]LogScript:Warning: Accessed None
	AG_PC_Player_C /Engine/Transient.World_0:PersistentLevel.AG_PC_Player_C_0
	Function /Game/Player/Player/AG_PC_Player.AG_PC_Player_C:ExecuteUbergraph_AG_PC_Player:0958
[2017.06.17-20.25.44:895][ 85]LogScript:Warning: Accessed None trying to read property TheCharacter
	AG_PC_Player_C /Engine/Transient.World_0:PersistentLevel.AG_PC_Player_C_0
	Function /Game/Player/Player/AG_PC_Player.AG_PC_Player_C:ExecuteUbergraph_AG_PC_Player:098B
[2017.06.17-20.25.44:895][ 85]LogScript:Warning: Accessed None
	AG_PC_Player_C /Engine/Transient.World_0:PersistentLevel.AG_PC_Player_C_0
	Function /Game/Player/Player/AG_PC_Player.AG_PC_Player_C:ExecuteUbergraph_AG_PC_Player:09A0
[2017.06.17-20.25.44:895][ 85]LogScript:Warning: Accessed None trying to read property TheCharacter
	AG_PC_Player_C /Engine/Transient.World_0:PersistentLevel.AG_PC_Player_C_0
	Function /Game/Player/Player/AG_PC_Player.AG_PC_Player_C:ExecuteUbergraph_AG_PC_Player:09D2
[2017.06.17-20.25.44:895][ 85]LogScript:Warning: Accessed None trying to read property TheCharacter
	AG_PC_Player_C /Engine/Transient.World_0:PersistentLevel.AG_PC_Player_C_0
	Function /Game/Player/Player/AG_PC_Player.AG_PC_Player_C:ExecuteUbergraph_AG_PC_Player:0A2F
[2017.06.17-20.25.44:895][ 85]LogScript:Warning: Accessed None
	AG_PC_Player_C /Engine/Transient.World_0:PersistentLevel.AG_PC_Player_C_0
	Function /Game/Player/Player/AG_PC_Player.AG_PC_Player_C:ExecuteUbergraph_AG_PC_Player:0A44
[2017.06.17-20.25.44:895][ 85]LogScript:Warning: Accessed None trying to read property TheCharacter
	AG_PC_Player_C /Engine/Transient.World_0:PersistentLevel.AG_PC_Player_C_0
	Function /Game/Player/Player/AG_PC_Player.AG_PC_Player_C:ExecuteUbergraph_AG_PC_Player:0A8C
[2017.06.17-20.25.44:895][ 85]LogScript:Warning: Accessed None
	AG_PC_Player_C /Engine/Transient.World_0:PersistentLevel.AG_PC_Player_C_0
	Function /Game/Player/Player/AG_PC_Player.AG_PC_Player_C:ExecuteUbergraph_AG_PC_Player:0AA1
[2017.06.17-20.25.44:895][ 85]LogScript:Warning: Accessed None trying to read property TheCharacter
	AG_PC_Player_C /Engine/Transient.World_0:PersistentLevel.AG_PC_Player_C_0
	Function /Game/Player/Player/AG_PC_Player.AG_PC_Player_C:ExecuteUbergraph_AG_PC_Player:0AD4
[2017.06.17-20.25.44:895][ 85]LogScript:Warning: Accessed None
	AG_PC_Player_C /Engine/Transient.World_0:PersistentLevel.AG_PC_Player_C_0
	Function /Game/Player/Player/AG_PC_Player.AG_PC_Player_C:ExecuteUbergraph_AG_PC_Player:0AE9
[2017.06.17-20.25.44:895][ 85]LogScript:Warning: Accessed None trying to read property TheCharacter
	AG_PC_Player_C /Engine/Transient.World_0:PersistentLevel.AG_PC_Player_C_0
	Function /Game/Player/Player/AG_PC_Player.AG_PC_Player_C:ExecuteUbergraph_AG_PC_Player:0C76
[2017.06.17-20.25.44:896][ 85]LogScript:Warning: Accessed None
	AG_PC_Player_C /Engine/Transient.World_0:PersistentLevel.AG_PC_Player_C_0
	Function /Game/Player/Player/AG_PC_Player.AG_PC_Player_C:ExecuteUbergraph_AG_PC_Player:0C8B
[2017.06.17-20.25.44:896][ 85]LogScript:Warning: Accessed None trying to read property TheCharacter
	AG_PC_Player_C /Engine/Transient.World_0:PersistentLevel.AG_PC_Player_C_0
	Function /Game/Player/Player/AG_PC_Player.AG_PC_Player_C:ExecuteUbergraph_AG_PC_Player:0E7F
[2017.06.17-20.25.44:896][ 85]LogScript:Warning: Accessed None trying to read property TheCharacter
	AG_PC_Player_C /Engine/Transient.World_0:PersistentLevel.AG_PC_Player_C_0
	Function /Game/Player/Player/AG_PC_Player.AG_PC_Player_C:ExecuteUbergraph_AG_PC_Player:0943
[2017.06.17-20.25.44:896][ 85]LogScript:Warning: Accessed None
	AG_PC_Player_C /Engine/Transient.World_0:PersistentLevel.AG_PC_Player_C_0
	Function /Game/Player/Player/AG_PC_Player.AG_PC_Player_C:ExecuteUbergraph_AG_PC_Player:0958
[2017.06.17-20.25.44:910][ 85]LogSlate: Took 0.009336 seconds to synchronously load lazily loaded font '../../../Engine/Content/Editor/Slate/Fonts/Roboto-BoldCondensed.ttf' (158K)
[2017.06.17-20.25.45:500][ 86]LogSlate: Took 0.019184 seconds to synchronously load lazily loaded font '../../../Engine/Content/Editor/Slate/Fonts/Roboto-Italic.ttf' (157K)
[2017.06.17-20.25.57:682][565]LogTemp: Repeting last play command: Selected Viewport
[2017.06.17-20.25.57:707][565]LogPlayLevel: PlayLevel: No blueprints needed recompiling
[2017.06.17-20.25.57:708][565]PIE: New page: PIE session: PlainOldSchool (Jun 18, 2017, 7:25:57 AM)
[2017.06.17-20.25.57:708][565]LogPlayLevel: Creating play world package: /Game/Maps/UEDPIE_0_PlainOldSchool
[2017.06.17-20.25.57:715][565]LogPlayLevel: PIE: StaticDuplicateObject took: (0.006925s)
[2017.06.17-20.25.57:715][565]LogAIModule: Creating AISystem for world PlainOldSchool
[2017.06.17-20.25.57:716][565]LogPlayLevel: PIE: World Init took: (0.000848s)
[2017.06.17-20.25.57:716][565]LogPlayLevel: PIE: Created PIE world by copying editor world from /Game/Maps/PlainOldSchool.PlainOldSchool to /Game/Maps/UEDPIE_0_PlainOldSchool.PlainOldSchool (0.008059s)
[2017.06.17-20.25.57:762][565]LogInit: XAudio2 using 'Speakers (Realtek High Definition Audio)' : 2 channels at 48 kHz using 32 bits per sample (channel mask 0x3)
[2017.06.17-20.25.57:770][565]LogInit: FAudioDevice initialized.
[2017.06.17-20.25.58:267][565]LogLoad: Game class is 'Ancient_Player_GameMode_C'
[2017.06.17-20.25.58:269][565]LogWorld: Bringing World /Game/Maps/UEDPIE_0_PlainOldSchool.PlainOldSchool up for play (max tick rate 0) at 2017.06.18-01.55.58
[2017.06.17-20.25.58:269][565]LogWorld: Bringing up level for play took: 0.001355
[2017.06.17-20.25.58:313][565]LogContentBrowser: Native class hierarchy updated for 'MovieSceneCapture' in 0.0007 seconds. Added 11 classes and 0 folders.
[2017.06.17-20.25.58:313][565]LogGameMode:Display: Match State Changed from EnteringMap to WaitingToStart
[2017.06.17-20.25.58:313][565]LogGameState: Match State Changed from EnteringMap to WaitingToStart
[2017.06.17-20.25.58:313][565]LogGameMode:Display: Match State Changed from WaitingToStart to InProgress
[2017.06.17-20.25.58:316][565]LogGameState: Match State Changed from WaitingToStart to InProgress
[2017.06.17-20.25.58:316][565]PIE: Info Play in editor start time for /Game/Maps/UEDPIE_0_PlainOldSchool 0.655
[2017.06.17-20.26.16:421][302]LogCharacterMovement: AG_Char_Player_C_0 is stuck and failed to move! Velocity: X=-7.52 Y=599.95 Z=0.00 Location: X=-484.89 Y=-5562.25 Z=88.21 Normal: X=-0.41 Y=-0.39 Z=-0.82 PenetrationDepth:11.507 Actor:AG_Bullet_BB_C_20 Component:Sphere BoneName:None (0 other events since notify)
[2017.06.17-20.26.38:467][ 48]LogScript:Warning: Accessed None trying to read property TheCharacter
	AG_PC_Player_C /Engine/Transient.World_4:PersistentLevel.AG_PC_Player_C_1
	Function /Game/Player/Player/AG_PC_Player.AG_PC_Player_C:ExecuteUbergraph_AG_PC_Player:0E7F
[2017.06.17-20.26.38:467][ 48]LogScript:Warning: Accessed None trying to read property TheCharacter
	AG_PC_Player_C /Engine/Transient.World_4:PersistentLevel.AG_PC_Player_C_1
	Function /Game/Player/Player/AG_PC_Player.AG_PC_Player_C:ExecuteUbergraph_AG_PC_Player:0943
[2017.06.17-20.26.38:467][ 48]LogScript:Warning: Accessed None
	AG_PC_Player_C /Engine/Transient.World_4:PersistentLevel.AG_PC_Player_C_1
	Function /Game/Player/Player/AG_PC_Player.AG_PC_Player_C:ExecuteUbergraph_AG_PC_Player:0958
[2017.06.17-20.26.38:467][ 48]LogScript:Warning: Accessed None trying to read property TheCharacter
	AG_PC_Player_C /Engine/Transient.World_4:PersistentLevel.AG_PC_Player_C_1
	Function /Game/Player/Player/AG_PC_Player.AG_PC_Player_C:ExecuteUbergraph_AG_PC_Player:098B
[2017.06.17-20.26.38:467][ 48]LogScript:Warning: Accessed None
	AG_PC_Player_C /Engine/Transient.World_4:PersistentLevel.AG_PC_Player_C_1
	Function /Game/Player/Player/AG_PC_Player.AG_PC_Player_C:ExecuteUbergraph_AG_PC_Player:09A0
[2017.06.17-20.26.38:467][ 48]LogScript:Warning: Accessed None trying to read property TheCharacter
	AG_PC_Player_C /Engine/Transient.World_4:PersistentLevel.AG_PC_Player_C_1
	Function /Game/Player/Player/AG_PC_Player.AG_PC_Player_C:ExecuteUbergraph_AG_PC_Player:09D2
[2017.06.17-20.26.38:467][ 48]LogScript:Warning: Accessed None trying to read property TheCharacter
	AG_PC_Player_C /Engine/Transient.World_4:PersistentLevel.AG_PC_Player_C_1
	Function /Game/Player/Player/AG_PC_Player.AG_PC_Player_C:ExecuteUbergraph_AG_PC_Player:0A2F
[2017.06.17-20.26.38:467][ 48]LogScript:Warning: Accessed None
	AG_PC_Player_C /Engine/Transient.World_4:PersistentLevel.AG_PC_Player_C_1
	Function /Game/Player/Player/AG_PC_Player.AG_PC_Player_C:ExecuteUbergraph_AG_PC_Player:0A44
[2017.06.17-20.26.38:467][ 48]LogScript:Warning: Accessed None trying to read property TheCharacter
	AG_PC_Player_C /Engine/Transient.World_4:PersistentLevel.AG_PC_Player_C_1
	Function /Game/Player/Player/AG_PC_Player.AG_PC_Player_C:ExecuteUbergraph_AG_PC_Player:0A8C
[2017.06.17-20.26.38:467][ 48]LogScript:Warning: Accessed None
	AG_PC_Player_C /Engine/Transient.World_4:PersistentLevel.AG_PC_Player_C_1
	Function /Game/Player/Player/AG_PC_Player.AG_PC_Player_C:ExecuteUbergraph_AG_PC_Player:0AA1
[2017.06.17-20.26.38:467][ 48]LogScript:Warning: Accessed None trying to read property TheCharacter
	AG_PC_Player_C /Engine/Transient.World_4:PersistentLevel.AG_PC_Player_C_1
	Function /Game/Player/Player/AG_PC_Player.AG_PC_Player_C:ExecuteUbergraph_AG_PC_Player:0AD4
[2017.06.17-20.26.38:467][ 48]LogScript:Warning: Accessed None
	AG_PC_Player_C /Engine/Transient.World_4:PersistentLevel.AG_PC_Player_C_1
	Function /Game/Player/Player/AG_PC_Player.AG_PC_Player_C:ExecuteUbergraph_AG_PC_Player:0AE9
[2017.06.17-20.26.38:467][ 48]LogScript:Warning: Accessed None trying to read property TheCharacter
	AG_PC_Player_C /Engine/Transient.World_4:PersistentLevel.AG_PC_Player_C_1
	Function /Game/Player/Player/AG_PC_Player.AG_PC_Player_C:ExecuteUbergraph_AG_PC_Player:0C76
[2017.06.17-20.26.38:467][ 48]LogScript:Warning: Accessed None
	AG_PC_Player_C /Engine/Transient.World_4:PersistentLevel.AG_PC_Player_C_1
	Function /Game/Player/Player/AG_PC_Player.AG_PC_Player_C:ExecuteUbergraph_AG_PC_Player:0C8B
[2017.06.17-20.26.38:467][ 48]LogScript:Warning: Accessed None trying to read property TheCharacter
	AG_PC_Player_C /Engine/Transient.World_4:PersistentLevel.AG_PC_Player_C_1
	Function /Game/Player/Player/AG_PC_Player.AG_PC_Player_C:ExecuteUbergraph_AG_PC_Player:0E7F
[2017.06.17-20.26.38:467][ 48]LogScript:Warning: Accessed None trying to read property TheCharacter
	AG_PC_Player_C /Engine/Transient.World_4:PersistentLevel.AG_PC_Player_C_1
	Function /Game/Player/Player/AG_PC_Player.AG_PC_Player_C:ExecuteUbergraph_AG_PC_Player:0943
[2017.06.17-20.26.38:467][ 48]LogScript:Warning: Accessed None
	AG_PC_Player_C /Engine/Transient.World_4:PersistentLevel.AG_PC_Player_C_1
	Function /Game/Player/Player/AG_PC_Player.AG_PC_Player_C:ExecuteUbergraph_AG_PC_Player:0958
[2017.06.17-20.42.36:371][698]BlueprintLog: New page: Compile AG_Char_Player
[2017.06.17-20.42.37:756][763]Cmd: OBJ SAVEPACKAGE PACKAGE="/Game/Player/Player/AG_Char_Player" FILE="F:/Unreal/AncientGame/Content/Player/Player/AG_Char_Player.uasset" SILENT=true
[2017.06.17-20.42.38:252][763]LogSavePackage: Save=72.66ms
[2017.06.17-20.42.38:252][763]LogSavePackage: Moving 'F:/Unreal/AncientGame/Saved/AG_Char_Player5B32DDD04555CEED929A9D8B29C6ED66.tmp' to 'F:/Unreal/AncientGame/Content/Player/Player/AG_Char_Player.uasset'
[2017.06.17-20.42.38:260][763]LogSavePackage:Display: Finished SavePackage F:/Unreal/AncientGame/Content/Player/Player/AG_Char_Player.uasset
[2017.06.17-20.42.42:496][ 35]Cmd: QUIT_EDITOR
[2017.06.17-20.42.42:572][ 35]LogExit: Preparing to exit.
[2017.06.17-20.42.43:630][ 35]LogExit: Editor shut down
[2017.06.17-20.42.43:630][ 35]LogExit: Transaction tracking system shut down
[2017.06.17-20.42.43:732][ 35]LogObj: Freed 0b from 0 cluster array pools.
[2017.06.17-20.42.43:732][ 35]LogExit: Object subsystem successfully closed.
[2017.06.17-20.42.43:746][ 35]LogD3D11RHI: Shutdown
[2017.06.17-20.42.43:746][ 35]LogD3D11RHI: CleanupD3DDevice
[2017.06.17-20.42.43:810][ 35]LogD3D11RHI: ~FD3D11DynamicRHI
[2017.06.17-20.42.43:818][ 35]LogModuleManager: Shutting down and abandoning module MovieSceneCapture (504)
[2017.06.17-20.42.43:818][ 35]LogModuleManager: Shutting down and abandoning module BlueprintGraph (502)
[2017.06.17-20.42.43:818][ 35]LogModuleManager: Shutting down and abandoning module BlueprintProfiler (500)
[2017.06.17-20.42.43:818][ 35]LogModuleManager: Shutting down and abandoning module HierarchicalLODOutliner (498)
[2017.06.17-20.42.43:818][ 35]LogModuleManager: Shutting down and abandoning module CrashTracker (496)
[2017.06.17-20.42.43:818][ 35]LogModuleManager: Shutting down and abandoning module SceneOutliner (494)
[2017.06.17-20.42.43:818][ 35]LogModuleManager: Shutting down and abandoning module AddContentDialog (492)
[2017.06.17-20.42.43:818][ 35]LogDirectoryWatcher: A directory notification for 'E:/Program Files/Epic Games/UE_4.15/FeaturePacks/' was aborted.
[2017.06.17-20.42.43:819][ 35]LogModuleManager: Shutting down and abandoning module WidgetCarousel (491)
[2017.06.17-20.42.43:819][ 35]LogModuleManager: Shutting down and abandoning module EditorWidgets (488)
[2017.06.17-20.42.43:819][ 35]LogModuleManager: Shutting down and abandoning module CollectionManager (486)
[2017.06.17-20.42.43:819][ 35]LogDirectoryWatcher: A directory notification for 'F:/Unreal/AncientGame/Content/Collections/' was aborted.
[2017.06.17-20.42.43:819][ 35]LogDirectoryWatcher: A directory notification for 'F:/Unreal/AncientGame/Content/Developers/Demigod/Collections/' was aborted.
[2017.06.17-20.42.43:819][ 35]LogDirectoryWatcher: A directory notification for 'F:/Unreal/AncientGame/Saved/Collections/' was aborted.
[2017.06.17-20.42.43:819][ 35]LogModuleManager: Shutting down and abandoning module StatsViewer (484)
[2017.06.17-20.42.43:819][ 35]LogModuleManager: Shutting down and abandoning module FoliageEdit (482)
[2017.06.17-20.42.43:819][ 35]LogModuleManager: Shutting down and abandoning module LandscapeEditor (480)
[2017.06.17-20.42.43:819][ 35]LogModuleManager: Shutting down and abandoning module SceneDepthPickerMode (478)
[2017.06.17-20.42.43:819][ 35]LogModuleManager: Shutting down and abandoning module ActorPickerMode (476)
[2017.06.17-20.42.43:819][ 35]LogModuleManager: Shutting down and abandoning module GeometryMode (474)
[2017.06.17-20.42.43:819][ 35]LogModuleManager: Shutting down and abandoning module TextureAlignMode (472)
[2017.06.17-20.42.43:819][ 35]LogModuleManager: Shutting down and abandoning module BspMode (470)
[2017.06.17-20.42.43:819][ 35]LogModuleManager: Shutting down and abandoning module HardwareSurvey (468)
[2017.06.17-20.42.43:819][ 35]LogModuleManager: Shutting down and abandoning module SequenceRecorderSections (466)
[2017.06.17-20.42.43:819][ 35]LogModuleManager: Shutting down and abandoning module AutomationWorker (464)
[2017.06.17-20.42.43:819][ 35]LogModuleManager: Shutting down and abandoning module MatineeToLevelSequence (462)
[2017.06.17-20.42.43:819][ 35]LogModuleManager: Shutting down and abandoning module LevelSequenceEditor (460)
[2017.06.17-20.42.43:819][ 35]LogModuleManager: Shutting down and abandoning module PlacementMode (459)
[2017.06.17-20.42.43:820][ 35]LogModuleManager: Shutting down and abandoning module WmfMediaFactory (456)
[2017.06.17-20.42.43:820][ 35]LogModuleManager: Shutting down and abandoning module WmfMediaEditor (454)
[2017.06.17-20.42.43:820][ 35]LogModuleManager: Shutting down and abandoning module MfMediaFactory (452)
[2017.06.17-20.42.43:820][ 35]LogModuleManager: Shutting down and abandoning module MfMediaEditor (450)
[2017.06.17-20.42.43:820][ 35]LogModuleManager: Shutting down and abandoning module AvfMediaFactory (448)
[2017.06.17-20.42.43:820][ 35]LogModuleManager: Shutting down and abandoning module AvfMediaEditor (446)
[2017.06.17-20.42.43:820][ 35]LogModuleManager: Shutting down and abandoning module AndroidMediaFactory (444)
[2017.06.17-20.42.43:820][ 35]LogModuleManager: Shutting down and abandoning module Media (443)
[2017.06.17-20.42.43:820][ 35]LogModuleManager: Shutting down and abandoning module AndroidMediaEditor (440)
[2017.06.17-20.42.43:820][ 35]LogModuleManager: Shutting down and abandoning module CharacterAI (438)
[2017.06.17-20.42.43:820][ 35]LogModuleManager: Shutting down and abandoning module AudioCapture (436)
[2017.06.17-20.42.43:820][ 35]LogModuleManager: Shutting down and abandoning module SequenceRecorder (435)
[2017.06.17-20.42.43:820][ 35]LogModuleManager: Shutting down and abandoning module SmartSnapping (432)
[2017.06.17-20.42.43:820][ 35]LogModuleManager: Shutting down and abandoning module SessionServices (430)
[2017.06.17-20.42.43:820][ 35]LogModuleManager: Shutting down and abandoning module ViewportSnapping (428)
[2017.06.17-20.42.43:820][ 35]LogModuleManager: Shutting down and abandoning module ViewportInteraction (426)
[2017.06.17-20.42.43:820][ 35]LogModuleManager: Shutting down and abandoning module LogVisualizer (424)
[2017.06.17-20.42.43:820][ 35]LogModuleManager: Shutting down and abandoning module IntroTutorials (422)
[2017.06.17-20.42.43:820][ 35]LogModuleManager: Shutting down and abandoning module GameProjectGeneration (421)
[2017.06.17-20.42.43:820][ 35]LogModuleManager: Shutting down and abandoning module EditorLiveStreaming (418)
[2017.06.17-20.42.43:820][ 35]LogModuleManager: Shutting down and abandoning module IOSPlatformEditor (416)
[2017.06.17-20.42.43:820][ 35]LogModuleManager: Shutting down and abandoning module HTML5PlatformEditor (414)
[2017.06.17-20.42.43:820][ 35]LogModuleManager: Shutting down and abandoning module AndroidPlatformEditor (412)
[2017.06.17-20.42.43:820][ 35]LogModuleManager: Shutting down and abandoning module AndroidDeviceDetection (411)
[2017.06.17-20.42.44:349][ 35]LogModuleManager: Shutting down and abandoning module IOSRuntimeSettings (408)
[2017.06.17-20.42.44:349][ 35]LogModuleManager: Shutting down and abandoning module AndroidRuntimeSettings (406)
[2017.06.17-20.42.44:349][ 35]LogModuleManager: Shutting down and abandoning module InputBindingEditor (404)
[2017.06.17-20.42.44:349][ 35]LogModuleManager: Shutting down and abandoning module NiagaraEditor (402)
[2017.06.17-20.42.44:349][ 35]LogModuleManager: Shutting down and abandoning module MergeActors (400)
[2017.06.17-20.42.44:349][ 35]LogModuleManager: Shutting down and abandoning module SizeMap (398)
[2017.06.17-20.42.44:349][ 35]LogModuleManager: Shutting down and abandoning module TreeMap (396)
[2017.06.17-20.42.44:349][ 35]LogModuleManager: Shutting down and abandoning module ReferenceViewer (394)
[2017.06.17-20.42.44:350][ 35]LogModuleManager: Shutting down and abandoning module LocalizationDashboard (392)
[2017.06.17-20.42.44:350][ 35]LogModuleManager: Shutting down and abandoning module LocalizationService (391)
[2017.06.17-20.42.44:350][ 35]LogModuleManager: Shutting down and abandoning module HardwareTargeting (388)
[2017.06.17-20.42.44:350][ 35]LogModuleManager: Shutting down and abandoning module DeviceProfileEditor (386)
[2017.06.17-20.42.44:350][ 35]LogModuleManager: Shutting down and abandoning module UndoHistory (384)
[2017.06.17-20.42.44:350][ 35]LogModuleManager: Shutting down and abandoning module UserFeedback (382)
[2017.06.17-20.42.44:350][ 35]LogModuleManager: Shutting down and abandoning module XmlParser (380)
[2017.06.17-20.42.44:350][ 35]LogModuleManager: Shutting down and abandoning module Blutility (378)
[2017.06.17-20.42.44:350][ 35]LogModuleManager: Shutting down and abandoning module ProjectSettingsViewer (376)
[2017.06.17-20.42.44:350][ 35]LogModuleManager: Shutting down and abandoning module ProjectTargetPlatformEditor (375)
[2017.06.17-20.42.44:350][ 35]LogModuleManager: Shutting down and abandoning module EditorSettingsViewer (372)
[2017.06.17-20.42.44:350][ 35]LogModuleManager: Shutting down and abandoning module SettingsEditor (370)
[2017.06.17-20.42.44:350][ 35]LogModuleManager: Shutting down and abandoning module ProjectLauncher (368)
[2017.06.17-20.42.44:350][ 35]LogModuleManager: Shutting down and abandoning module SessionFrontend (366)
[2017.06.17-20.42.44:350][ 35]LogModuleManager: Shutting down and abandoning module ProfilerClient (364)
[2017.06.17-20.42.44:350][ 35]LogModuleManager: Shutting down and abandoning module DeviceManager (362)
[2017.06.17-20.42.44:350][ 35]LogModuleManager: Shutting down and abandoning module TargetDeviceServices (361)
[2017.06.17-20.42.44:390][ 35]LogModuleManager: Shutting down and abandoning module AutomationController (358)
[2017.06.17-20.42.44:390][ 35]LogModuleManager: Shutting down and abandoning module AutomationWindow (356)
[2017.06.17-20.42.44:390][ 35]LogModuleManager: Shutting down and abandoning module Layers (354)
[2017.06.17-20.42.44:390][ 35]LogModuleManager: Shutting down and abandoning module ComponentVisualizers (352)
[2017.06.17-20.42.44:390][ 35]LogModuleManager: Shutting down and abandoning module DetailCustomizations (350)
[2017.06.17-20.42.44:390][ 35]LogModuleManager: Shutting down and abandoning module PackagesDialog (348)
[2017.06.17-20.42.44:390][ 35]LogModuleManager: Shutting down and abandoning module Persona (346)
[2017.06.17-20.42.44:390][ 35]LogModuleManager: Shutting down and abandoning module AnimGraph (345)
[2017.06.17-20.42.44:390][ 35]LogModuleManager: Shutting down and abandoning module Kismet (342)
[2017.06.17-20.42.44:402][ 35]LogModuleManager: Shutting down and abandoning module GraphEditor (340)
[2017.06.17-20.42.44:402][ 35]LogModuleManager: Shutting down and abandoning module ClassViewer (338)
[2017.06.17-20.42.44:404][ 35]LogModuleManager: Shutting down and abandoning module Toolbox (336)
[2017.06.17-20.42.44:404][ 35]LogModuleManager: Shutting down and abandoning module ModuleUI (334)
[2017.06.17-20.42.44:404][ 35]LogModuleManager: Shutting down and abandoning module MovieSceneTools (332)
[2017.06.17-20.42.44:404][ 35]LogModuleManager: Shutting down and abandoning module OutputLog (330)
[2017.06.17-20.42.44:405][ 35]LogModuleManager: Shutting down and abandoning module GammaUI (328)
[2017.06.17-20.42.44:405][ 35]LogModuleManager: Shutting down and abandoning module Documentation (326)
[2017.06.17-20.42.44:405][ 35]LogModuleManager: Shutting down and abandoning module Niagara (324)
[2017.06.17-20.42.44:405][ 35]LogModuleManager: Shutting down and abandoning module StreamingPauseRendering (322)
[2017.06.17-20.42.44:405][ 35]LogModuleManager: Shutting down and abandoning module AnalyticsET (320)
[2017.06.17-20.42.44:405][ 35]LogModuleManager: Shutting down and abandoning module PortalServices (318)
[2017.06.17-20.42.44:405][ 35]LogModuleManager: Shutting down and abandoning module PortalRpc (316)
[2017.06.17-20.42.44:405][ 35]LogModuleManager: Shutting down and abandoning module MessagingRpc (314)
[2017.06.17-20.42.44:405][ 35]LogModuleManager: Shutting down and abandoning module AIModule (312)
[2017.06.17-20.42.44:405][ 35]LogModuleManager: Shutting down and abandoning module GameplayDebugger (311)
[2017.06.17-20.42.44:405][ 35]LogModuleManager: Shutting down and abandoning module AITestSuite (309)
[2017.06.17-20.42.44:405][ 35]LogModuleManager: Shutting down and abandoning module ProfilerService (306)
[2017.06.17-20.42.44:579][ 35]LogModuleManager: Shutting down and abandoning module TaskGraph (304)
[2017.06.17-20.42.44:579][ 35]LogModuleManager: Shutting down and abandoning module SteamVRController (302)
[2017.06.17-20.42.44:579][ 35]LogModuleManager: Shutting down and abandoning module SteamVR (300)
[2017.06.17-20.42.44:579][ 35]LogModuleManager: Shutting down and abandoning module ProceduralMeshComponentEditor (298)
[2017.06.17-20.42.44:579][ 35]LogModuleManager: Shutting down and abandoning module ProceduralMeshComponent (296)
[2017.06.17-20.42.44:579][ 35]LogModuleManager: Shutting down and abandoning module OculusLibrary (294)
[2017.06.17-20.42.44:580][ 35]LogModuleManager: Shutting down and abandoning module OculusInput (292)
[2017.06.17-20.42.44:580][ 35]LogModuleManager: Shutting down and abandoning module MobilePatchingUtils (290)
[2017.06.17-20.42.44:580][ 35]LogModuleManager: Shutting down and abandoning module CustomMeshComponent (288)
[2017.06.17-20.42.44:580][ 35]LogModuleManager: Shutting down and abandoning module CableComponent (286)
[2017.06.17-20.42.44:580][ 35]LogModuleManager: Shutting down and abandoning module ArchVisCharacter (284)
[2017.06.17-20.42.44:580][ 35]LogModuleManager: Shutting down and abandoning module MediaPlayerEditor (280)
[2017.06.17-20.42.44:580][ 35]LogModuleManager: Shutting down and abandoning module HTML5Networking (278)
[2017.06.17-20.42.44:580][ 35]LogModuleManager: Shutting down and abandoning module AlembicImporter (276)
[2017.06.17-20.42.44:580][ 35]LogModuleManager: Shutting down and abandoning module AlembicLibrary (275)
[2017.06.17-20.42.44:580][ 35]LogModuleManager: Shutting down and abandoning module GeometryCache (274)
[2017.06.17-20.42.44:580][ 35]LogModuleManager: Shutting down and abandoning module GeometryCacheEd (273)
[2017.06.17-20.42.44:580][ 35]LogModuleManager: Shutting down and abandoning module SuperSearchEditor (268)
[2017.06.17-20.42.44:580][ 35]LogModuleManager: Shutting down and abandoning module SuperSearch (267)
[2017.06.17-20.42.44:580][ 35]LogModuleManager: Shutting down and abandoning module SpeedTreeImporter (264)
[2017.06.17-20.42.44:580][ 35]LogModuleManager: Shutting down and abandoning module PluginBrowser (262)
[2017.06.17-20.42.44:580][ 35]LogModuleManager: Shutting down and abandoning module MobileLauncherProfileWizard (260)
[2017.06.17-20.42.44:580][ 35]LogModuleManager: Shutting down and abandoning module EpicSurvey (258)
[2017.06.17-20.42.44:580][ 35]LogModuleManager: Shutting down and abandoning module VisualStudioSourceCodeAccess (256)
[2017.06.17-20.42.44:580][ 35]LogModuleManager: Shutting down and abandoning module DesktopPlatform (255)
[2017.06.17-20.42.44:580][ 35]LogModuleManager: Shutting down and abandoning module UObjectPlugin (252)
[2017.06.17-20.42.44:580][ 35]LogModuleManager: Shutting down and abandoning module SubversionSourceControl (250)
[2017.06.17-20.42.44:580][ 35]LogModuleManager: Shutting down and abandoning module PerforceSourceControl (248)
[2017.06.17-20.42.44:580][ 35]LogModuleManager: Shutting down and abandoning module GitSourceControl (246)
[2017.06.17-20.42.44:580][ 35]LogModuleManager: Shutting down and abandoning module SourceControl (245)
[2017.06.17-20.42.44:580][ 35]LogModuleManager: Shutting down and abandoning module LightPropagationVolumeEditor (242)
[2017.06.17-20.42.44:580][ 35]LogModuleManager: Shutting down and abandoning module PaperTiledImporter (240)
[2017.06.17-20.42.44:580][ 35]LogModuleManager: Shutting down and abandoning module PaperSpriteSheetImporter (238)
[2017.06.17-20.42.44:580][ 35]LogModuleManager: Shutting down and abandoning module Paper2DEditor (236)
[2017.06.17-20.42.44:580][ 35]LogModuleManager: Shutting down and abandoning module MeshPaint (235)
[2017.06.17-20.42.44:580][ 35]LogModuleManager: Shutting down and abandoning module LevelEditor (233)
[2017.06.17-20.42.44:582][ 35]LogModuleManager: Shutting down and abandoning module PixelInspectorModule (232)
[2017.06.17-20.42.44:582][ 35]LogModuleManager: Shutting down and abandoning module MainFrame (230)
[2017.06.17-20.42.44:582][ 35]LogModuleManager: Shutting down and abandoning module HotReload (229)
[2017.06.17-20.42.44:583][ 35]LogModuleManager: Shutting down and abandoning module ContentBrowser (225)
[2017.06.17-20.42.44:584][ 35]LogModuleManager: Shutting down and abandoning module PhysXVehiclesEditor (222)
[2017.06.17-20.42.44:584][ 35]LogModuleManager: Shutting down and abandoning module PhysXVehicles (220)
[2017.06.17-20.42.44:584][ 35]LogModuleManager: Shutting down and abandoning module LocationServicesBPLibrary (218)
[2017.06.17-20.42.44:584][ 35]LogModuleManager: Shutting down and abandoning module UdpMessaging (216)
[2017.06.17-20.42.44:684][ 35]LogModuleManager: Shutting down and abandoning module TcpMessaging (214)
[2017.06.17-20.42.44:784][ 35]LogModuleManager: Shutting down and abandoning module GameplayTagsEditor (212)
[2017.06.17-20.42.44:784][ 35]LogModuleManager: Shutting down and abandoning module FacialAnimationEditor (210)
[2017.06.17-20.42.44:784][ 35]LogModuleManager: Shutting down and abandoning module FacialAnimation (208)
[2017.06.17-20.42.44:784][ 35]LogModuleManager: Shutting down and abandoning module LightPropagationVolumeRuntime (206)
[2017.06.17-20.42.44:784][ 35]LogModuleManager: Shutting down and abandoning module Paper2D (204)
[2017.06.17-20.42.44:784][ 35]LogModuleManager: Shutting down and abandoning module WindowsMoviePlayer (202)
[2017.06.17-20.42.44:784][ 35]LogModuleManager: Shutting down and abandoning module WmfMedia (200)
[2017.06.17-20.42.44:785][ 35]LogModuleManager: Shutting down and abandoning module MfMedia (198)
[2017.06.17-20.42.44:785][ 35]LogModuleManager: Shutting down and abandoning module MediaAssets (196)
[2017.06.17-20.42.44:785][ 35]LogModuleManager: Shutting down and abandoning module GameLiveStreaming (194)
[2017.06.17-20.42.44:785][ 35]LogModuleManager: Shutting down and abandoning module EnvironmentQueryEditor (192)
[2017.06.17-20.42.44:785][ 35]LogModuleManager: Shutting down and abandoning module VREditor (190)
[2017.06.17-20.42.44:785][ 35]LogModuleManager: Shutting down and abandoning module GameplayTasksEditor (188)
[2017.06.17-20.42.44:785][ 35]LogModuleManager: Shutting down and abandoning module BehaviorTreeEditor (186)
[2017.06.17-20.42.44:785][ 35]LogModuleManager: Shutting down and abandoning module FunctionalTesting (184)
[2017.06.17-20.42.44:785][ 35]LogModuleManager: Shutting down and abandoning module CollisionAnalyzer (182)
[2017.06.17-20.42.44:785][ 35]LogModuleManager: Shutting down and abandoning module UMG (180)
[2017.06.17-20.42.44:785][ 35]LogModuleManager: Shutting down and abandoning module UMGEditor (179)
[2017.06.17-20.42.44:785][ 35]LogModuleManager: Shutting down and abandoning module Sequencer (178)
[2017.06.17-20.42.44:785][ 35]LogModuleManager: Shutting down and abandoning module AssetTools (176)
[2017.06.17-20.42.44:785][ 35]LogModuleManager: Shutting down and abandoning module MessageLog (175)
[2017.06.17-20.42.44:785][ 35]LogModuleManager: Shutting down and abandoning module WorkspaceMenuStructure (174)
[2017.06.17-20.42.44:785][ 35]LogModuleManager: Shutting down and abandoning module SlateReflector (168)
[2017.06.17-20.42.44:785][ 35]LogModuleManager: Shutting down and abandoning module Slate (166)
[2017.06.17-20.42.44:785][ 35]LogModuleManager: Shutting down and abandoning module EditorStyle (164)
[2017.06.17-20.42.44:788][ 35]LogModuleManager: Shutting down and abandoning module SourceCodeAccess (162)
[2017.06.17-20.42.44:788][ 35]LogModuleManager: Shutting down and abandoning module HeadMountedDisplay (160)
[2017.06.17-20.42.44:788][ 35]LogModuleManager: Shutting down and abandoning module XAudio2 (158)
[2017.06.17-20.42.44:788][ 35]LogModuleManager: Shutting down and abandoning module Networking (156)
[2017.06.17-20.42.44:788][ 35]LogModuleManager: Shutting down and abandoning module Core (152)
[2017.06.17-20.42.44:788][ 35]LogModuleManager: Shutting down and abandoning module AssetRegistry (150)
[2017.06.17-20.42.45:028][ 35]LogDirectoryWatcher: A directory notification for '../../../Engine/Content/' was aborted.
[2017.06.17-20.42.45:028][ 35]LogDirectoryWatcher: A directory notification for 'F:/Unreal/AncientGame/Content/' was aborted.
[2017.06.17-20.42.45:028][ 35]LogDirectoryWatcher: A directory notification for '../../../Engine/Plugins/2D/Paper2D/Content/' was aborted.
[2017.06.17-20.42.45:028][ 35]LogModuleManager: Shutting down and abandoning module DirectoryWatcher (149)
[2017.06.17-20.42.45:028][ 35]LogModuleManager: Shutting down and abandoning module KismetCompiler (146)
[2017.06.17-20.42.45:028][ 35]LogModuleManager: Shutting down and abandoning module PhysXFormats (144)
[2017.06.17-20.42.45:028][ 35]LogModuleManager: Shutting down and abandoning module MeshUtilities (142)
[2017.06.17-20.42.45:028][ 35]LogModuleManager: Shutting down and abandoning module SimplygonSwarm (141)
[2017.06.17-20.42.45:028][ 35]LogModuleManager: Shutting down and abandoning module SimplygonMeshReduction (139)
[2017.06.17-20.42.45:028][ 35]LogModuleManager: Shutting down and abandoning module QuadricMeshReduction (137)
[2017.06.17-20.42.45:028][ 35]LogModuleManager: Shutting down and abandoning module PropertyEditor (135)
[2017.06.17-20.42.45:029][ 35]LogModuleManager: Shutting down and abandoning module DerivedDataCache (132)
[2017.06.17-20.42.45:048][ 35]LogDerivedDataCache: Shutdown
[2017.06.17-20.42.45:048][ 35]LogModuleManager: Shutting down and abandoning module TargetPlatform (130)
[2017.06.17-20.42.45:048][ 35]LogModuleManager: Shutting down and abandoning module VulkanShaderFormat (129)
[2017.06.17-20.42.45:049][ 35]LogModuleManager: Shutting down and abandoning module ShaderFormatOpenGL (127)
[2017.06.17-20.42.45:049][ 35]LogModuleManager: Shutting down and abandoning module ShaderFormatD3D (125)
[2017.06.17-20.42.45:049][ 35]LogModuleManager: Shutting down and abandoning module MetalShaderFormat (123)
[2017.06.17-20.42.45:049][ 35]LogModuleManager: Shutting down and abandoning module TextureFormatUncompressed (121)
[2017.06.17-20.42.45:049][ 35]LogModuleManager: Shutting down and abandoning module TextureFormatPVR (119)
[2017.06.17-20.42.45:049][ 35]LogModuleManager: Shutting down and abandoning module TextureFormatDXT (117)
[2017.06.17-20.42.45:049][ 35]LogModuleManager: Shutting down and abandoning module TextureFormatIntelISPCTexComp (115)
[2017.06.17-20.42.45:049][ 35]LogModuleManager: Shutting down and abandoning module TextureFormatASTC (113)
[2017.06.17-20.42.45:049][ 35]LogModuleManager: Shutting down and abandoning module ImageWrapper (112)
[2017.06.17-20.42.45:049][ 35]LogModuleManager: Shutting down and abandoning module TextureFormatAndroid (109)
[2017.06.17-20.42.45:049][ 35]LogModuleManager: Shutting down and abandoning module AudioFormatOpus (107)
[2017.06.17-20.42.45:049][ 35]LogModuleManager: Shutting down and abandoning module AudioFormatOgg (105)
[2017.06.17-20.42.45:049][ 35]LogModuleManager: Shutting down and abandoning module AudioFormatADPCM (103)
[2017.06.17-20.42.45:049][ 35]LogModuleManager: Shutting down and abandoning module LinuxTargetPlatform (101)
[2017.06.17-20.42.45:049][ 35]LogModuleManager: Shutting down and abandoning module LinuxServerTargetPlatform (99)
[2017.06.17-20.42.45:049][ 35]LogModuleManager: Shutting down and abandoning module LinuxNoEditorTargetPlatform (97)
[2017.06.17-20.42.45:049][ 35]LogModuleManager: Shutting down and abandoning module LinuxClientTargetPlatform (95)
[2017.06.17-20.42.45:049][ 35]LogModuleManager: Shutting down and abandoning module TVOSTargetPlatform (93)
[2017.06.17-20.42.45:049][ 35]LogModuleManager: Shutting down and abandoning module Messaging (91)
[2017.06.17-20.42.45:049][ 35]LogModuleManager: Shutting down and abandoning module IOSTargetPlatform (89)
[2017.06.17-20.42.45:049][ 35]LogModuleManager: Shutting down and abandoning module HTML5TargetPlatform (87)
[2017.06.17-20.42.45:049][ 35]LogModuleManager: Shutting down and abandoning module Android_PVRTCTargetPlatform (85)
[2017.06.17-20.42.45:049][ 35]LogModuleManager: Shutting down and abandoning module Android_MultiTargetPlatform (83)
[2017.06.17-20.42.45:049][ 35]LogModuleManager: Shutting down and abandoning module Android_ETC2TargetPlatform (81)
[2017.06.17-20.42.45:049][ 35]LogModuleManager: Shutting down and abandoning module Android_ETC1TargetPlatform (79)
[2017.06.17-20.42.45:049][ 35]LogModuleManager: Shutting down and abandoning module Android_DXTTargetPlatform (77)
[2017.06.17-20.42.45:049][ 35]LogModuleManager: Shutting down and abandoning module Android_ATCTargetPlatform (75)
[2017.06.17-20.42.45:049][ 35]LogModuleManager: Shutting down and abandoning module Android_ASTCTargetPlatform (73)
[2017.06.17-20.42.45:049][ 35]LogModuleManager: Shutting down and abandoning module AndroidTargetPlatform (71)
[2017.06.17-20.42.45:049][ 35]LogModuleManager: Shutting down and abandoning module WindowsTargetPlatform (69)
[2017.06.17-20.42.45:049][ 35]LogModuleManager: Shutting down and abandoning module WindowsServerTargetPlatform (67)
[2017.06.17-20.42.45:049][ 35]LogModuleManager: Shutting down and abandoning module WindowsNoEditorTargetPlatform (65)
[2017.06.17-20.42.45:049][ 35]LogModuleManager: Shutting down and abandoning module WindowsClientTargetPlatform (63)
[2017.06.17-20.42.45:049][ 35]LogModuleManager: Shutting down and abandoning module MacTargetPlatform (61)
[2017.06.17-20.42.45:049][ 35]LogModuleManager: Shutting down and abandoning module MacServerTargetPlatform (59)
[2017.06.17-20.42.45:049][ 35]LogModuleManager: Shutting down and abandoning module MacNoEditorTargetPlatform (57)
[2017.06.17-20.42.45:049][ 35]LogModuleManager: Shutting down and abandoning module MacClientTargetPlatform (55)
[2017.06.17-20.42.45:049][ 35]LogModuleManager: Shutting down and abandoning module AllDesktopTargetPlatform (53)
[2017.06.17-20.42.45:049][ 35]LogModuleManager: Shutting down and abandoning module InputCore (50)
[2017.06.17-20.42.45:049][ 35]LogModuleManager: Shutting down and abandoning module Settings (48)
[2017.06.17-20.42.45:049][ 35]LogModuleManager: Shutting down and abandoning module OculusRift (46)
[2017.06.17-20.42.45:049][ 35]LogModuleManager: Shutting down and abandoning module ExampleDeviceProfileSelector (44)
[2017.06.17-20.42.45:049][ 35]LogModuleManager: Shutting down and abandoning module OnlineBlueprintSupport (42)
[2017.06.17-20.42.45:049][ 35]LogModuleManager: Shutting down and abandoning module OnlineSubsystem (38)
[2017.06.17-20.42.45:049][ 35]LogOnline:Display: Unloading online subsystem: NULL
[2017.06.17-20.42.45:049][ 35]LogModuleManager: Shutting down and abandoning module XMPP (37)
[2017.06.17-20.42.45:049][ 35]LogModuleManager: Shutting down and abandoning module HTTP (35)
[2017.06.17-20.42.45:049][ 35]LogHttp:Display: Http module shutting down, but needs to wait on 1 outstanding Http requests:
[2017.06.17-20.42.45:049][ 35]LogHttp:Display: 	verb=[POST] url=[https://datarouter.ol.epicgames.com/datarouter/api/v1/public/data?SessionID=%7B9F2A57F0-4F5B-4C2A-6626-F0923B35DC44%7D&AppID=UEEditor.Rocket.Release&AppVersion=4.15.0-3299760%2B%2B%2BUE4%2BRelease-4.15&UserID=224389a8446276377c334a9fae284dd9%7Cdec2ad3a27214d31ab4ddb53d31c27e2%7C6b94cbee-0175-4c3a-94dd-08bafa0c491f&AppEnvironment=datacollector-binary&UploadType=eteventstream] status=Processing
[2017.06.17-20.42.45:080][ 35]LogModuleManager: Shutting down and abandoning module SSL (34)
[2017.06.17-20.42.45:082][ 35]LogModuleManager: Shutting down and abandoning module AudioEditor (30)
[2017.06.17-20.42.45:082][ 35]LogModuleManager: Shutting down and abandoning module TextureCompressor (28)
[2017.06.17-20.42.45:082][ 35]LogModuleManager: Shutting down and abandoning module ShaderCore (26)
[2017.06.17-20.42.45:082][ 35]LogModuleManager: Shutting down and abandoning module Landscape (24)
[2017.06.17-20.42.45:082][ 35]LogModuleManager: Shutting down and abandoning module SlateRHIRenderer (22)
[2017.06.17-20.42.45:084][ 35]LogModuleManager: Shutting down and abandoning module OpenGLDrv (20)
[2017.06.17-20.42.45:084][ 35]LogModuleManager: Shutting down and abandoning module D3D11RHI (18)
[2017.06.17-20.42.45:084][ 35]LogModuleManager: Shutting down and abandoning module AnimGraphRuntime (16)
[2017.06.17-20.42.45:084][ 35]LogModuleManager: Shutting down and abandoning module Renderer (14)
[2017.06.17-20.42.45:084][ 35]LogModuleManager: Shutting down and abandoning module Engine (12)
[2017.06.17-20.42.45:084][ 35]LogModuleManager: Shutting down and abandoning module CoreUObject (10)
[2017.06.17-20.42.45:084][ 35]LogModuleManager: Shutting down and abandoning module NetworkFile (8)
[2017.06.17-20.42.45:084][ 35]LogModuleManager: Shutting down and abandoning module StreamingFile (6)
[2017.06.17-20.42.45:084][ 35]LogModuleManager: Shutting down and abandoning module SandboxFile (4)
[2017.06.17-20.42.45:084][ 35]LogModuleManager: Shutting down and abandoning module PakFile (2)
[2017.06.17-20.42.45:086][ 35]LogExit: Exiting.
[2017.06.17-20.42.45:088][ 35]Log file closed, 06/18/17 02:12:45
