Log file open, 06/16/17 16:42:01
LogInit:Display: Running engine for game: AncientGame
LogPlatformFile: Not using cached read wrapper
LogInit:Display: RandInit(1398535615) SRandInit(1398535616).
LogTaskGraph: Started task graph with 5 named threads and 6 total threads with 1 sets of task threads.
LogStats: Stats thread started at 0.459241
LogInit: Using libcurl 7.47.1
LogInit:  - built for x86_64-pc-win32
LogInit:  - supports SSL with OpenSSL/1.0.2g
LogInit:  - supports HTTP deflate (compression) using libz 1.2.8
LogInit:  - other features:
LogInit:      CURL_VERSION_SSL
LogInit:      CURL_VERSION_LIBZ
LogInit:      CURL_VERSION_IPV6
LogInit:      CURL_VERSION_ASYNCHDNS
LogInit:      CURL_VERSION_LARGEFILE
LogInit:      CURL_VERSION_IDN
LogInit:  CurlRequestOptions (configurable via config and command line):
LogInit:  - bVerifyPeer = false  - Libcurl will NOT verify peer certificate
LogInit:  - bUseHttpProxy = false  - Libcurl will NOT use HTTP proxy
LogInit:  - bDontReuseConnections = false  - Libcurl will reuse connections
LogInit:  - CertBundlePath = nullptr  - Libcurl will use whatever was configured at build time.
LogInit: Build: ++UE4+Release-4.15-CL-3299760
LogInit: Engine Version: 4.15.0-3299760+++UE4+Release-4.15
LogInit: Compatible Engine Version: 4.15.0-3299760+++UE4+Release-4.15
LogInit: Net CL: 3299760
LogDevObjectVersion: Number of dev versions registered: 14
LogDevObjectVersion:   Dev-Blueprints (B0D832E4-1F89-4F0D-ACCF-7EB736FD4AA2): 8
LogDevObjectVersion:   Dev-Build (E1C64328-A22C-4D53-A36C-8E866417BD8C): 0
LogDevObjectVersion:   Dev-Core (375EC13C-06E4-48FB-B500-84F0262A717E): 2
LogDevObjectVersion:   Dev-Editor (E4B068ED-F494-42E9-A231-DA0B2E46BB41): 14
LogDevObjectVersion:   Dev-Framework (CFFC743F-43B0-4480-9391-14DF171D2073): 22
LogDevObjectVersion:   Dev-Mobile (B02B49B5-BB20-44E9-A304-32B752E40360): 0
LogDevObjectVersion:   Dev-Networking (A4E4105C-59A1-49B5-A7C5-40C4547EDFEE): 0
LogDevObjectVersion:   Dev-Online (39C831C9-5AE6-47DC-9A44-9C173E1C8E7C): 0
LogDevObjectVersion:   Dev-Physics (78F01B33-EBEA-4F98-B9B4-84EACCB95AA2): 0
LogDevObjectVersion:   Dev-Platform (6631380F-2D4D-43E0-8009-CF276956A95A): 0
LogDevObjectVersion:   Dev-Rendering (12F88B9F-8875-4AFC-A67C-D90C383ABD29): 12
LogDevObjectVersion:   Dev-Sequencer (7B5AE74C-D270-4C10-A958-57980B212A5A): 3
LogDevObjectVersion:   Dev-VR (D7296918-1DD6-4BDD-9DE2-64A83CC13884): 0
LogDevObjectVersion:   Dev-LoadTimes (C2A15278-BFE7-4AFE-6C17-90FF531DF755): 1
LogInit: Compiled (64-bit): Feb 14 2017 02:04:14
LogInit: Compiled with Visual C++: 19.00.23026.00
LogInit: Build Configuration: Development
LogInit: Branch Name: ++UE4+Release-4.15
LogInit: Command line: 
LogInit: Base directory: E:/Program Files/Epic Games/UE_4.15/Engine/Binaries/Win64/
LogInit: Installed Engine Build: 1
LogInit: Presizing for max 8388607 objects, including 0 objects not considered by GC, pre-allocating 0 bytes for permanent pool.
LogInit: Object subsystem initialized
[2017.06.16-11.12.04:280][  0]LogInit: Selected Device Profile: [Windows]
[2017.06.16-11.12.04:280][  0]LogInit: Applying CVar settings loaded from the selected device profile: [Windows]
[2017.06.16-11.12.04:418][  0]LogInit: Computer: DEMIGOD-PC
[2017.06.16-11.12.04:418][  0]LogInit: User: Demigod
[2017.06.16-11.12.04:418][  0]LogInit: CPU Page size=65536, Cores=2
[2017.06.16-11.12.04:418][  0]LogInit: High frequency timer resolution =2.825664 MHz
[2017.06.16-11.12.04:418][  0]LogMemory: Memory total: Physical=4.0GB (4GB approx)
[2017.06.16-11.12.04:418][  0]LogMemory: Platform Memory Stats for Windows
[2017.06.16-11.12.04:418][  0]LogMemory: Process Physical Memory: 263.33 MB used, 263.33 MB peak
[2017.06.16-11.12.04:418][  0]LogMemory: Process Virtual Memory: 263.88 MB used, 263.88 MB peak
[2017.06.16-11.12.04:418][  0]LogMemory: Physical Memory: 3599.92 MB used,  459.96 MB free, 4059.88 MB total
[2017.06.16-11.12.04:418][  0]LogMemory: Virtual Memory: 632.62 MB used,  459.96 MB free, 8388608.00 MB total
[2017.06.16-11.12.05:771][  0]LogTextLocalizationManager: No specific translations for ('en-US') exist, so ('en') translations will be used.
[2017.06.16-11.12.19:222][  0]LogD3D11RHI: D3D11 adapters:
[2017.06.16-11.12.19:393][  0]LogD3D11RHI:    0. 'NVIDIA GeForce GTX 970' (Feature Level 11_0)
[2017.06.16-11.12.19:393][  0]LogD3D11RHI:       4008/0/1773 MB DedicatedVideo/DedicatedSystem/SharedSystem, Outputs:1, VendorId:0x10de
[2017.06.16-11.12.19:393][  0]LogD3D11RHI: Chosen D3D11 Adapter: 0
[2017.06.16-11.12.19:406][  0]LogD3D11RHI: Creating new Direct3DDevice
[2017.06.16-11.12.19:407][  0]LogD3D11RHI:     GPU DeviceId: 0x13c2 (for the marketing name, search the web for "GPU Device Id")
[2017.06.16-11.12.19:407][  0]LogWindows: EnumDisplayDevices:
[2017.06.16-11.12.19:407][  0]LogWindows:    0. 'NVIDIA GeForce GTX 970' (P:1 D:1)
[2017.06.16-11.12.19:407][  0]LogWindows:    1. 'NVIDIA GeForce GTX 970' (P:0 D:0)
[2017.06.16-11.12.19:407][  0]LogWindows:    2. 'NVIDIA GeForce GTX 970' (P:0 D:0)
[2017.06.16-11.12.19:407][  0]LogWindows:    3. 'NVIDIA GeForce GTX 970' (P:0 D:0)
[2017.06.16-11.12.19:407][  0]LogWindows:    4. 'RDPDD Chained DD' (P:0 D:0)
[2017.06.16-11.12.19:408][  0]LogWindows:    5. 'RDP Encoder Mirror Driver' (P:0 D:0)
[2017.06.16-11.12.19:408][  0]LogWindows:    6. 'RDP Reflector Display Driver' (P:0 D:0)
[2017.06.16-11.12.19:408][  0]LogWindows: DebugString: GetVideoDriverDetailsInvalid PrimaryIsNotTheChoosenAdapter GetVideoDriverDetailsInvalid PrimaryIsNotTheChoosenAdapter GetVideoDriverDetailsInvalid PrimaryIsNotTheChoosenAdapter FoundDriverCount:4 
[2017.06.16-11.12.19:408][  0]LogD3D11RHI:     Adapter Name: NVIDIA GeForce GTX 970
[2017.06.16-11.12.19:408][  0]LogD3D11RHI:   Driver Version: 382.33 (internal:22.21.13.8233, unified:382.33)
[2017.06.16-11.12.19:408][  0]LogD3D11RHI:      Driver Date: 5-17-2017
[2017.06.16-11.12.19:408][  0]LogRHI: Texture pool is 1361 MB (70% of 1945 MB)
[2017.06.16-11.12.19:477][  0]LogD3D11RHI: Async texture creation enabled
[2017.06.16-11.12.19:490][  0]LogD3D11RHI: GPU Timing Frequency: 1000.000000 (Debug: 2 1)
[2017.06.16-11.12.19:553][  0]LogShaderCompilers: Guid format shader working directory is 27 characters bigger than the processId version (F:/Unreal/AncientGame/Intermediate/Shaders/WorkingDirectory/6636/).
[2017.06.16-11.12.19:553][  0]LogShaderCompilers: Cleaned the shader compiler working directory 'C:/Users/Demigod/AppData/Local/Temp/UnrealShaderWorkingDir/647E632D43EBDCDAEC7D6D9CBDCAF2A7/'.
[2017.06.16-11.12.19:553][  0]LogShaderCompilers:Display: Using Local Shader Compiler.
[2017.06.16-11.12.27:555][  0]LogTemp:Display: Loaded TP AllDesktopTargetPlatform
[2017.06.16-11.12.27:831][  0]LogTemp:Display: Loaded TP MacClientTargetPlatform
[2017.06.16-11.12.27:951][  0]LogTemp:Display: Loaded TP MacNoEditorTargetPlatform
[2017.06.16-11.12.28:110][  0]LogTemp:Display: Loaded TP MacServerTargetPlatform
[2017.06.16-11.12.28:358][  0]LogTemp:Display: Loaded TP MacTargetPlatform
[2017.06.16-11.12.28:450][  0]LogTemp:Display: Loaded TP WindowsClientTargetPlatform
[2017.06.16-11.12.28:616][  0]LogTemp:Display: Loaded TP WindowsNoEditorTargetPlatform
[2017.06.16-11.12.28:789][  0]LogTemp:Display: Loaded TP WindowsServerTargetPlatform
[2017.06.16-11.12.28:872][  0]LogTemp:Display: Loaded TP WindowsTargetPlatform
[2017.06.16-11.12.29:012][  0]LogTemp:Display: Loaded TP AndroidTargetPlatform
[2017.06.16-11.12.29:126][  0]LogTemp:Display: Loaded TP Android_ASTCTargetPlatform
[2017.06.16-11.12.29:226][  0]LogTemp:Display: Loaded TP Android_ATCTargetPlatform
[2017.06.16-11.12.29:363][  0]LogTemp:Display: Loaded TP Android_DXTTargetPlatform
[2017.06.16-11.12.29:483][  0]LogTemp:Display: Loaded TP Android_ETC1TargetPlatform
[2017.06.16-11.12.29:672][  0]LogTemp:Display: Loaded TP Android_ETC2TargetPlatform
[2017.06.16-11.12.30:103][  0]LogTemp:Display: Loaded TP Android_MultiTargetPlatform
[2017.06.16-11.12.30:103][  0]LogTemp:Display: Loaded TP Android_PVRTCTargetPlatform
[2017.06.16-11.12.30:298][  0]LogTemp:Display: Loaded TP HTML5TargetPlatform
[2017.06.16-11.12.30:607][  0]LogTemp:Display: Loaded TP IOSTargetPlatform
[2017.06.16-11.12.30:690][  0]LogTemp:Display: Loaded TP TVOSTargetPlatform
[2017.06.16-11.12.30:847][  0]LogTemp:Display: Loaded TP LinuxClientTargetPlatform
[2017.06.16-11.12.30:995][  0]LogTemp:Display: Loaded TP LinuxNoEditorTargetPlatform
[2017.06.16-11.12.31:085][  0]LogTemp:Display: Loaded TP LinuxServerTargetPlatform
[2017.06.16-11.12.31:285][  0]LogTemp:Display: Loaded TP LinuxTargetPlatform
[2017.06.16-11.12.31:285][  0]LogTargetPlatformManager:Display: Building Assets For Windows
[2017.06.16-11.12.32:876][  0]LogDerivedDataCache:Display: Max Cache Size: 512 MB
[2017.06.16-11.12.33:655][  0]LogDerivedDataCache: Loaded boot cache 0.78s 50MB C:/Users/Demigod/AppData/Local/UnrealEngine/4.15/DerivedDataCache/Boot.ddc.
[2017.06.16-11.12.33:655][  0]LogDerivedDataCache:Display: Loaded Boot cache: C:/Users/Demigod/AppData/Local/UnrealEngine/4.15/DerivedDataCache/Boot.ddc
[2017.06.16-11.12.33:656][  0]LogDerivedDataCache: FDerivedDataBackendGraph:  Pak pak cache file F:/Unreal/AncientGame/DerivedDataCache/DDC.ddp not found, will not use a pak cache.
[2017.06.16-11.12.33:656][  0]LogDerivedDataCache: Unable to find inner node Pak for hierarchical cache Hierarchy.
[2017.06.16-11.12.33:656][  0]LogDerivedDataCache: FDerivedDataBackendGraph:  CompressedPak pak cache file F:/Unreal/AncientGame/DerivedDataCache/Compressed.ddp not found, will not use a pak cache.
[2017.06.16-11.12.33:656][  0]LogDerivedDataCache: Unable to find inner node CompressedPak for hierarchical cache Hierarchy.
[2017.06.16-11.12.33:734][  0]LogDerivedDataCache:Display: Pak cache opened for reading ../../../Engine/DerivedDataCache/Compressed.ddp.
[2017.06.16-11.12.33:760][  0]LogDerivedDataCache: Using Local data cache path C:/Users/Demigod/AppData/Local/UnrealEngine/Common/DerivedDataCache: Writable
[2017.06.16-11.12.33:772][  0]LogSlate: Using Freetype 2.6.0
[2017.06.16-11.12.33:808][  0]LogSlate: SlateFontCache - WITH_FREETYPE: 1, WITH_HARFBUZZ: 1
[2017.06.16-11.12.33:808][  0]LogSlate: SlateFontCache - WITH_FREETYPE: 1, WITH_HARFBUZZ: 1
[2017.06.16-11.12.37:871][  0]LogInit: Selected Device Profile: [Windows]
[2017.06.16-11.12.37:904][  0]LogContentStreaming: Texture pool size is 0.00 MB
[2017.06.16-11.12.38:829][  0]LogMeshUtilities: Using QuadricMeshReduction for automatic static mesh reduction
[2017.06.16-11.12.39:014][  0]LogSimplygon: Simplygon DLL not present - disabling.
[2017.06.16-11.12.39:093][  0]LogMeshUtilities: Using SimplygonSwarm for distributed automatic mesh merging
[2017.06.16-11.12.39:093][  0]LogMeshUtilities: No automatic skeletal mesh reduction module available
[2017.06.16-11.12.39:093][  0]LogMeshUtilities: No automatic mesh merging module available
[2017.06.16-11.12.41:085][  0]LogNetVersion: GetLocalNetworkVersion: CL: 3299760, ProjectName: ancientgame, ProjectVersion: , EngineNetworkVersion: 2, GameNetworkVersion: 0, NetworkChecksum: 451849076
[2017.06.16-11.12.41:182][  0]LogAssetRegistry: FAssetRegistry took 0.0542 seconds to start up
[2017.06.16-11.12.41:552][  0]LogPackageLocalizationCache: Processed 3 localized package path(s) for 2 prioritized culture(s) in 0.349277 seconds
[2017.06.16-11.12.41:559][  0]LogUObjectArray: 32475 objects as part of root set at end of initial load.
[2017.06.16-11.12.41:559][  0]LogUObjectAllocator: 7073368 out of 0 bytes used by permanent object pool.
[2017.06.16-11.12.41:559][  0]LogUObjectArray: CloseDisregardForGC: 0/0 objects in disregard for GC pool
[2017.06.16-11.12.41:700][  0]LogInit: WinSock: version 1.1 (2.2), MaxSocks=32767, MaxUdp=65467
[2017.06.16-11.12.56:239][  0]LogTcpMessaging: Initializing TcpMessaging bridge
[2017.06.16-11.12.56:304][  0]LogUdpMessaging: Initializing bridge on interface 0.0.0.0:0 to multicast group 230.0.0.1:6666.
[2017.06.16-11.12.57:411][  0]LogMaterial: Uniform references updated for custom material expression Custom.
[2017.06.16-11.12.58:370][  0]SourceControl: Info Source control is disabled
[2017.06.16-11.12.59:229][  0]SourceControl: Info Source control is disabled
[2017.06.16-11.12.59:338][  0]SourceControl: Info Source control is disabled
[2017.06.16-11.12.59:469][  0]SourceControl: Info Source control is disabled
[2017.06.16-11.13.00:554][  0]LogLinker:Warning: Can't find file '/Game/FirstPersonBP/FirstPersonOverview'
[2017.06.16-11.13.00:554][  0]LogLinker:Warning: Can't find file '/Game/FirstPersonBP/FirstPersonOverview'
[2017.06.16-11.13.00:554][  0]LogUObjectGlobals:Warning: Failed to find object 'Class /Game/FirstPersonBP/FirstPersonOverview.FirstPersonOverview_C'
[2017.06.16-11.13.04:653][  0]LogEngine: Initializing Engine...
[2017.06.16-11.13.04:653][  0]LogHMD: Failed to initialize OpenVR with code 110
[2017.06.16-11.13.05:353][  0]LogAIModule: Creating AISystem for world Untitled
[2017.06.16-11.13.05:435][  0]LogInit: XAudio2 using 'Speakers (Realtek High Definition Audio)' : 2 channels at 48 kHz using 32 bits per sample (channel mask 0x3)
[2017.06.16-11.13.05:540][  0]LogInit: FAudioDevice initialized.
[2017.06.16-11.13.05:581][  0]LogDerivedDataCache: Saved boot cache 0.04s 50MB C:/Users/Demigod/AppData/Local/UnrealEngine/4.15/DerivedDataCache/Boot.ddc.
[2017.06.16-11.13.05:600][  0]LogInit: Texture streaming: Enabled
[2017.06.16-11.13.05:792][  0]LogEngineSessionManager: EngineSessionManager initialized
[2017.06.16-11.13.06:205][  0]LogInit: Transaction tracking system initialized
[2017.06.16-11.13.07:108][  0]BlueprintLog: New page: Editor Load
[2017.06.16-11.13.09:597][  0]LocalizationService: Info Localization service is disabled
[2017.06.16-11.13.11:428][  0]LogConsoleResponse:Display: 
[2017.06.16-11.13.12:287][  0]LogCook:Display: Max memory allowance for cook 16384mb min free memory 0mb
[2017.06.16-11.13.12:287][  0]LogCook:Display: Mobile HDR setting 1
[2017.06.16-11.13.12:618][  0]LogFileCache: Scanning file cache for directory 'F:/Unreal/AncientGame/Content/' took 0.03s
[2017.06.16-11.13.15:198][  0]SourceControl: Info Source control is disabled
[2017.06.16-11.13.15:198][  0]Cmd: MAP LOAD FILE="../../../Engine/Content/Maps/Templates/Template_Default.umap" TEMPLATE=1 SHOWPROGRESS=1 FEATURELEVEL=3
[2017.06.16-11.13.15:220][  0]LightingResults: New page: Lighting Build
[2017.06.16-11.13.15:335][  0]MapCheck: New page: Map Check
[2017.06.16-11.13.15:335][  0]LightingResults: New page: Lighting Build
[2017.06.16-11.13.15:970][  0]LogAIModule: Creating AISystem for world Untitled_1
[2017.06.16-11.13.15:971][  0]LogActorComponent: RegisterComponentWithWorld: (/Temp/Untitled_1.Untitled_1:PersistentLevel.WorldSettings_1.StaticMeshComponent0) Trying to register component with IsPendingKill() == true. Aborting.
[2017.06.16-11.13.15:979][  0]LogEditorServer: Finished looking for orphan Actors (0.000 secs)
[2017.06.16-11.13.16:001][  0]Cmd: MAP CHECKDEP NOCLEARLOG
[2017.06.16-11.13.16:199][  0]MapCheck: Info Map check complete: 0 Error(s), 0 Warning(s), took 197.934ms to complete.
[2017.06.16-11.13.16:199][  0]LogFileHelpers: Loading map 'Template_Default' took 1.001
[2017.06.16-11.13.18:897][  0]LogCollectionManager: Loaded 0 collections in 0.001708 seconds
[2017.06.16-11.13.19:237][  0]LogFileCache: Scanning file cache for directory 'F:/Unreal/AncientGame/Saved/Collections/' took 0.02s
[2017.06.16-11.13.19:238][  0]LogFileCache: Scanning file cache for directory 'F:/Unreal/AncientGame/Content/Developers/Demigod/Collections/' took 0.00s
[2017.06.16-11.13.19:238][  0]LogFileCache: Scanning file cache for directory 'F:/Unreal/AncientGame/Content/Collections/' took 0.00s
[2017.06.16-11.13.19:238][  0]LogCollectionManager: Rebuilt the GUID cache for 0 collections in 0.000007 seconds
[2017.06.16-11.13.19:298][  0]LogContentBrowser: Native class hierarchy populated in 0.0350 seconds. Added 2251 classes and 452 folders.
[2017.06.16-11.13.19:370][  0]LogStats: UGameplayTagsManager::ConstructGameplayTagTree: Construct from data asset -  0.000 s
[2017.06.16-11.13.19:380][  0]LogStats: UGameplayTagsManager::ConstructGameplayTagTree: GameplayTagTreeChangedEvent.Broadcast -  0.000 s
[2017.06.16-11.13.19:566][  0]LogContentBrowser: Native class hierarchy updated for 'WidgetCarousel' in 0.0006 seconds. Added 0 classes and 0 folders.
[2017.06.16-11.13.21:765][  0]LogContentBrowser: Native class hierarchy updated for 'AddContentDialog' in 0.0007 seconds. Added 0 classes and 0 folders.
[2017.06.16-11.13.22:101][  0]LogContentBrowser: Native class hierarchy updated for 'SceneOutliner' in 0.0008 seconds. Added 1 classes and 2 folders.
[2017.06.16-11.13.22:747][  0]LogCrashTracker: Crashtracker disabled due to settings.
[2017.06.16-11.13.22:940][  0]LogUObjectGlobals:Warning: Failed to find object 'Class None.'
[2017.06.16-11.13.23:133][  0]LogContentBrowser: Native class hierarchy updated for 'HierarchicalLODOutliner' in 0.0007 seconds. Added 1 classes and 2 folders.
[2017.06.16-11.13.23:134][  0]LogLoad: (Engine Initialization) Total time: 87.78 seconds
[2017.06.16-11.13.23:134][  0]LogLoad: (Engine Initialization) Total Blueprint compile time: 0.40 seconds
[2017.06.16-11.13.23:134][  0]LogExternalProfiler: Found external profiler: VSPerf
[2017.06.16-11.13.23:134][  0]LogExternalProfiler: Using external profiler: VSPerf
[2017.06.16-11.13.23:570][  0]LogOcInput: OculusInput pre-init called
[2017.06.16-11.13.24:167][  0]LogContentStreaming: Texture pool size now 1000 MB
[2017.06.16-11.13.24:196][  0]LogSlate: Took 0.027766 seconds to synchronously load lazily loaded font '../../../Engine/Content/Slate/Fonts/Roboto-Regular.ttf' (155K)
[2017.06.16-11.13.24:236][  0]LogSlate: Took 0.033032 seconds to synchronously load lazily loaded font '../../../Engine/Content/Slate/Fonts/Roboto-Bold.ttf' (160K)
[2017.06.16-11.13.24:397][  0]LogSlate: Took 0.015201 seconds to synchronously load lazily loaded font '../../../Engine/Content/Editor/Slate/Fonts/FontAwesome.ttf' (139K)
[2017.06.16-11.13.26:461][  0]LogRenderer: Reallocating scene render targets to support 1208x576 NumSamples 1 (Frame:2).
[2017.06.16-11.13.29:161][  5]LogAssetRegistry: Asset discovery search completed in 48.0318 seconds
[2017.06.16-11.13.29:161][  5]LogCollectionManager: Rebuilt the object cache for 0 collections in 0.000008 seconds (found 0 objects)
[2017.06.16-11.13.29:161][  5]LogCollectionManager: Fixed up redirectors for 0 collections in 0.000045 seconds (updated 0 objects)
[2017.06.16-11.13.30:686][  8]LogSlate: Took 0.054967 seconds to synchronously load lazily loaded font '../../../Engine/Content/Slate/Fonts/Roboto-Light.ttf' (159K)
[2017.06.16-11.16.01:208][624]Cmd: MAP LOAD FILE="F:/Unreal/AncientGame/Content/Maps/Testbed.umap" TEMPLATE=0 SHOWPROGRESS=1 FEATURELEVEL=3
[2017.06.16-11.16.01:249][624]LogSlate: Took 0.000499 seconds to synchronously load lazily loaded font '../../../Engine/Content/Slate/Fonts/Roboto-Light.ttf' (159K)
[2017.06.16-11.16.01:288][624]LightingResults: New page: Lighting Build
[2017.06.16-11.16.01:292][624]LoadErrors: New page: Loading map: Testbed.umap
[2017.06.16-11.16.01:345][624]MapCheck: New page: Map Check
[2017.06.16-11.16.01:345][624]LightingResults: New page: Lighting Build
[2017.06.16-11.16.02:537][624]LogSlate: Took 0.000366 seconds to synchronously load lazily loaded font '../../../Engine/Content/Slate/Fonts/Roboto-Regular.ttf' (155K)
[2017.06.16-11.16.03:709][624]LogAIModule: Creating AISystem for world Testbed
[2017.06.16-11.16.04:144][624]LogEditorServer: Finished looking for orphan Actors (0.000 secs)
[2017.06.16-11.16.04:312][624]Cmd: MAP CHECKDEP NOCLEARLOG
[2017.06.16-11.16.04:585][624]MapCheck: Info Map check complete: 0 Error(s), 0 Warning(s), took 273.115ms to complete.
[2017.06.16-11.16.04:585][624]LogFileHelpers: Loading map 'Testbed' took 3.403
[2017.06.16-11.19.39:571][489]LogTemp: Repeting last play command: Selected Viewport
[2017.06.16-11.19.39:626][489]LogBlueprintUserMessages: Early PlayInEditor Detection: Level '/Game/Maps/Testbed.Testbed:PersistentLevel' has LevelScriptBlueprint '/Game/Maps/Testbed.Testbed:PersistentLevel.Testbed' with GeneratedClass '/Game/Maps/Testbed.Testbed_C' with ClassGeneratedBy '/Game/Maps/Testbed.Testbed:PersistentLevel.Testbed'
[2017.06.16-11.19.39:635][489]LogPlayLevel: PlayLevel: No blueprints needed recompiling
[2017.06.16-11.19.39:691][489]PIE: New page: PIE session: Testbed (Jun 16, 2017, 10:19:39 PM)
[2017.06.16-11.19.39:698][489]LogPlayLevel: Creating play world package: /Game/Maps/UEDPIE_0_Testbed
[2017.06.16-11.19.39:767][489]LogPlayLevel: PIE: StaticDuplicateObject took: (0.068951s)
[2017.06.16-11.19.39:768][489]LogAIModule: Creating AISystem for world Testbed
[2017.06.16-11.19.39:768][489]LogPlayLevel: PIE: World Init took: (0.001114s)
[2017.06.16-11.19.39:775][489]LogPlayLevel: PIE: Created PIE world by copying editor world from /Game/Maps/Testbed.Testbed to /Game/Maps/UEDPIE_0_Testbed.Testbed (0.077140s)
[2017.06.16-11.19.39:851][489]LogInit: XAudio2 using 'Speakers (Realtek High Definition Audio)' : 2 channels at 48 kHz using 32 bits per sample (channel mask 0x3)
[2017.06.16-11.19.39:884][489]LogInit: FAudioDevice initialized.
[2017.06.16-11.19.40:478][489]LogLoad: Game class is 'AncientGameMode_C'
[2017.06.16-11.19.40:556][489]LogWorld: Bringing World /Game/Maps/UEDPIE_0_Testbed.Testbed up for play (max tick rate 0) at 2017.06.16-16.49.40
[2017.06.16-11.19.40:634][489]LogWorld: Bringing up level for play took: 0.082770
[2017.06.16-11.19.40:810][489]LogContentBrowser: Native class hierarchy updated for 'MovieSceneCapture' in 0.0008 seconds. Added 11 classes and 0 folders.
[2017.06.16-11.19.40:822][489]LogGameMode:Display: Match State Changed from EnteringMap to WaitingToStart
[2017.06.16-11.19.40:822][489]LogGameState: Match State Changed from EnteringMap to WaitingToStart
[2017.06.16-11.19.40:822][489]LogGameMode:Display: Match State Changed from WaitingToStart to InProgress
[2017.06.16-11.19.40:920][489]LogBlueprintUserMessages: [WB_AG_HUD_C_0] 1
[2017.06.16-11.19.40:989][489]LogGameState: Match State Changed from WaitingToStart to InProgress
[2017.06.16-11.19.41:002][489]PIE: Info Play in editor start time for /Game/Maps/UEDPIE_0_Testbed 1.994
[2017.06.16-11.19.41:003][489]LogBlueprintUserMessages: Late PlayInEditor Detection: Level '/Game/Maps/Testbed.Testbed:PersistentLevel' has LevelScriptBlueprint '/Game/Maps/Testbed.Testbed:PersistentLevel.Testbed' with GeneratedClass '/Game/Maps/Testbed.Testbed_C' with ClassGeneratedBy '/Game/Maps/Testbed.Testbed:PersistentLevel.Testbed'
[2017.06.16-11.19.41:271][490]LogBlueprintUserMessages: [Debug_PrintString_C_1] Random Movement
[2017.06.16-11.19.44:972][702]LogBlueprintUserMessages: Early EndPlayMap Detection: Level '/Game/Maps/Testbed.Testbed:PersistentLevel' has LevelScriptBlueprint '/Game/Maps/Testbed.Testbed:PersistentLevel.Testbed' with GeneratedClass '/Game/Maps/Testbed.Testbed_C' with ClassGeneratedBy '/Game/Maps/Testbed.Testbed:PersistentLevel.Testbed'
[2017.06.16-11.19.45:021][702]LogBlueprintUserMessages: [AG_AI_Controller_C_0] Controller Destroyed
[2017.06.16-11.19.45:124][702]LogBlueprintUserMessages: Late EndPlayMap Detection: Level '/Game/Maps/Testbed.Testbed:PersistentLevel' has LevelScriptBlueprint '/Game/Maps/Testbed.Testbed:PersistentLevel.Testbed' with GeneratedClass '/Game/Maps/Testbed.Testbed_C' with ClassGeneratedBy '/Game/Maps/Testbed.Testbed:PersistentLevel.Testbed'
[2017.06.16-11.19.47:151][816]LogTemp: Repeting last play command: Selected Viewport
[2017.06.16-11.19.47:207][816]LogBlueprintUserMessages: Early PlayInEditor Detection: Level '/Game/Maps/Testbed.Testbed:PersistentLevel' has LevelScriptBlueprint '/Game/Maps/Testbed.Testbed:PersistentLevel.Testbed' with GeneratedClass '/Game/Maps/Testbed.Testbed_C' with ClassGeneratedBy '/Game/Maps/Testbed.Testbed:PersistentLevel.Testbed'
[2017.06.16-11.19.47:207][816]LogPlayLevel: PlayLevel: No blueprints needed recompiling
[2017.06.16-11.19.47:215][816]PIE: New page: PIE session: Testbed (Jun 16, 2017, 10:19:47 PM)
[2017.06.16-11.19.47:216][816]LogPlayLevel: Creating play world package: /Game/Maps/UEDPIE_0_Testbed
[2017.06.16-11.19.47:249][816]LogPlayLevel: PIE: StaticDuplicateObject took: (0.033371s)
[2017.06.16-11.19.47:250][816]LogAIModule: Creating AISystem for world Testbed
[2017.06.16-11.19.47:250][816]LogPlayLevel: PIE: World Init took: (0.000845s)
[2017.06.16-11.19.47:250][816]LogPlayLevel: PIE: Created PIE world by copying editor world from /Game/Maps/Testbed.Testbed to /Game/Maps/UEDPIE_0_Testbed.Testbed (0.034513s)
[2017.06.16-11.19.47:285][816]LogInit: XAudio2 using 'Speakers (Realtek High Definition Audio)' : 2 channels at 48 kHz using 32 bits per sample (channel mask 0x3)
[2017.06.16-11.19.47:318][816]LogInit: FAudioDevice initialized.
[2017.06.16-11.19.47:362][816]LogLoad: Game class is 'AncientGameMode_C'
[2017.06.16-11.19.47:365][816]LogWorld: Bringing World /Game/Maps/UEDPIE_0_Testbed.Testbed up for play (max tick rate 0) at 2017.06.16-16.49.47
[2017.06.16-11.19.47:366][816]LogWorld: Bringing up level for play took: 0.003438
[2017.06.16-11.19.47:367][816]LogGameMode:Display: Match State Changed from EnteringMap to WaitingToStart
[2017.06.16-11.19.47:367][816]LogGameState: Match State Changed from EnteringMap to WaitingToStart
[2017.06.16-11.19.47:367][816]LogGameMode:Display: Match State Changed from WaitingToStart to InProgress
[2017.06.16-11.19.47:369][816]LogBlueprintUserMessages: [WB_AG_HUD_C_1] 1
[2017.06.16-11.19.47:371][816]LogGameState: Match State Changed from WaitingToStart to InProgress
[2017.06.16-11.19.47:371][816]PIE: Info Play in editor start time for /Game/Maps/UEDPIE_0_Testbed 0.361
[2017.06.16-11.19.47:371][816]LogBlueprintUserMessages: Late PlayInEditor Detection: Level '/Game/Maps/Testbed.Testbed:PersistentLevel' has LevelScriptBlueprint '/Game/Maps/Testbed.Testbed:PersistentLevel.Testbed' with GeneratedClass '/Game/Maps/Testbed.Testbed_C' with ClassGeneratedBy '/Game/Maps/Testbed.Testbed:PersistentLevel.Testbed'
[2017.06.16-11.19.47:441][817]LogBlueprintUserMessages: [Debug_PrintString_C_1] Random Movement
[2017.06.16-11.19.54:885][220]LogBlueprintUserMessages: [Debug_PrintString_C_3] Finish Sequence 2
[2017.06.16-11.19.54:934][223]LogBlueprintUserMessages: [Debug_PrintString_C_0] Hunger:true
[2017.06.16-11.20.01:710][642]LogBlueprintUserMessages: [Debug_PrintString_C_2] Finished Seq 1
[2017.06.16-11.20.01:751][645]LogBlueprintUserMessages: [Debug_PrintString_C_0] Hunger:true
[2017.06.16-11.20.01:805][649]LogBlueprintUserMessages: [Debug_PrintString_C_2] Finished Seq 1
[2017.06.16-11.20.01:845][652]LogBlueprintUserMessages: [Debug_PrintString_C_0] Hunger:true
[2017.06.16-11.20.01:926][656]LogBlueprintUserMessages: [Debug_PrintString_C_2] Finished Seq 1
[2017.06.16-11.20.01:968][659]LogBlueprintUserMessages: [Debug_PrintString_C_0] Hunger:true
[2017.06.16-11.20.02:026][663]LogBlueprintUserMessages: [Debug_PrintString_C_2] Finished Seq 1
[2017.06.16-11.20.02:069][666]LogBlueprintUserMessages: [Debug_PrintString_C_0] Hunger:true
[2017.06.16-11.20.02:130][670]LogBlueprintUserMessages: [Debug_PrintString_C_2] Finished Seq 1
[2017.06.16-11.20.02:174][673]LogBlueprintUserMessages: [Debug_PrintString_C_0] Hunger:true
[2017.06.16-11.20.02:260][677]LogBlueprintUserMessages: [Debug_PrintString_C_2] Finished Seq 1
[2017.06.16-11.20.02:310][680]LogBlueprintUserMessages: [Debug_PrintString_C_0] Hunger:true
[2017.06.16-11.20.02:395][684]LogBlueprintUserMessages: [Debug_PrintString_C_2] Finished Seq 1
[2017.06.16-11.20.02:444][687]LogBlueprintUserMessages: [Debug_PrintString_C_0] Hunger:true
[2017.06.16-11.20.02:512][691]LogBlueprintUserMessages: [Debug_PrintString_C_2] Finished Seq 1
[2017.06.16-11.20.02:561][694]LogBlueprintUserMessages: [Debug_PrintString_C_0] Hunger:true
[2017.06.16-11.20.06:483][903]LogBlueprintUserMessages: [Debug_PrintString_C_2] Finished Seq 1
[2017.06.16-11.20.06:519][906]LogBlueprintUserMessages: [Debug_PrintString_C_0] Hunger:true
[2017.06.16-11.20.06:575][910]LogBlueprintUserMessages: [Debug_PrintString_C_2] Finished Seq 1
[2017.06.16-11.20.06:618][913]LogBlueprintUserMessages: [Debug_PrintString_C_0] Hunger:true
[2017.06.16-11.20.06:690][917]LogBlueprintUserMessages: [Debug_PrintString_C_2] Finished Seq 1
[2017.06.16-11.20.06:731][920]LogBlueprintUserMessages: [Debug_PrintString_C_0] Hunger:true
[2017.06.16-11.20.06:786][924]LogBlueprintUserMessages: [Debug_PrintString_C_2] Finished Seq 1
[2017.06.16-11.20.06:828][927]LogBlueprintUserMessages: [Debug_PrintString_C_0] Hunger:true
[2017.06.16-11.20.06:892][931]LogBlueprintUserMessages: [Debug_PrintString_C_2] Finished Seq 1
[2017.06.16-11.20.06:938][934]LogBlueprintUserMessages: [Debug_PrintString_C_0] Hunger:true
[2017.06.16-11.20.07:004][938]LogBlueprintUserMessages: [Debug_PrintString_C_2] Finished Seq 1
[2017.06.16-11.20.07:053][941]LogBlueprintUserMessages: [Debug_PrintString_C_0] Hunger:true
[2017.06.16-11.20.07:182][945]LogBlueprintUserMessages: [Debug_PrintString_C_2] Finished Seq 1
[2017.06.16-11.20.07:273][948]LogBlueprintUserMessages: [Debug_PrintString_C_0] Hunger:true
[2017.06.16-11.20.22:313][800]LogBlueprintUserMessages: [Debug_PrintString_C_2] Finished Seq 1
[2017.06.16-11.20.22:373][803]LogBlueprintUserMessages: [Debug_PrintString_C_0] Hunger:true
[2017.06.16-11.20.22:495][807]LogBlueprintUserMessages: [Debug_PrintString_C_2] Finished Seq 1
[2017.06.16-11.20.22:611][810]LogBlueprintUserMessages: [Debug_PrintString_C_0] Hunger:true
[2017.06.16-11.20.22:705][814]LogBlueprintUserMessages: [Debug_PrintString_C_2] Finished Seq 1
[2017.06.16-11.20.22:747][817]LogBlueprintUserMessages: [Debug_PrintString_C_0] Hunger:true
[2017.06.16-11.20.22:830][821]LogBlueprintUserMessages: [Debug_PrintString_C_2] Finished Seq 1
[2017.06.16-11.20.22:873][824]LogBlueprintUserMessages: [Debug_PrintString_C_0] Hunger:true
[2017.06.16-11.20.22:930][828]LogBlueprintUserMessages: [Debug_PrintString_C_2] Finished Seq 1
[2017.06.16-11.20.22:972][831]LogBlueprintUserMessages: [Debug_PrintString_C_0] Hunger:true
[2017.06.16-11.20.23:031][835]LogBlueprintUserMessages: [Debug_PrintString_C_2] Finished Seq 1
[2017.06.16-11.20.23:077][838]LogBlueprintUserMessages: [Debug_PrintString_C_0] Hunger:true
[2017.06.16-11.20.23:139][842]LogBlueprintUserMessages: [Debug_PrintString_C_2] Finished Seq 1
[2017.06.16-11.20.23:189][845]LogBlueprintUserMessages: [Debug_PrintString_C_0] Hunger:true
[2017.06.16-11.20.24:987][934]LogBlueprintUserMessages: Early EndPlayMap Detection: Level '/Game/Maps/Testbed.Testbed:PersistentLevel' has LevelScriptBlueprint '/Game/Maps/Testbed.Testbed:PersistentLevel.Testbed' with GeneratedClass '/Game/Maps/Testbed.Testbed_C' with ClassGeneratedBy '/Game/Maps/Testbed.Testbed:PersistentLevel.Testbed'
[2017.06.16-11.20.24:995][934]LogBlueprintUserMessages: [AG_AI_Controller_C_0] Controller Destroyed
[2017.06.16-11.20.25:036][934]LogBlueprintUserMessages: Late EndPlayMap Detection: Level '/Game/Maps/Testbed.Testbed:PersistentLevel' has LevelScriptBlueprint '/Game/Maps/Testbed.Testbed:PersistentLevel.Testbed' with GeneratedClass '/Game/Maps/Testbed.Testbed_C' with ClassGeneratedBy '/Game/Maps/Testbed.Testbed:PersistentLevel.Testbed'
[2017.06.16-11.22.24:366][  6]LogEditorViewport: Clicking Background
[2017.06.16-11.22.25:221][ 50]LogEditorViewport: Clicking Background
[2017.06.16-11.22.39:387][979]LogEditorViewport: Clicking Background
[2017.06.16-11.22.51:787][721]LogEditorViewport: Clicking Background
[2017.06.16-11.22.54:202][807]Cmd: QUIT_EDITOR
[2017.06.16-11.22.54:695][807]LogExit: Preparing to exit.
[2017.06.16-11.22.56:071][807]LogExit: Editor shut down
[2017.06.16-11.22.56:074][807]LogExit: Transaction tracking system shut down
[2017.06.16-11.22.57:962][807]LogObj: Freed 0b from 0 cluster array pools.
[2017.06.16-11.22.57:962][807]LogExit: Object subsystem successfully closed.
[2017.06.16-11.22.58:385][807]LogD3D11RHI: Shutdown
[2017.06.16-11.22.58:385][807]LogD3D11RHI: CleanupD3DDevice
[2017.06.16-11.22.58:673][807]LogD3D11RHI: ~FD3D11DynamicRHI
[2017.06.16-11.22.59:902][807]LogModuleManager: Shutting down and abandoning module MovieSceneCapture (500)
[2017.06.16-11.22.59:902][807]LogModuleManager: Shutting down and abandoning module HierarchicalLODOutliner (498)
[2017.06.16-11.22.59:902][807]LogModuleManager: Shutting down and abandoning module CrashTracker (496)
[2017.06.16-11.22.59:902][807]LogModuleManager: Shutting down and abandoning module SceneOutliner (494)
[2017.06.16-11.22.59:902][807]LogModuleManager: Shutting down and abandoning module AddContentDialog (492)
[2017.06.16-11.22.59:917][807]LogDirectoryWatcher: A directory notification for 'E:/Program Files/Epic Games/UE_4.15/FeaturePacks/' was aborted.
[2017.06.16-11.22.59:918][807]LogModuleManager: Shutting down and abandoning module WidgetCarousel (491)
[2017.06.16-11.22.59:918][807]LogModuleManager: Shutting down and abandoning module EditorWidgets (488)
[2017.06.16-11.22.59:918][807]LogModuleManager: Shutting down and abandoning module CollectionManager (486)
[2017.06.16-11.22.59:918][807]LogDirectoryWatcher: A directory notification for 'F:/Unreal/AncientGame/Content/Collections/' was aborted.
[2017.06.16-11.22.59:918][807]LogDirectoryWatcher: A directory notification for 'F:/Unreal/AncientGame/Content/Developers/Demigod/Collections/' was aborted.
[2017.06.16-11.22.59:919][807]LogDirectoryWatcher: A directory notification for 'F:/Unreal/AncientGame/Saved/Collections/' was aborted.
[2017.06.16-11.22.59:919][807]LogModuleManager: Shutting down and abandoning module StatsViewer (484)
[2017.06.16-11.22.59:937][807]LogModuleManager: Shutting down and abandoning module FoliageEdit (482)
[2017.06.16-11.22.59:937][807]LogModuleManager: Shutting down and abandoning module LandscapeEditor (480)
[2017.06.16-11.22.59:942][807]LogModuleManager: Shutting down and abandoning module SceneDepthPickerMode (478)
[2017.06.16-11.22.59:942][807]LogModuleManager: Shutting down and abandoning module ActorPickerMode (476)
[2017.06.16-11.22.59:942][807]LogModuleManager: Shutting down and abandoning module GeometryMode (474)
[2017.06.16-11.22.59:942][807]LogModuleManager: Shutting down and abandoning module TextureAlignMode (472)
[2017.06.16-11.22.59:942][807]LogModuleManager: Shutting down and abandoning module BspMode (470)
[2017.06.16-11.22.59:942][807]LogModuleManager: Shutting down and abandoning module HardwareSurvey (468)
[2017.06.16-11.22.59:942][807]LogModuleManager: Shutting down and abandoning module SequenceRecorderSections (466)
[2017.06.16-11.22.59:942][807]LogModuleManager: Shutting down and abandoning module AutomationWorker (464)
[2017.06.16-11.22.59:942][807]LogModuleManager: Shutting down and abandoning module MatineeToLevelSequence (462)
[2017.06.16-11.22.59:942][807]LogModuleManager: Shutting down and abandoning module LevelSequenceEditor (460)
[2017.06.16-11.22.59:968][807]LogModuleManager: Shutting down and abandoning module PlacementMode (459)
[2017.06.16-11.22.59:969][807]LogModuleManager: Shutting down and abandoning module WmfMediaFactory (456)
[2017.06.16-11.22.59:969][807]LogModuleManager: Shutting down and abandoning module WmfMediaEditor (454)
[2017.06.16-11.22.59:969][807]LogModuleManager: Shutting down and abandoning module MfMediaFactory (452)
[2017.06.16-11.22.59:969][807]LogModuleManager: Shutting down and abandoning module MfMediaEditor (450)
[2017.06.16-11.22.59:969][807]LogModuleManager: Shutting down and abandoning module AvfMediaFactory (448)
[2017.06.16-11.22.59:969][807]LogModuleManager: Shutting down and abandoning module AvfMediaEditor (446)
[2017.06.16-11.22.59:969][807]LogModuleManager: Shutting down and abandoning module AndroidMediaFactory (444)
[2017.06.16-11.22.59:969][807]LogModuleManager: Shutting down and abandoning module Media (443)
[2017.06.16-11.22.59:969][807]LogModuleManager: Shutting down and abandoning module AndroidMediaEditor (440)
[2017.06.16-11.22.59:969][807]LogModuleManager: Shutting down and abandoning module CharacterAI (438)
[2017.06.16-11.22.59:969][807]LogModuleManager: Shutting down and abandoning module AudioCapture (436)
[2017.06.16-11.22.59:969][807]LogModuleManager: Shutting down and abandoning module SequenceRecorder (435)
[2017.06.16-11.23.00:008][807]LogModuleManager: Shutting down and abandoning module SmartSnapping (432)
[2017.06.16-11.23.00:008][807]LogModuleManager: Shutting down and abandoning module SessionServices (430)
[2017.06.16-11.23.00:008][807]LogModuleManager: Shutting down and abandoning module ViewportSnapping (428)
[2017.06.16-11.23.00:008][807]LogModuleManager: Shutting down and abandoning module ViewportInteraction (426)
[2017.06.16-11.23.00:008][807]LogModuleManager: Shutting down and abandoning module LogVisualizer (424)
[2017.06.16-11.23.00:008][807]LogModuleManager: Shutting down and abandoning module IntroTutorials (422)
[2017.06.16-11.23.00:019][807]LogModuleManager: Shutting down and abandoning module GameProjectGeneration (421)
[2017.06.16-11.23.00:040][807]LogModuleManager: Shutting down and abandoning module EditorLiveStreaming (418)
[2017.06.16-11.23.00:041][807]LogModuleManager: Shutting down and abandoning module IOSPlatformEditor (416)
[2017.06.16-11.23.00:041][807]LogModuleManager: Shutting down and abandoning module HTML5PlatformEditor (414)
[2017.06.16-11.23.00:041][807]LogModuleManager: Shutting down and abandoning module AndroidPlatformEditor (412)
[2017.06.16-11.23.00:041][807]LogModuleManager: Shutting down and abandoning module AndroidDeviceDetection (411)
[2017.06.16-11.23.00:186][807]LogModuleManager: Shutting down and abandoning module IOSRuntimeSettings (408)
[2017.06.16-11.23.00:186][807]LogModuleManager: Shutting down and abandoning module AndroidRuntimeSettings (406)
[2017.06.16-11.23.00:186][807]LogModuleManager: Shutting down and abandoning module InputBindingEditor (404)
[2017.06.16-11.23.00:186][807]LogModuleManager: Shutting down and abandoning module NiagaraEditor (402)
[2017.06.16-11.23.00:187][807]LogModuleManager: Shutting down and abandoning module MergeActors (400)
[2017.06.16-11.23.00:187][807]LogModuleManager: Shutting down and abandoning module SizeMap (398)
[2017.06.16-11.23.00:199][807]LogModuleManager: Shutting down and abandoning module TreeMap (396)
[2017.06.16-11.23.00:216][807]LogModuleManager: Shutting down and abandoning module ReferenceViewer (394)
[2017.06.16-11.23.00:217][807]LogModuleManager: Shutting down and abandoning module LocalizationDashboard (392)
[2017.06.16-11.23.00:224][807]LogModuleManager: Shutting down and abandoning module LocalizationService (391)
[2017.06.16-11.23.00:235][807]LogModuleManager: Shutting down and abandoning module HardwareTargeting (388)
[2017.06.16-11.23.00:239][807]LogModuleManager: Shutting down and abandoning module DeviceProfileEditor (386)
[2017.06.16-11.23.00:249][807]LogModuleManager: Shutting down and abandoning module UndoHistory (384)
[2017.06.16-11.23.00:265][807]LogModuleManager: Shutting down and abandoning module UserFeedback (382)
[2017.06.16-11.23.00:268][807]LogModuleManager: Shutting down and abandoning module XmlParser (380)
[2017.06.16-11.23.00:284][807]LogModuleManager: Shutting down and abandoning module Blutility (378)
[2017.06.16-11.23.00:292][807]LogModuleManager: Shutting down and abandoning module ProjectSettingsViewer (376)
[2017.06.16-11.23.00:292][807]LogModuleManager: Shutting down and abandoning module ProjectTargetPlatformEditor (375)
[2017.06.16-11.23.00:295][807]LogModuleManager: Shutting down and abandoning module EditorSettingsViewer (372)
[2017.06.16-11.23.00:295][807]LogModuleManager: Shutting down and abandoning module SettingsEditor (370)
[2017.06.16-11.23.00:317][807]LogModuleManager: Shutting down and abandoning module ProjectLauncher (368)
[2017.06.16-11.23.00:335][807]LogModuleManager: Shutting down and abandoning module SessionFrontend (366)
[2017.06.16-11.23.00:349][807]LogModuleManager: Shutting down and abandoning module ProfilerClient (364)
[2017.06.16-11.23.00:367][807]LogModuleManager: Shutting down and abandoning module DeviceManager (362)
[2017.06.16-11.23.00:385][807]LogModuleManager: Shutting down and abandoning module TargetDeviceServices (361)
[2017.06.16-11.23.00:453][807]LogModuleManager: Shutting down and abandoning module AutomationController (358)
[2017.06.16-11.23.00:593][807]LogModuleManager: Shutting down and abandoning module AutomationWindow (356)
[2017.06.16-11.23.00:697][807]LogModuleManager: Shutting down and abandoning module Layers (354)
[2017.06.16-11.23.00:791][807]LogModuleManager: Shutting down and abandoning module ComponentVisualizers (352)
[2017.06.16-11.23.00:791][807]LogModuleManager: Shutting down and abandoning module DetailCustomizations (350)
[2017.06.16-11.23.00:844][807]LogModuleManager: Shutting down and abandoning module PackagesDialog (348)
[2017.06.16-11.23.00:872][807]LogModuleManager: Shutting down and abandoning module Persona (346)
[2017.06.16-11.23.00:904][807]LogModuleManager: Shutting down and abandoning module AnimGraph (345)
[2017.06.16-11.23.00:904][807]LogModuleManager: Shutting down and abandoning module Kismet (342)
[2017.06.16-11.23.00:905][807]LogModuleManager: Shutting down and abandoning module GraphEditor (340)
[2017.06.16-11.23.00:973][807]LogModuleManager: Shutting down and abandoning module ClassViewer (338)
[2017.06.16-11.23.00:989][807]LogModuleManager: Shutting down and abandoning module Toolbox (336)
[2017.06.16-11.23.01:006][807]LogModuleManager: Shutting down and abandoning module ModuleUI (334)
[2017.06.16-11.23.01:016][807]LogModuleManager: Shutting down and abandoning module MovieSceneTools (332)
[2017.06.16-11.23.01:021][807]LogModuleManager: Shutting down and abandoning module OutputLog (330)
[2017.06.16-11.23.01:021][807]LogModuleManager: Shutting down and abandoning module GammaUI (328)
[2017.06.16-11.23.01:037][807]LogModuleManager: Shutting down and abandoning module Documentation (326)
[2017.06.16-11.23.01:037][807]LogModuleManager: Shutting down and abandoning module Niagara (324)
[2017.06.16-11.23.01:037][807]LogModuleManager: Shutting down and abandoning module StreamingPauseRendering (322)
[2017.06.16-11.23.01:037][807]LogModuleManager: Shutting down and abandoning module AnalyticsET (320)
[2017.06.16-11.23.01:037][807]LogModuleManager: Shutting down and abandoning module PortalServices (318)
[2017.06.16-11.23.01:037][807]LogModuleManager: Shutting down and abandoning module PortalRpc (316)
[2017.06.16-11.23.01:037][807]LogModuleManager: Shutting down and abandoning module MessagingRpc (314)
[2017.06.16-11.23.01:037][807]LogModuleManager: Shutting down and abandoning module AIModule (312)
[2017.06.16-11.23.01:037][807]LogModuleManager: Shutting down and abandoning module GameplayDebugger (311)
[2017.06.16-11.23.01:037][807]LogModuleManager: Shutting down and abandoning module AITestSuite (309)
[2017.06.16-11.23.01:038][807]LogModuleManager: Shutting down and abandoning module ProfilerService (306)
[2017.06.16-11.23.01:140][807]LogModuleManager: Shutting down and abandoning module TaskGraph (304)
[2017.06.16-11.23.01:162][807]LogModuleManager: Shutting down and abandoning module SteamVRController (302)
[2017.06.16-11.23.01:162][807]LogModuleManager: Shutting down and abandoning module SteamVR (300)
[2017.06.16-11.23.01:162][807]LogModuleManager: Shutting down and abandoning module ProceduralMeshComponentEditor (298)
[2017.06.16-11.23.01:162][807]LogModuleManager: Shutting down and abandoning module ProceduralMeshComponent (296)
[2017.06.16-11.23.01:172][807]LogModuleManager: Shutting down and abandoning module OculusLibrary (294)
[2017.06.16-11.23.01:172][807]LogModuleManager: Shutting down and abandoning module OculusInput (292)
[2017.06.16-11.23.01:172][807]LogModuleManager: Shutting down and abandoning module MobilePatchingUtils (290)
[2017.06.16-11.23.01:172][807]LogModuleManager: Shutting down and abandoning module CustomMeshComponent (288)
[2017.06.16-11.23.01:172][807]LogModuleManager: Shutting down and abandoning module CableComponent (286)
[2017.06.16-11.23.01:184][807]LogModuleManager: Shutting down and abandoning module ArchVisCharacter (284)
[2017.06.16-11.23.01:184][807]LogModuleManager: Shutting down and abandoning module MediaPlayerEditor (280)
[2017.06.16-11.23.01:217][807]LogModuleManager: Shutting down and abandoning module HTML5Networking (278)
[2017.06.16-11.23.01:217][807]LogModuleManager: Shutting down and abandoning module AlembicImporter (276)
[2017.06.16-11.23.01:233][807]LogModuleManager: Shutting down and abandoning module AlembicLibrary (275)
[2017.06.16-11.23.01:234][807]LogModuleManager: Shutting down and abandoning module GeometryCache (274)
[2017.06.16-11.23.01:240][807]LogModuleManager: Shutting down and abandoning module GeometryCacheEd (273)
[2017.06.16-11.23.01:240][807]LogModuleManager: Shutting down and abandoning module SuperSearchEditor (268)
[2017.06.16-11.23.01:241][807]LogModuleManager: Shutting down and abandoning module SuperSearch (267)
[2017.06.16-11.23.01:241][807]LogModuleManager: Shutting down and abandoning module SpeedTreeImporter (264)
[2017.06.16-11.23.01:241][807]LogModuleManager: Shutting down and abandoning module PluginBrowser (262)
[2017.06.16-11.23.01:268][807]LogModuleManager: Shutting down and abandoning module MobileLauncherProfileWizard (260)
[2017.06.16-11.23.01:284][807]LogModuleManager: Shutting down and abandoning module EpicSurvey (258)
[2017.06.16-11.23.01:284][807]LogModuleManager: Shutting down and abandoning module VisualStudioSourceCodeAccess (256)
[2017.06.16-11.23.01:284][807]LogModuleManager: Shutting down and abandoning module DesktopPlatform (255)
[2017.06.16-11.23.01:284][807]LogModuleManager: Shutting down and abandoning module UObjectPlugin (252)
[2017.06.16-11.23.01:284][807]LogModuleManager: Shutting down and abandoning module SubversionSourceControl (250)
[2017.06.16-11.23.01:302][807]LogModuleManager: Shutting down and abandoning module PerforceSourceControl (248)
[2017.06.16-11.23.01:323][807]LogModuleManager: Shutting down and abandoning module GitSourceControl (246)
[2017.06.16-11.23.01:334][807]LogModuleManager: Shutting down and abandoning module SourceControl (245)
[2017.06.16-11.23.01:342][807]LogModuleManager: Shutting down and abandoning module LightPropagationVolumeEditor (242)
[2017.06.16-11.23.01:342][807]LogModuleManager: Shutting down and abandoning module PaperTiledImporter (240)
[2017.06.16-11.23.01:342][807]LogModuleManager: Shutting down and abandoning module PaperSpriteSheetImporter (238)
[2017.06.16-11.23.01:342][807]LogModuleManager: Shutting down and abandoning module Paper2DEditor (236)
[2017.06.16-11.23.01:365][807]LogModuleManager: Shutting down and abandoning module MeshPaint (235)
[2017.06.16-11.23.01:371][807]LogModuleManager: Shutting down and abandoning module LevelEditor (233)
[2017.06.16-11.23.01:386][807]LogModuleManager: Shutting down and abandoning module PixelInspectorModule (232)
[2017.06.16-11.23.01:412][807]LogModuleManager: Shutting down and abandoning module MainFrame (230)
[2017.06.16-11.23.01:412][807]LogModuleManager: Shutting down and abandoning module HotReload (229)
[2017.06.16-11.23.01:422][807]LogModuleManager: Shutting down and abandoning module ContentBrowser (225)
[2017.06.16-11.23.01:424][807]LogModuleManager: Shutting down and abandoning module PhysXVehiclesEditor (222)
[2017.06.16-11.23.01:437][807]LogModuleManager: Shutting down and abandoning module PhysXVehicles (220)
[2017.06.16-11.23.01:437][807]LogModuleManager: Shutting down and abandoning module LocationServicesBPLibrary (218)
[2017.06.16-11.23.01:437][807]LogModuleManager: Shutting down and abandoning module UdpMessaging (216)
[2017.06.16-11.23.01:537][807]LogModuleManager: Shutting down and abandoning module TcpMessaging (214)
[2017.06.16-11.23.01:642][807]LogModuleManager: Shutting down and abandoning module GameplayTagsEditor (212)
[2017.06.16-11.23.01:668][807]LogModuleManager: Shutting down and abandoning module FacialAnimationEditor (210)
[2017.06.16-11.23.01:688][807]LogModuleManager: Shutting down and abandoning module FacialAnimation (208)
[2017.06.16-11.23.01:688][807]LogModuleManager: Shutting down and abandoning module LightPropagationVolumeRuntime (206)
[2017.06.16-11.23.01:688][807]LogModuleManager: Shutting down and abandoning module Paper2D (204)
[2017.06.16-11.23.01:699][807]LogModuleManager: Shutting down and abandoning module WindowsMoviePlayer (202)
[2017.06.16-11.23.01:711][807]LogModuleManager: Shutting down and abandoning module WmfMedia (200)
[2017.06.16-11.23.01:767][807]LogModuleManager: Shutting down and abandoning module MfMedia (198)
[2017.06.16-11.23.01:767][807]LogModuleManager: Shutting down and abandoning module MediaAssets (196)
[2017.06.16-11.23.01:767][807]LogModuleManager: Shutting down and abandoning module GameLiveStreaming (194)
[2017.06.16-11.23.01:767][807]LogModuleManager: Shutting down and abandoning module EnvironmentQueryEditor (192)
[2017.06.16-11.23.01:782][807]LogModuleManager: Shutting down and abandoning module VREditor (190)
[2017.06.16-11.23.01:782][807]LogModuleManager: Shutting down and abandoning module GameplayTasksEditor (188)
[2017.06.16-11.23.01:783][807]LogModuleManager: Shutting down and abandoning module BehaviorTreeEditor (186)
[2017.06.16-11.23.01:806][807]LogModuleManager: Shutting down and abandoning module FunctionalTesting (184)
[2017.06.16-11.23.01:815][807]LogModuleManager: Shutting down and abandoning module CollisionAnalyzer (182)
[2017.06.16-11.23.01:821][807]LogModuleManager: Shutting down and abandoning module UMG (180)
[2017.06.16-11.23.01:821][807]LogModuleManager: Shutting down and abandoning module UMGEditor (179)
[2017.06.16-11.23.01:848][807]LogModuleManager: Shutting down and abandoning module Sequencer (178)
[2017.06.16-11.23.01:883][807]LogModuleManager: Shutting down and abandoning module AssetTools (176)
[2017.06.16-11.23.01:897][807]LogModuleManager: Shutting down and abandoning module MessageLog (175)
[2017.06.16-11.23.01:897][807]LogModuleManager: Shutting down and abandoning module WorkspaceMenuStructure (174)
[2017.06.16-11.23.01:897][807]LogModuleManager: Shutting down and abandoning module SlateReflector (168)
[2017.06.16-11.23.01:927][807]LogModuleManager: Shutting down and abandoning module Slate (166)
[2017.06.16-11.23.01:927][807]LogModuleManager: Shutting down and abandoning module EditorStyle (164)
[2017.06.16-11.23.01:932][807]LogModuleManager: Shutting down and abandoning module SourceCodeAccess (162)
[2017.06.16-11.23.01:938][807]LogModuleManager: Shutting down and abandoning module HeadMountedDisplay (160)
[2017.06.16-11.23.01:938][807]LogModuleManager: Shutting down and abandoning module XAudio2 (158)
[2017.06.16-11.23.01:938][807]LogModuleManager: Shutting down and abandoning module Networking (156)
[2017.06.16-11.23.01:938][807]LogModuleManager: Shutting down and abandoning module Core (152)
[2017.06.16-11.23.01:938][807]LogModuleManager: Shutting down and abandoning module AssetRegistry (150)
[2017.06.16-11.23.02:115][807]LogDirectoryWatcher: A directory notification for '../../../Engine/Content/' was aborted.
[2017.06.16-11.23.02:116][807]LogDirectoryWatcher: A directory notification for 'F:/Unreal/AncientGame/Content/' was aborted.
[2017.06.16-11.23.02:116][807]LogDirectoryWatcher: A directory notification for '../../../Engine/Plugins/2D/Paper2D/Content/' was aborted.
[2017.06.16-11.23.02:116][807]LogModuleManager: Shutting down and abandoning module DirectoryWatcher (149)
[2017.06.16-11.23.02:118][807]LogModuleManager: Shutting down and abandoning module KismetCompiler (146)
[2017.06.16-11.23.02:118][807]LogModuleManager: Shutting down and abandoning module PhysXFormats (144)
[2017.06.16-11.23.02:118][807]LogModuleManager: Shutting down and abandoning module MeshUtilities (142)
[2017.06.16-11.23.02:129][807]LogModuleManager: Shutting down and abandoning module SimplygonSwarm (141)
[2017.06.16-11.23.02:138][807]LogModuleManager: Shutting down and abandoning module SimplygonMeshReduction (139)
[2017.06.16-11.23.02:138][807]LogModuleManager: Shutting down and abandoning module QuadricMeshReduction (137)
[2017.06.16-11.23.02:148][807]LogModuleManager: Shutting down and abandoning module PropertyEditor (135)
[2017.06.16-11.23.02:148][807]LogModuleManager: Shutting down and abandoning module DerivedDataCache (132)
[2017.06.16-11.23.02:174][807]LogDerivedDataCache: Shutdown
[2017.06.16-11.23.02:174][807]LogModuleManager: Shutting down and abandoning module TargetPlatform (130)
[2017.06.16-11.23.02:174][807]LogModuleManager: Shutting down and abandoning module VulkanShaderFormat (129)
[2017.06.16-11.23.02:179][807]LogModuleManager: Shutting down and abandoning module ShaderFormatOpenGL (127)
[2017.06.16-11.23.02:185][807]LogModuleManager: Shutting down and abandoning module ShaderFormatD3D (125)
[2017.06.16-11.23.02:190][807]LogModuleManager: Shutting down and abandoning module MetalShaderFormat (123)
[2017.06.16-11.23.02:200][807]LogModuleManager: Shutting down and abandoning module TextureFormatUncompressed (121)
[2017.06.16-11.23.02:200][807]LogModuleManager: Shutting down and abandoning module TextureFormatPVR (119)
[2017.06.16-11.23.02:200][807]LogModuleManager: Shutting down and abandoning module TextureFormatDXT (117)
[2017.06.16-11.23.02:217][807]LogModuleManager: Shutting down and abandoning module TextureFormatIntelISPCTexComp (115)
[2017.06.16-11.23.02:219][807]LogModuleManager: Shutting down and abandoning module TextureFormatASTC (113)
[2017.06.16-11.23.02:219][807]LogModuleManager: Shutting down and abandoning module ImageWrapper (112)
[2017.06.16-11.23.02:219][807]LogModuleManager: Shutting down and abandoning module TextureFormatAndroid (109)
[2017.06.16-11.23.02:219][807]LogModuleManager: Shutting down and abandoning module AudioFormatOpus (107)
[2017.06.16-11.23.02:226][807]LogModuleManager: Shutting down and abandoning module AudioFormatOgg (105)
[2017.06.16-11.23.02:226][807]LogModuleManager: Shutting down and abandoning module AudioFormatADPCM (103)
[2017.06.16-11.23.02:226][807]LogModuleManager: Shutting down and abandoning module LinuxTargetPlatform (101)
[2017.06.16-11.23.02:226][807]LogModuleManager: Shutting down and abandoning module LinuxServerTargetPlatform (99)
[2017.06.16-11.23.02:226][807]LogModuleManager: Shutting down and abandoning module LinuxNoEditorTargetPlatform (97)
[2017.06.16-11.23.02:226][807]LogModuleManager: Shutting down and abandoning module LinuxClientTargetPlatform (95)
[2017.06.16-11.23.02:226][807]LogModuleManager: Shutting down and abandoning module TVOSTargetPlatform (93)
[2017.06.16-11.23.02:227][807]LogModuleManager: Shutting down and abandoning module Messaging (91)
[2017.06.16-11.23.02:227][807]LogModuleManager: Shutting down and abandoning module IOSTargetPlatform (89)
[2017.06.16-11.23.02:227][807]LogModuleManager: Shutting down and abandoning module HTML5TargetPlatform (87)
[2017.06.16-11.23.02:227][807]LogModuleManager: Shutting down and abandoning module Android_PVRTCTargetPlatform (85)
[2017.06.16-11.23.02:227][807]LogModuleManager: Shutting down and abandoning module Android_MultiTargetPlatform (83)
[2017.06.16-11.23.02:227][807]LogModuleManager: Shutting down and abandoning module Android_ETC2TargetPlatform (81)
[2017.06.16-11.23.02:227][807]LogModuleManager: Shutting down and abandoning module Android_ETC1TargetPlatform (79)
[2017.06.16-11.23.02:227][807]LogModuleManager: Shutting down and abandoning module Android_DXTTargetPlatform (77)
[2017.06.16-11.23.02:227][807]LogModuleManager: Shutting down and abandoning module Android_ATCTargetPlatform (75)
[2017.06.16-11.23.02:227][807]LogModuleManager: Shutting down and abandoning module Android_ASTCTargetPlatform (73)
[2017.06.16-11.23.02:227][807]LogModuleManager: Shutting down and abandoning module AndroidTargetPlatform (71)
[2017.06.16-11.23.02:227][807]LogModuleManager: Shutting down and abandoning module WindowsTargetPlatform (69)
[2017.06.16-11.23.02:227][807]LogModuleManager: Shutting down and abandoning module WindowsServerTargetPlatform (67)
[2017.06.16-11.23.02:227][807]LogModuleManager: Shutting down and abandoning module WindowsNoEditorTargetPlatform (65)
[2017.06.16-11.23.02:227][807]LogModuleManager: Shutting down and abandoning module WindowsClientTargetPlatform (63)
[2017.06.16-11.23.02:227][807]LogModuleManager: Shutting down and abandoning module MacTargetPlatform (61)
[2017.06.16-11.23.02:227][807]LogModuleManager: Shutting down and abandoning module MacServerTargetPlatform (59)
[2017.06.16-11.23.02:227][807]LogModuleManager: Shutting down and abandoning module MacNoEditorTargetPlatform (57)
[2017.06.16-11.23.02:227][807]LogModuleManager: Shutting down and abandoning module MacClientTargetPlatform (55)
[2017.06.16-11.23.02:227][807]LogModuleManager: Shutting down and abandoning module AllDesktopTargetPlatform (53)
[2017.06.16-11.23.02:227][807]LogModuleManager: Shutting down and abandoning module InputCore (50)
[2017.06.16-11.23.02:227][807]LogModuleManager: Shutting down and abandoning module Settings (48)
[2017.06.16-11.23.02:227][807]LogModuleManager: Shutting down and abandoning module OculusRift (46)
[2017.06.16-11.23.02:227][807]LogModuleManager: Shutting down and abandoning module ExampleDeviceProfileSelector (44)
[2017.06.16-11.23.02:227][807]LogModuleManager: Shutting down and abandoning module OnlineBlueprintSupport (42)
[2017.06.16-11.23.02:227][807]LogModuleManager: Shutting down and abandoning module OnlineSubsystem (38)
[2017.06.16-11.23.02:227][807]LogOnline:Display: Unloading online subsystem: NULL
[2017.06.16-11.23.02:247][807]LogModuleManager: Shutting down and abandoning module XMPP (37)
[2017.06.16-11.23.02:266][807]LogModuleManager: Shutting down and abandoning module HTTP (35)
[2017.06.16-11.23.02:279][807]LogHttp:Display: Http module shutting down, but needs to wait on 1 outstanding Http requests:
[2017.06.16-11.23.02:279][807]LogHttp:Display: 	verb=[POST] url=[https://datarouter.ol.epicgames.com/datarouter/api/v1/public/data?SessionID=%7B59C8C4BB-4048-85B2-6C2D-AD92418D4AB8%7D&AppID=UEEditor.Rocket.Release&AppVersion=4.15.0-3299760%2B%2B%2BUE4%2BRelease-4.15&UserID=224389a8446276377c334a9fae284dd9%7Cdec2ad3a27214d31ab4ddb53d31c27e2%7C6b94cbee-0175-4c3a-94dd-08bafa0c491f&AppEnvironment=datacollector-binary&UploadType=eteventstream] status=Processing
[2017.06.16-11.23.02:306][807]LogModuleManager: Shutting down and abandoning module SSL (34)
[2017.06.16-11.23.02:317][807]LogModuleManager: Shutting down and abandoning module AudioEditor (30)
[2017.06.16-11.23.02:334][807]LogModuleManager: Shutting down and abandoning module TextureCompressor (28)
[2017.06.16-11.23.02:348][807]LogModuleManager: Shutting down and abandoning module ShaderCore (26)
[2017.06.16-11.23.02:348][807]LogModuleManager: Shutting down and abandoning module Landscape (24)
[2017.06.16-11.23.02:348][807]LogModuleManager: Shutting down and abandoning module SlateRHIRenderer (22)
[2017.06.16-11.23.02:368][807]LogModuleManager: Shutting down and abandoning module OpenGLDrv (20)
[2017.06.16-11.23.02:377][807]LogModuleManager: Shutting down and abandoning module D3D11RHI (18)
[2017.06.16-11.23.02:377][807]LogModuleManager: Shutting down and abandoning module AnimGraphRuntime (16)
[2017.06.16-11.23.02:385][807]LogModuleManager: Shutting down and abandoning module Renderer (14)
[2017.06.16-11.23.02:385][807]LogModuleManager: Shutting down and abandoning module Engine (12)
[2017.06.16-11.23.02:385][807]LogModuleManager: Shutting down and abandoning module CoreUObject (10)
[2017.06.16-11.23.02:385][807]LogModuleManager: Shutting down and abandoning module NetworkFile (8)
[2017.06.16-11.23.02:396][807]LogModuleManager: Shutting down and abandoning module StreamingFile (6)
[2017.06.16-11.23.02:405][807]LogModuleManager: Shutting down and abandoning module SandboxFile (4)
[2017.06.16-11.23.02:405][807]LogModuleManager: Shutting down and abandoning module PakFile (2)
[2017.06.16-11.23.02:430][807]LogExit: Exiting.
[2017.06.16-11.23.02:432][807]Log file closed, 06/16/17 16:53:02
