Log file open, 06/11/17 19:36:33
LogInit:Display: Running engine for game: AncientGame
LogPlatformFile: Not using cached read wrapper
LogInit:Display: RandInit(618972358) SRandInit(618972358).
LogTaskGraph: Started task graph with 5 named threads and 6 total threads with 1 sets of task threads.
LogStats: Stats thread started at 0.069787
LogInit: Using libcurl 7.47.1
LogInit:  - built for x86_64-pc-win32
LogInit:  - supports SSL with OpenSSL/1.0.2g
LogInit:  - supports HTTP deflate (compression) using libz 1.2.8
LogInit:  - other features:
LogInit:      CURL_VERSION_SSL
LogInit:      CURL_VERSION_LIBZ
LogInit:      CURL_VERSION_IPV6
LogInit:      CURL_VERSION_ASYNCHDNS
LogInit:      CURL_VERSION_LARGEFILE
LogInit:      CURL_VERSION_IDN
LogInit:  CurlRequestOptions (configurable via config and command line):
LogInit:  - bVerifyPeer = false  - Libcurl will NOT verify peer certificate
LogInit:  - bUseHttpProxy = false  - Libcurl will NOT use HTTP proxy
LogInit:  - bDontReuseConnections = false  - Libcurl will reuse connections
LogInit:  - CertBundlePath = nullptr  - Libcurl will use whatever was configured at build time.
LogInit: Build: ++UE4+Release-4.15-CL-3299760
LogInit: Engine Version: 4.15.0-3299760+++UE4+Release-4.15
LogInit: Compatible Engine Version: 4.15.0-3299760+++UE4+Release-4.15
LogInit: Net CL: 3299760
LogDevObjectVersion: Number of dev versions registered: 14
LogDevObjectVersion:   Dev-Blueprints (B0D832E4-1F89-4F0D-ACCF-7EB736FD4AA2): 8
LogDevObjectVersion:   Dev-Build (E1C64328-A22C-4D53-A36C-8E866417BD8C): 0
LogDevObjectVersion:   Dev-Core (375EC13C-06E4-48FB-B500-84F0262A717E): 2
LogDevObjectVersion:   Dev-Editor (E4B068ED-F494-42E9-A231-DA0B2E46BB41): 14
LogDevObjectVersion:   Dev-Framework (CFFC743F-43B0-4480-9391-14DF171D2073): 22
LogDevObjectVersion:   Dev-Mobile (B02B49B5-BB20-44E9-A304-32B752E40360): 0
LogDevObjectVersion:   Dev-Networking (A4E4105C-59A1-49B5-A7C5-40C4547EDFEE): 0
LogDevObjectVersion:   Dev-Online (39C831C9-5AE6-47DC-9A44-9C173E1C8E7C): 0
LogDevObjectVersion:   Dev-Physics (78F01B33-EBEA-4F98-B9B4-84EACCB95AA2): 0
LogDevObjectVersion:   Dev-Platform (6631380F-2D4D-43E0-8009-CF276956A95A): 0
LogDevObjectVersion:   Dev-Rendering (12F88B9F-8875-4AFC-A67C-D90C383ABD29): 12
LogDevObjectVersion:   Dev-Sequencer (7B5AE74C-D270-4C10-A958-57980B212A5A): 3
LogDevObjectVersion:   Dev-VR (D7296918-1DD6-4BDD-9DE2-64A83CC13884): 0
LogDevObjectVersion:   Dev-LoadTimes (C2A15278-BFE7-4AFE-6C17-90FF531DF755): 1
LogInit: Compiled (64-bit): Feb 14 2017 02:04:14
LogInit: Compiled with Visual C++: 19.00.23026.00
LogInit: Build Configuration: Development
LogInit: Branch Name: ++UE4+Release-4.15
LogInit: Command line: 
LogInit: Base directory: E:/Program Files/Epic Games/UE_4.15/Engine/Binaries/Win64/
LogInit: Installed Engine Build: 1
LogInit: Presizing for max 8388607 objects, including 0 objects not considered by GC, pre-allocating 0 bytes for permanent pool.
LogInit: Object subsystem initialized
[2017.06.11-14.06.34:843][  0]LogInit: Selected Device Profile: [Windows]
[2017.06.11-14.06.34:843][  0]LogInit: Applying CVar settings loaded from the selected device profile: [Windows]
[2017.06.11-14.06.34:876][  0]LogInit: Computer: DEMIGOD-PC
[2017.06.11-14.06.34:876][  0]LogInit: User: Demigod
[2017.06.11-14.06.34:876][  0]LogInit: CPU Page size=65536, Cores=2
[2017.06.11-14.06.34:876][  0]LogInit: High frequency timer resolution =2.825664 MHz
[2017.06.11-14.06.34:876][  0]LogMemory: Memory total: Physical=4.0GB (4GB approx)
[2017.06.11-14.06.34:876][  0]LogMemory: Platform Memory Stats for Windows
[2017.06.11-14.06.34:876][  0]LogMemory: Process Physical Memory: 262.74 MB used, 262.74 MB peak
[2017.06.11-14.06.34:876][  0]LogMemory: Process Virtual Memory: 263.80 MB used, 263.80 MB peak
[2017.06.11-14.06.34:876][  0]LogMemory: Physical Memory: 1790.34 MB used,  2269.53 MB free, 4059.88 MB total
[2017.06.11-14.06.34:876][  0]LogMemory: Virtual Memory: 632.62 MB used,  2269.53 MB free, 8388608.00 MB total
[2017.06.11-14.06.34:997][  0]LogTextLocalizationManager: No specific translations for ('en-US') exist, so ('en') translations will be used.
[2017.06.11-14.06.35:981][  0]LogD3D11RHI: D3D11 adapters:
[2017.06.11-14.06.36:010][  0]LogD3D11RHI:    0. 'NVIDIA GeForce GTX 970' (Feature Level 11_0)
[2017.06.11-14.06.36:010][  0]LogD3D11RHI:       4008/0/1773 MB DedicatedVideo/DedicatedSystem/SharedSystem, Outputs:1, VendorId:0x10de
[2017.06.11-14.06.36:010][  0]LogD3D11RHI: Chosen D3D11 Adapter: 0
[2017.06.11-14.06.36:015][  0]LogD3D11RHI: Creating new Direct3DDevice
[2017.06.11-14.06.36:015][  0]LogD3D11RHI:     GPU DeviceId: 0x13c2 (for the marketing name, search the web for "GPU Device Id")
[2017.06.11-14.06.36:015][  0]LogWindows: EnumDisplayDevices:
[2017.06.11-14.06.36:015][  0]LogWindows:    0. 'NVIDIA GeForce GTX 970' (P:1 D:1)
[2017.06.11-14.06.36:015][  0]LogWindows:    1. 'NVIDIA GeForce GTX 970' (P:0 D:0)
[2017.06.11-14.06.36:015][  0]LogWindows:    2. 'NVIDIA GeForce GTX 970' (P:0 D:0)
[2017.06.11-14.06.36:016][  0]LogWindows:    3. 'NVIDIA GeForce GTX 970' (P:0 D:0)
[2017.06.11-14.06.36:016][  0]LogWindows:    4. 'RDPDD Chained DD' (P:0 D:0)
[2017.06.11-14.06.36:016][  0]LogWindows:    5. 'RDP Encoder Mirror Driver' (P:0 D:0)
[2017.06.11-14.06.36:016][  0]LogWindows:    6. 'RDP Reflector Display Driver' (P:0 D:0)
[2017.06.11-14.06.36:016][  0]LogWindows: DebugString: GetVideoDriverDetailsInvalid PrimaryIsNotTheChoosenAdapter GetVideoDriverDetailsInvalid PrimaryIsNotTheChoosenAdapter GetVideoDriverDetailsInvalid PrimaryIsNotTheChoosenAdapter FoundDriverCount:4 
[2017.06.11-14.06.36:016][  0]LogD3D11RHI:     Adapter Name: NVIDIA GeForce GTX 970
[2017.06.11-14.06.36:016][  0]LogD3D11RHI:   Driver Version: 382.33 (internal:22.21.13.8233, unified:382.33)
[2017.06.11-14.06.36:016][  0]LogD3D11RHI:      Driver Date: 5-17-2017
[2017.06.11-14.06.36:016][  0]LogRHI: Texture pool is 1361 MB (70% of 1945 MB)
[2017.06.11-14.06.36:028][  0]LogD3D11RHI: Async texture creation enabled
[2017.06.11-14.06.36:044][  0]LogD3D11RHI: GPU Timing Frequency: 1000.000000 (Debug: 2 2)
[2017.06.11-14.06.36:091][  0]LogShaderCompilers: Guid format shader working directory is 27 characters bigger than the processId version (F:/Unreal/AncientGame/Intermediate/Shaders/WorkingDirectory/6860/).
[2017.06.11-14.06.36:092][  0]LogShaderCompilers: Cleaned the shader compiler working directory 'C:/Users/Demigod/AppData/Local/Temp/UnrealShaderWorkingDir/C494B49E4F7DD2452D4C42BCA786964D/'.
[2017.06.11-14.06.36:092][  0]LogShaderCompilers:Display: Using Local Shader Compiler.
[2017.06.11-14.06.37:537][  0]LogTemp:Display: Loaded TP AllDesktopTargetPlatform
[2017.06.11-14.06.37:601][  0]LogTemp:Display: Loaded TP MacClientTargetPlatform
[2017.06.11-14.06.37:667][  0]LogTemp:Display: Loaded TP MacNoEditorTargetPlatform
[2017.06.11-14.06.37:733][  0]LogTemp:Display: Loaded TP MacServerTargetPlatform
[2017.06.11-14.06.37:799][  0]LogTemp:Display: Loaded TP MacTargetPlatform
[2017.06.11-14.06.37:865][  0]LogTemp:Display: Loaded TP WindowsClientTargetPlatform
[2017.06.11-14.06.37:930][  0]LogTemp:Display: Loaded TP WindowsNoEditorTargetPlatform
[2017.06.11-14.06.37:994][  0]LogTemp:Display: Loaded TP WindowsServerTargetPlatform
[2017.06.11-14.06.38:047][  0]LogTemp:Display: Loaded TP WindowsTargetPlatform
[2017.06.11-14.06.38:111][  0]LogTemp:Display: Loaded TP AndroidTargetPlatform
[2017.06.11-14.06.38:174][  0]LogTemp:Display: Loaded TP Android_ASTCTargetPlatform
[2017.06.11-14.06.38:237][  0]LogTemp:Display: Loaded TP Android_ATCTargetPlatform
[2017.06.11-14.06.38:300][  0]LogTemp:Display: Loaded TP Android_DXTTargetPlatform
[2017.06.11-14.06.38:365][  0]LogTemp:Display: Loaded TP Android_ETC1TargetPlatform
[2017.06.11-14.06.38:431][  0]LogTemp:Display: Loaded TP Android_ETC2TargetPlatform
[2017.06.11-14.06.38:560][  0]LogTemp:Display: Loaded TP Android_MultiTargetPlatform
[2017.06.11-14.06.38:560][  0]LogTemp:Display: Loaded TP Android_PVRTCTargetPlatform
[2017.06.11-14.06.38:603][  0]LogTemp:Display: Loaded TP HTML5TargetPlatform
[2017.06.11-14.06.38:711][  0]LogTemp:Display: Loaded TP IOSTargetPlatform
[2017.06.11-14.06.38:751][  0]LogTemp:Display: Loaded TP TVOSTargetPlatform
[2017.06.11-14.06.38:816][  0]LogTemp:Display: Loaded TP LinuxClientTargetPlatform
[2017.06.11-14.06.38:881][  0]LogTemp:Display: Loaded TP LinuxNoEditorTargetPlatform
[2017.06.11-14.06.38:945][  0]LogTemp:Display: Loaded TP LinuxServerTargetPlatform
[2017.06.11-14.06.39:010][  0]LogTemp:Display: Loaded TP LinuxTargetPlatform
[2017.06.11-14.06.39:010][  0]LogTargetPlatformManager:Display: Building Assets For Windows
[2017.06.11-14.06.39:451][  0]LogDerivedDataCache:Display: Max Cache Size: 512 MB
[2017.06.11-14.06.39:516][  0]LogDerivedDataCache: Loaded boot cache 0.06s 50MB C:/Users/Demigod/AppData/Local/UnrealEngine/4.15/DerivedDataCache/Boot.ddc.
[2017.06.11-14.06.39:516][  0]LogDerivedDataCache:Display: Loaded Boot cache: C:/Users/Demigod/AppData/Local/UnrealEngine/4.15/DerivedDataCache/Boot.ddc
[2017.06.11-14.06.39:516][  0]LogDerivedDataCache: FDerivedDataBackendGraph:  Pak pak cache file F:/Unreal/AncientGame/DerivedDataCache/DDC.ddp not found, will not use a pak cache.
[2017.06.11-14.06.39:516][  0]LogDerivedDataCache: Unable to find inner node Pak for hierarchical cache Hierarchy.
[2017.06.11-14.06.39:516][  0]LogDerivedDataCache: FDerivedDataBackendGraph:  CompressedPak pak cache file F:/Unreal/AncientGame/DerivedDataCache/Compressed.ddp not found, will not use a pak cache.
[2017.06.11-14.06.39:516][  0]LogDerivedDataCache: Unable to find inner node CompressedPak for hierarchical cache Hierarchy.
[2017.06.11-14.06.39:540][  0]LogDerivedDataCache:Display: Pak cache opened for reading ../../../Engine/DerivedDataCache/Compressed.ddp.
[2017.06.11-14.06.39:552][  0]LogDerivedDataCache: Using Local data cache path C:/Users/Demigod/AppData/Local/UnrealEngine/Common/DerivedDataCache: Writable
[2017.06.11-14.06.39:562][  0]LogSlate: Using Freetype 2.6.0
[2017.06.11-14.06.39:564][  0]LogSlate: SlateFontCache - WITH_FREETYPE: 1, WITH_HARFBUZZ: 1
[2017.06.11-14.06.39:564][  0]LogSlate: SlateFontCache - WITH_FREETYPE: 1, WITH_HARFBUZZ: 1
[2017.06.11-14.06.39:998][  0]LogInit: Selected Device Profile: [Windows]
[2017.06.11-14.06.40:002][  0]LogContentStreaming: Texture pool size is 0.00 MB
[2017.06.11-14.06.40:252][  0]LogMeshUtilities: Using QuadricMeshReduction for automatic static mesh reduction
[2017.06.11-14.06.40:299][  0]LogSimplygon: Simplygon DLL not present - disabling.
[2017.06.11-14.06.40:349][  0]LogMeshUtilities: Using SimplygonSwarm for distributed automatic mesh merging
[2017.06.11-14.06.40:349][  0]LogMeshUtilities: No automatic skeletal mesh reduction module available
[2017.06.11-14.06.40:349][  0]LogMeshUtilities: No automatic mesh merging module available
[2017.06.11-14.06.41:036][  0]LogNetVersion: GetLocalNetworkVersion: CL: 3299760, ProjectName: ancientgame, ProjectVersion: , EngineNetworkVersion: 2, GameNetworkVersion: 0, NetworkChecksum: 451849076
[2017.06.11-14.06.41:080][  0]LogAssetRegistry: FAssetRegistry took 0.0197 seconds to start up
[2017.06.11-14.06.41:170][  0]LogPackageLocalizationCache: Processed 3 localized package path(s) for 2 prioritized culture(s) in 0.071605 seconds
[2017.06.11-14.06.41:177][  0]LogUObjectArray: 32475 objects as part of root set at end of initial load.
[2017.06.11-14.06.41:177][  0]LogUObjectAllocator: 7073368 out of 0 bytes used by permanent object pool.
[2017.06.11-14.06.41:177][  0]LogUObjectArray: CloseDisregardForGC: 0/0 objects in disregard for GC pool
[2017.06.11-14.06.41:233][  0]LogInit: WinSock: version 1.1 (2.2), MaxSocks=32767, MaxUdp=65467
[2017.06.11-14.06.43:601][  0]LogTcpMessaging: Initializing TcpMessaging bridge
[2017.06.11-14.06.43:638][  0]LogUdpMessaging: Initializing bridge on interface 0.0.0.0:0 to multicast group 230.0.0.1:6666.
[2017.06.11-14.06.44:161][  0]LogMaterial: Uniform references updated for custom material expression Custom.
[2017.06.11-14.06.44:590][  0]SourceControl: Info Source control is disabled
[2017.06.11-14.06.44:634][  0]SourceControl: Info Source control is disabled
[2017.06.11-14.06.44:686][  0]SourceControl: Info Source control is disabled
[2017.06.11-14.06.44:736][  0]SourceControl: Info Source control is disabled
[2017.06.11-14.06.45:047][  0]LogLinker:Warning: Can't find file '/Game/FirstPersonBP/FirstPersonOverview'
[2017.06.11-14.06.45:047][  0]LogLinker:Warning: Can't find file '/Game/FirstPersonBP/FirstPersonOverview'
[2017.06.11-14.06.45:047][  0]LogUObjectGlobals:Warning: Failed to find object 'Class /Game/FirstPersonBP/FirstPersonOverview.FirstPersonOverview_C'
[2017.06.11-14.06.46:062][  0]LogEngine: Initializing Engine...
[2017.06.11-14.06.46:062][  0]LogHMD: Failed to initialize OpenVR with code 110
[2017.06.11-14.06.46:351][  0]LogAIModule: Creating AISystem for world Untitled
[2017.06.11-14.06.46:366][  0]LogInit: XAudio2 using 'Speakers (Realtek High Definition Audio)' : 2 channels at 48 kHz using 32 bits per sample (channel mask 0x3)
[2017.06.11-14.06.46:379][  0]LogInit: FAudioDevice initialized.
[2017.06.11-14.06.46:415][  0]LogDerivedDataCache: Saved boot cache 0.04s 50MB C:/Users/Demigod/AppData/Local/UnrealEngine/4.15/DerivedDataCache/Boot.ddc.
[2017.06.11-14.06.46:420][  0]LogInit: Texture streaming: Enabled
[2017.06.11-14.06.46:511][  0]LogEngineSessionManager: EngineSessionManager initialized
[2017.06.11-14.06.46:607][  0]LogInit: Transaction tracking system initialized
[2017.06.11-14.06.46:971][  0]BlueprintLog: New page: Editor Load
[2017.06.11-14.06.47:906][  0]LocalizationService: Info Localization service is disabled
[2017.06.11-14.06.48:619][  0]LogConsoleResponse:Display: 
[2017.06.11-14.06.48:834][  0]LogCook:Display: Max memory allowance for cook 16384mb min free memory 0mb
[2017.06.11-14.06.48:834][  0]LogCook:Display: Mobile HDR setting 1
[2017.06.11-14.06.49:178][  0]LogFileCache: Scanning file cache for directory 'F:/Unreal/AncientGame/Content/' took 0.01s
[2017.06.11-14.06.49:929][  0]SourceControl: Info Source control is disabled
[2017.06.11-14.06.49:929][  0]Cmd: MAP LOAD FILE="../../../Engine/Content/Maps/Templates/Template_Default.umap" TEMPLATE=1 SHOWPROGRESS=1 FEATURELEVEL=3
[2017.06.11-14.06.49:930][  0]LightingResults: New page: Lighting Build
[2017.06.11-14.06.49:973][  0]MapCheck: New page: Map Check
[2017.06.11-14.06.49:973][  0]LightingResults: New page: Lighting Build
[2017.06.11-14.06.50:294][  0]LogAIModule: Creating AISystem for world Untitled_1
[2017.06.11-14.06.50:295][  0]LogActorComponent: RegisterComponentWithWorld: (/Temp/Untitled_1.Untitled_1:PersistentLevel.WorldSettings_1.StaticMeshComponent0) Trying to register component with IsPendingKill() == true. Aborting.
[2017.06.11-14.06.50:300][  0]LogEditorServer: Finished looking for orphan Actors (0.000 secs)
[2017.06.11-14.06.50:305][  0]Cmd: MAP CHECKDEP NOCLEARLOG
[2017.06.11-14.06.50:405][  0]MapCheck: Info Map check complete: 0 Error(s), 0 Warning(s), took 99.687ms to complete.
[2017.06.11-14.06.50:405][  0]LogFileHelpers: Loading map 'Template_Default' took 0.476
[2017.06.11-14.06.51:201][  0]LogCollectionManager: Loaded 0 collections in 0.001551 seconds
[2017.06.11-14.06.51:322][  0]LogFileCache: Scanning file cache for directory 'F:/Unreal/AncientGame/Saved/Collections/' took 0.01s
[2017.06.11-14.06.51:322][  0]LogFileCache: Scanning file cache for directory 'F:/Unreal/AncientGame/Content/Developers/Demigod/Collections/' took 0.01s
[2017.06.11-14.06.51:322][  0]LogFileCache: Scanning file cache for directory 'F:/Unreal/AncientGame/Content/Collections/' took 0.01s
[2017.06.11-14.06.51:322][  0]LogCollectionManager: Rebuilt the GUID cache for 0 collections in 0.000002 seconds
[2017.06.11-14.06.51:344][  0]LogContentBrowser: Native class hierarchy populated in 0.0217 seconds. Added 2244 classes and 450 folders.
[2017.06.11-14.06.51:363][  0]LogStats: UGameplayTagsManager::ConstructGameplayTagTree: Construct from data asset -  0.000 s
[2017.06.11-14.06.51:363][  0]LogStats: UGameplayTagsManager::ConstructGameplayTagTree: GameplayTagTreeChangedEvent.Broadcast -  0.000 s
[2017.06.11-14.06.51:444][  0]LogContentBrowser: Native class hierarchy updated for 'WidgetCarousel' in 0.0006 seconds. Added 0 classes and 0 folders.
[2017.06.11-14.06.52:744][  0]LogContentBrowser: Native class hierarchy updated for 'AddContentDialog' in 0.0009 seconds. Added 0 classes and 0 folders.
[2017.06.11-14.06.52:834][  0]LogContentBrowser: Native class hierarchy updated for 'SceneOutliner' in 0.0007 seconds. Added 1 classes and 2 folders.
[2017.06.11-14.06.53:224][  0]LogCrashTracker: Crashtracker disabled due to settings.
[2017.06.11-14.06.53:286][  0]LogUObjectGlobals:Warning: Failed to find object 'Class None.'
[2017.06.11-14.06.53:367][  0]LogContentBrowser: Native class hierarchy updated for 'HierarchicalLODOutliner' in 0.0007 seconds. Added 1 classes and 2 folders.
[2017.06.11-14.06.53:367][  0]LogLoad: (Engine Initialization) Total time: 22.52 seconds
[2017.06.11-14.06.53:367][  0]LogLoad: (Engine Initialization) Total Blueprint compile time: 0.12 seconds
[2017.06.11-14.06.53:367][  0]LogExternalProfiler: Found external profiler: VSPerf
[2017.06.11-14.06.53:367][  0]LogExternalProfiler: Using external profiler: VSPerf
[2017.06.11-14.06.53:376][  0]LogOcInput: OculusInput pre-init called
[2017.06.11-14.06.53:406][  0]LogContentStreaming: Texture pool size now 1000 MB
[2017.06.11-14.06.53:408][  0]LogSlate: Took 0.000729 seconds to synchronously load lazily loaded font '../../../Engine/Content/Slate/Fonts/Roboto-Regular.ttf' (155K)
[2017.06.11-14.06.53:413][  0]LogSlate: Took 0.000659 seconds to synchronously load lazily loaded font '../../../Engine/Content/Slate/Fonts/Roboto-Bold.ttf' (160K)
[2017.06.11-14.06.53:426][  0]LogSlate: Took 0.005621 seconds to synchronously load lazily loaded font '../../../Engine/Content/Editor/Slate/Fonts/FontAwesome.ttf' (139K)
[2017.06.11-14.06.53:846][  0]LogRenderer: Reallocating scene render targets to support 1208x576 NumSamples 1 (Frame:2).
[2017.06.11-14.06.54:107][  2]LogAssetRegistry: Asset discovery search completed in 13.0467 seconds
[2017.06.11-14.06.54:107][  2]LogCollectionManager: Rebuilt the object cache for 0 collections in 0.000007 seconds (found 0 objects)
[2017.06.11-14.06.54:107][  2]LogCollectionManager: Fixed up redirectors for 0 collections in 0.000027 seconds (updated 0 objects)
[2017.06.11-14.06.57:832][418]LogSlate: Took 0.013554 seconds to synchronously load lazily loaded font '../../../Engine/Content/Slate/Fonts/Roboto-Light.ttf' (159K)
[2017.06.11-14.09.06:827][603]Cmd: MAP LOAD FILE="F:/Unreal/AncientGame/Content/Maps/Testbed.umap" TEMPLATE=0 SHOWPROGRESS=1 FEATURELEVEL=3
[2017.06.11-14.09.06:831][603]LogSlate: Took 0.000236 seconds to synchronously load lazily loaded font '../../../Engine/Content/Slate/Fonts/Roboto-Light.ttf' (159K)
[2017.06.11-14.09.06:843][603]LightingResults: New page: Lighting Build
[2017.06.11-14.09.06:846][603]LoadErrors: New page: Loading map: Testbed.umap
[2017.06.11-14.09.06:849][603]MapCheck: New page: Map Check
[2017.06.11-14.09.06:849][603]LightingResults: New page: Lighting Build
[2017.06.11-14.09.07:744][603]LogAIModule: Creating AISystem for world Testbed
[2017.06.11-14.09.07:794][603]LogEditorServer: Finished looking for orphan Actors (0.000 secs)
[2017.06.11-14.09.07:847][603]Cmd: MAP CHECKDEP NOCLEARLOG
[2017.06.11-14.09.07:932][603]MapCheck: Info Map check complete: 0 Error(s), 0 Warning(s), took 84.789ms to complete.
[2017.06.11-14.09.07:932][603]LogFileHelpers: Loading map 'Testbed' took 1.123
[2017.06.11-14.09.13:610][ 54]LogSlate: Took 0.000312 seconds to synchronously load lazily loaded font '../../../Engine/Content/Slate/Fonts/Roboto-Regular.ttf' (155K)
[2017.06.11-14.09.13:866][ 54]LogContentBrowser: Native class hierarchy updated for 'BlueprintGraph' in 0.0011 seconds. Added 112 classes and 0 folders.
[2017.06.11-14.09.18:870][180]LogSlate: Took 0.011299 seconds to synchronously load lazily loaded font '../../../Engine/Content/Editor/Slate/Fonts/Roboto-BoldCondensed.ttf' (158K)
[2017.06.11-14.09.22:217][344]LogSlate: Took 0.009053 seconds to synchronously load lazily loaded font '../../../Engine/Content/Editor/Slate/Fonts/Roboto-Italic.ttf' (157K)
[2017.06.11-14.09.48:562][542]LogActorComponent: UnregisterComponent: (/Engine/Transient.EditorFloorComp) Not registered. Aborting.
[2017.06.11-14.09.50:357][660]LogScript:Warning: Accessed None trying to read property ThePawn
	AGPlayerController_C /Engine/Transient.World_9:PersistentLevel.AGPlayerController_C_0
	Function /Game/AncientGamePlayer/AGPlayerController.AGPlayerController_C:ExecuteUbergraph_AGPlayerController:0612
[2017.06.11-14.09.50:364][660]LogScript:Warning: Accessed None trying to read property ThePawn
	AGPlayerController_C /Engine/Transient.World_9:PersistentLevel.AGPlayerController_C_0
	Function /Game/AncientGamePlayer/AGPlayerController.AGPlayerController_C:ExecuteUbergraph_AGPlayerController:0669
[2017.06.11-14.09.50:365][660]LogScript:Warning: Accessed None
	AGPlayerController_C /Engine/Transient.World_9:PersistentLevel.AGPlayerController_C_0
	Function /Game/AncientGamePlayer/AGPlayerController.AGPlayerController_C:ExecuteUbergraph_AGPlayerController:067E
[2017.06.11-14.09.50:365][660]LogScript:Warning: Accessed None trying to read property ThePawn
	AGPlayerController_C /Engine/Transient.World_9:PersistentLevel.AGPlayerController_C_0
	Function /Game/AncientGamePlayer/AGPlayerController.AGPlayerController_C:ExecuteUbergraph_AGPlayerController:0612
[2017.06.11-14.09.50:365][660]LogScript:Warning: Accessed None trying to read property ThePawn
	AGPlayerController_C /Engine/Transient.World_9:PersistentLevel.AGPlayerController_C_0
	Function /Game/AncientGamePlayer/AGPlayerController.AGPlayerController_C:ExecuteUbergraph_AGPlayerController:0669
[2017.06.11-14.09.50:365][660]LogScript:Warning: Accessed None
	AGPlayerController_C /Engine/Transient.World_9:PersistentLevel.AGPlayerController_C_0
	Function /Game/AncientGamePlayer/AGPlayerController.AGPlayerController_C:ExecuteUbergraph_AGPlayerController:067E
[2017.06.11-14.09.50:775][661]LogScript:Warning: Accessed None trying to read property ThePawn
	AGPlayerController_C /Engine/Transient.World_9:PersistentLevel.AGPlayerController_C_0
	Function /Game/AncientGamePlayer/AGPlayerController.AGPlayerController_C:ExecuteUbergraph_AGPlayerController:0612
[2017.06.11-14.09.50:775][661]LogScript:Warning: Accessed None trying to read property ThePawn
	AGPlayerController_C /Engine/Transient.World_9:PersistentLevel.AGPlayerController_C_0
	Function /Game/AncientGamePlayer/AGPlayerController.AGPlayerController_C:ExecuteUbergraph_AGPlayerController:0669
[2017.06.11-14.09.50:775][661]LogScript:Warning: Accessed None
	AGPlayerController_C /Engine/Transient.World_9:PersistentLevel.AGPlayerController_C_0
	Function /Game/AncientGamePlayer/AGPlayerController.AGPlayerController_C:ExecuteUbergraph_AGPlayerController:067E
[2017.06.11-14.09.50:775][661]LogScript:Warning: Accessed None trying to read property ThePawn
	AGPlayerController_C /Engine/Transient.World_9:PersistentLevel.AGPlayerController_C_0
	Function /Game/AncientGamePlayer/AGPlayerController.AGPlayerController_C:ExecuteUbergraph_AGPlayerController:0612
[2017.06.11-14.09.50:775][661]LogScript:Warning: Accessed None trying to read property ThePawn
	AGPlayerController_C /Engine/Transient.World_9:PersistentLevel.AGPlayerController_C_0
	Function /Game/AncientGamePlayer/AGPlayerController.AGPlayerController_C:ExecuteUbergraph_AGPlayerController:0669
[2017.06.11-14.09.50:776][661]LogScript:Warning: Accessed None
	AGPlayerController_C /Engine/Transient.World_9:PersistentLevel.AGPlayerController_C_0
	Function /Game/AncientGamePlayer/AGPlayerController.AGPlayerController_C:ExecuteUbergraph_AGPlayerController:067E
[2017.06.11-14.09.50:854][662]LogScript:Warning: Accessed None trying to read property ThePawn
	AGPlayerController_C /Engine/Transient.World_9:PersistentLevel.AGPlayerController_C_0
	Function /Game/AncientGamePlayer/AGPlayerController.AGPlayerController_C:ExecuteUbergraph_AGPlayerController:0612
[2017.06.11-14.09.50:854][662]LogScript:Warning: Accessed None trying to read property ThePawn
	AGPlayerController_C /Engine/Transient.World_9:PersistentLevel.AGPlayerController_C_0
	Function /Game/AncientGamePlayer/AGPlayerController.AGPlayerController_C:ExecuteUbergraph_AGPlayerController:0669
[2017.06.11-14.09.50:854][662]LogScript:Warning: Accessed None
	AGPlayerController_C /Engine/Transient.World_9:PersistentLevel.AGPlayerController_C_0
	Function /Game/AncientGamePlayer/AGPlayerController.AGPlayerController_C:ExecuteUbergraph_AGPlayerController:067E
[2017.06.11-14.09.50:854][662]LogScript:Warning: Accessed None trying to read property ThePawn
	AGPlayerController_C /Engine/Transient.World_9:PersistentLevel.AGPlayerController_C_0
	Function /Game/AncientGamePlayer/AGPlayerController.AGPlayerController_C:ExecuteUbergraph_AGPlayerController:0612
[2017.06.11-14.09.50:854][662]LogScript:Warning: Accessed None trying to read property ThePawn
	AGPlayerController_C /Engine/Transient.World_9:PersistentLevel.AGPlayerController_C_0
	Function /Game/AncientGamePlayer/AGPlayerController.AGPlayerController_C:ExecuteUbergraph_AGPlayerController:0669
[2017.06.11-14.13.43:542][859]LogEditorTransaction: Undo Delete current selection
[2017.06.11-14.13.43:605][859]LogSlate: Took 0.000703 seconds to synchronously load lazily loaded font '../../../Engine/Content/Slate/Fonts/Roboto-Light.ttf' (159K)
[2017.06.11-14.17.44:487][ 36]BlueprintLog: New page: Compile AGPlayerController
[2017.06.11-14.17.45:751][ 75]Cmd: OBJ SAVEPACKAGE PACKAGE="/Game/AncientGamePlayer/AGPlayerController" FILE="F:/Unreal/AncientGame/Content/AncientGamePlayer/AGPlayerController.uasset" SILENT=true
[2017.06.11-14.17.45:920][ 75]LogSavePackage: Save=80.97ms
[2017.06.11-14.17.45:920][ 75]LogSavePackage: Moving 'F:/Unreal/AncientGame/Saved/AGPlayerControllerF23972FF4731672CF888038FD7A22208.tmp' to 'F:/Unreal/AncientGame/Content/AncientGamePlayer/AGPlayerController.uasset'
[2017.06.11-14.17.45:950][ 75]LogSavePackage:Display: Finished SavePackage F:/Unreal/AncientGame/Content/AncientGamePlayer/AGPlayerController.uasset
[2017.06.11-14.17.49:165][307]LogTemp: Repeting last play command: Selected Viewport
[2017.06.11-14.17.49:186][307]LogBlueprintUserMessages: Early PlayInEditor Detection: Level '/Game/Maps/Testbed.Testbed:PersistentLevel' has LevelScriptBlueprint '/Game/Maps/Testbed.Testbed:PersistentLevel.Testbed' with GeneratedClass '/Game/Maps/Testbed.Testbed_C' with ClassGeneratedBy '/Game/Maps/Testbed.Testbed:PersistentLevel.Testbed'
[2017.06.11-14.17.49:187][307]LogPlayLevel: PlayLevel: No blueprints needed recompiling
[2017.06.11-14.17.49:234][307]PIE: New page: PIE session: Testbed (Jun 12, 2017, 1:17:49 AM)
[2017.06.11-14.17.49:234][307]LogPlayLevel: Creating play world package: /Game/Maps/UEDPIE_0_Testbed
[2017.06.11-14.17.49:254][307]LogPlayLevel: PIE: StaticDuplicateObject took: (0.019579s)
[2017.06.11-14.17.49:254][307]LogAIModule: Creating AISystem for world Testbed
[2017.06.11-14.17.49:255][307]LogPlayLevel: PIE: World Init took: (0.001044s)
[2017.06.11-14.17.49:255][307]LogPlayLevel: PIE: Created PIE world by copying editor world from /Game/Maps/Testbed.Testbed to /Game/Maps/UEDPIE_0_Testbed.Testbed (0.020970s)
[2017.06.11-14.17.49:298][307]LogInit: XAudio2 using 'Speakers (Realtek High Definition Audio)' : 2 channels at 48 kHz using 32 bits per sample (channel mask 0x3)
[2017.06.11-14.17.49:310][307]LogInit: FAudioDevice initialized.
[2017.06.11-14.17.49:420][307]LogLoad: Game class is 'AncientGameMode_C'
[2017.06.11-14.17.49:423][307]LogWorld: Bringing World /Game/Maps/UEDPIE_0_Testbed.Testbed up for play (max tick rate 0) at 2017.06.11-19.47.49
[2017.06.11-14.17.49:472][307]LogWorld: Bringing up level for play took: 0.050213
[2017.06.11-14.17.49:593][307]LogContentBrowser: Native class hierarchy updated for 'MovieSceneCapture' in 0.0007 seconds. Added 11 classes and 0 folders.
[2017.06.11-14.17.49:593][307]LogGameMode:Display: Match State Changed from EnteringMap to WaitingToStart
[2017.06.11-14.17.49:593][307]LogGameState: Match State Changed from EnteringMap to WaitingToStart
[2017.06.11-14.17.49:593][307]LogGameMode:Display: Match State Changed from WaitingToStart to InProgress
[2017.06.11-14.17.49:594][307]LogGameState: Match State Changed from WaitingToStart to InProgress
[2017.06.11-14.17.49:594][307]PIE: Info Play in editor start time for /Game/Maps/UEDPIE_0_Testbed -0.577
[2017.06.11-14.17.49:595][307]LogBlueprintUserMessages: Late PlayInEditor Detection: Level '/Game/Maps/Testbed.Testbed:PersistentLevel' has LevelScriptBlueprint '/Game/Maps/Testbed.Testbed:PersistentLevel.Testbed' with GeneratedClass '/Game/Maps/Testbed.Testbed_C' with ClassGeneratedBy '/Game/Maps/Testbed.Testbed:PersistentLevel.Testbed'
[2017.06.11-14.17.59:249][315]LogBlueprintUserMessages: Early EndPlayMap Detection: Level '/Game/Maps/Testbed.Testbed:PersistentLevel' has LevelScriptBlueprint '/Game/Maps/Testbed.Testbed:PersistentLevel.Testbed' with GeneratedClass '/Game/Maps/Testbed.Testbed_C' with ClassGeneratedBy '/Game/Maps/Testbed.Testbed:PersistentLevel.Testbed'
[2017.06.11-14.17.59:385][315]LogBlueprintUserMessages: Late EndPlayMap Detection: Level '/Game/Maps/Testbed.Testbed:PersistentLevel' has LevelScriptBlueprint '/Game/Maps/Testbed.Testbed:PersistentLevel.Testbed' with GeneratedClass '/Game/Maps/Testbed.Testbed_C' with ClassGeneratedBy '/Game/Maps/Testbed.Testbed:PersistentLevel.Testbed'
[2017.06.11-14.18.27:344][ 89]BlueprintLog: New page: Compile AGPlayerController
[2017.06.11-14.18.28:215][110]Cmd: OBJ SAVEPACKAGE PACKAGE="/Game/AncientGamePlayer/AGPlayerController" FILE="F:/Unreal/AncientGame/Content/AncientGamePlayer/AGPlayerController.uasset" SILENT=true
[2017.06.11-14.18.28:269][110]LogSavePackage: Save=50.16ms
[2017.06.11-14.18.28:269][110]LogSavePackage: Moving 'F:/Unreal/AncientGame/Saved/AGPlayerController960DF2824FA4BBE65198F2AC31B2425B.tmp' to 'F:/Unreal/AncientGame/Content/AncientGamePlayer/AGPlayerController.uasset'
[2017.06.11-14.18.28:271][110]LogSavePackage:Display: Finished SavePackage F:/Unreal/AncientGame/Content/AncientGamePlayer/AGPlayerController.uasset
[2017.06.11-14.18.30:729][307]LogTemp: Repeting last play command: Selected Viewport
[2017.06.11-14.18.30:748][307]LogBlueprintUserMessages: Early PlayInEditor Detection: Level '/Game/Maps/Testbed.Testbed:PersistentLevel' has LevelScriptBlueprint '/Game/Maps/Testbed.Testbed:PersistentLevel.Testbed' with GeneratedClass '/Game/Maps/Testbed.Testbed_C' with ClassGeneratedBy '/Game/Maps/Testbed.Testbed:PersistentLevel.Testbed'
[2017.06.11-14.18.30:748][307]LogPlayLevel: PlayLevel: No blueprints needed recompiling
[2017.06.11-14.18.30:748][307]PIE: New page: PIE session: Testbed (Jun 12, 2017, 1:18:30 AM)
[2017.06.11-14.18.30:748][307]LogPlayLevel: Creating play world package: /Game/Maps/UEDPIE_0_Testbed
[2017.06.11-14.18.30:759][307]LogPlayLevel: PIE: StaticDuplicateObject took: (0.010537s)
[2017.06.11-14.18.30:759][307]LogAIModule: Creating AISystem for world Testbed
[2017.06.11-14.18.30:759][307]LogPlayLevel: PIE: World Init took: (0.000735s)
[2017.06.11-14.18.30:760][307]LogPlayLevel: PIE: Created PIE world by copying editor world from /Game/Maps/Testbed.Testbed to /Game/Maps/UEDPIE_0_Testbed.Testbed (0.011507s)
[2017.06.11-14.18.30:799][307]LogInit: XAudio2 using 'Speakers (Realtek High Definition Audio)' : 2 channels at 48 kHz using 32 bits per sample (channel mask 0x3)
[2017.06.11-14.18.30:807][307]LogInit: FAudioDevice initialized.
[2017.06.11-14.18.30:838][307]LogLoad: Game class is 'AncientGameMode_C'
[2017.06.11-14.18.30:841][307]LogWorld: Bringing World /Game/Maps/UEDPIE_0_Testbed.Testbed up for play (max tick rate 0) at 2017.06.11-19.48.30
[2017.06.11-14.18.30:841][307]LogWorld: Bringing up level for play took: 0.002613
[2017.06.11-14.18.30:842][307]LogGameMode:Display: Match State Changed from EnteringMap to WaitingToStart
[2017.06.11-14.18.30:842][307]LogGameState: Match State Changed from EnteringMap to WaitingToStart
[2017.06.11-14.18.30:842][307]LogGameMode:Display: Match State Changed from WaitingToStart to InProgress
[2017.06.11-14.18.30:843][307]LogGameState: Match State Changed from WaitingToStart to InProgress
[2017.06.11-14.18.30:843][307]PIE: Info Play in editor start time for /Game/Maps/UEDPIE_0_Testbed 0.671
[2017.06.11-14.18.30:844][307]LogBlueprintUserMessages: Late PlayInEditor Detection: Level '/Game/Maps/Testbed.Testbed:PersistentLevel' has LevelScriptBlueprint '/Game/Maps/Testbed.Testbed:PersistentLevel.Testbed' with GeneratedClass '/Game/Maps/Testbed.Testbed_C' with ClassGeneratedBy '/Game/Maps/Testbed.Testbed:PersistentLevel.Testbed'
[2017.06.11-14.19.33:076][ 30]LogBlueprintUserMessages: Early EndPlayMap Detection: Level '/Game/Maps/Testbed.Testbed:PersistentLevel' has LevelScriptBlueprint '/Game/Maps/Testbed.Testbed:PersistentLevel.Testbed' with GeneratedClass '/Game/Maps/Testbed.Testbed_C' with ClassGeneratedBy '/Game/Maps/Testbed.Testbed:PersistentLevel.Testbed'
[2017.06.11-14.19.33:108][ 30]LogBlueprintUserMessages: Late EndPlayMap Detection: Level '/Game/Maps/Testbed.Testbed:PersistentLevel' has LevelScriptBlueprint '/Game/Maps/Testbed.Testbed:PersistentLevel.Testbed' with GeneratedClass '/Game/Maps/Testbed.Testbed_C' with ClassGeneratedBy '/Game/Maps/Testbed.Testbed:PersistentLevel.Testbed'
[2017.06.11-14.19.41:798][952]LogEditorViewport: Clicking on Actor (LMB): DirectionalLight (Light Source)
[2017.06.11-14.19.52:005][776]LogEditorViewport: Clicking on Actor (LMB): DirectionalLight (Light Source)
[2017.06.11-14.20.51:236][844]MapCheck: New page: Map Check
[2017.06.11-14.20.51:272][844]Cmd: MAP REBUILD ALLVISIBLE
[2017.06.11-14.20.51:273][844]LogEditorServer: Rebuildmap Clear paths rebuilt
[2017.06.11-14.20.51:591][844]LogMaterial: Missing cached shader map for material FDebugViewModeMaterialProxy WorldGridMaterial, compiling. Is special engine material.
[2017.06.11-14.20.51:602][844]LogTemp:Display: Added material ShaderMap 0x00000000760E4480 with Material 0x00000000358BB100 to ShaderMapsBeingCompiled
[2017.06.11-14.20.51:619][844]LogTemp:Display: Kicking off shader compilation for FDebugViewModeMaterialProxy WorldGridMaterial, GameThreadShaderMap 0x00000000760E4480
[2017.06.11-14.20.51:624][844]LogMaterial: Missing cached shader map for material FDebugViewModeMaterialProxy Beta_Body_MAT, compiling. 
[2017.06.11-14.20.51:625][844]LogTemp:Display: Added material ShaderMap 0x00000000760E6080 with Material 0x00000000358B8700 to ShaderMapsBeingCompiled
[2017.06.11-14.20.51:629][844]LogTemp:Display: Kicking off shader compilation for FDebugViewModeMaterialProxy Beta_Body_MAT, GameThreadShaderMap 0x00000000760E6080
[2017.06.11-14.20.51:633][844]LogMaterial: Missing cached shader map for material FDebugViewModeMaterialProxy Beta_Joints_MAT, compiling. 
[2017.06.11-14.20.51:634][844]LogTemp:Display: Added material ShaderMap 0x00000000760E5980 with Material 0x00000000358BAE00 to ShaderMapsBeingCompiled
[2017.06.11-14.20.51:637][844]LogTemp:Display: Kicking off shader compilation for FDebugViewModeMaterialProxy Beta_Joints_MAT, GameThreadShaderMap 0x00000000760E5980
[2017.06.11-14.20.53:277][844]LogTemp:Display: Finished compile of shader map 0x00000000760E4480
[2017.06.11-14.20.53:277][844]LogTemp:Display: Shader map FDebugViewModeMaterialProxy WorldGridMaterial complete, GameThreadShaderMap 0x00000000760E4480, marking material FDebugViewModeMaterialProxy WorldGridMaterial as finished
[2017.06.11-14.20.53:277][844]LogTemp:Display: Marking material as finished 0x00000000358BB100
[2017.06.11-14.20.53:408][844]LogTemp:Display: Finished compile of shader map 0x00000000760E6080
[2017.06.11-14.20.53:408][844]LogTemp:Display: Shader map FDebugViewModeMaterialProxy Beta_Body_MAT complete, GameThreadShaderMap 0x00000000760E6080, marking material FDebugViewModeMaterialProxy Beta_Body_MAT as finished
[2017.06.11-14.20.53:408][844]LogTemp:Display: Marking material as finished 0x00000000358B8700
[2017.06.11-14.20.53:541][844]LogTemp:Display: Finished compile of shader map 0x00000000760E5980
[2017.06.11-14.20.53:541][844]LogTemp:Display: Shader map FDebugViewModeMaterialProxy Beta_Joints_MAT complete, GameThreadShaderMap 0x00000000760E5980, marking material FDebugViewModeMaterialProxy Beta_Joints_MAT as finished
[2017.06.11-14.20.53:541][844]LogTemp:Display: Marking material as finished 0x00000000358BAE00
[2017.06.11-14.20.53:543][844]TextureStreamingBuild:Display: Compiling optional shaders took 1.976 seconds.
[2017.06.11-14.20.53:569][844]LogLevel:Display: Export Material TexCoord Scales took 0.025 seconds.
[2017.06.11-14.20.53:574][844]TextureStreamingBuild:Display: Build Texture Streaming took 0.005 seconds.
[2017.06.11-14.20.53:617][844]LightingResults: New page: Lighting Build - Jun 12, 2017, 1:20:53 AM
[2017.06.11-14.20.53:748][844]LogSwarmInterface: [OpenConnection] Registering TCP channel ...
[2017.06.11-14.20.53:883][844]LogSwarmInterface: [OpenConnection] Connecting to agent ...
[2017.06.11-14.20.53:922][844]LogSwarmInterface: [TryOpenConnection] Testing the Agent
[2017.06.11-14.20.55:516][844]LogSwarmInterface: [TryOpenConnection] Opening Connection to Agent
[2017.06.11-14.20.55:516][844]LogSwarmInterface: [TryOpenConnection] Local Process ID is 6860
[2017.06.11-14.21.01:891][844]LogStaticLightingSystem: Running Lightmass w/ ImmediateImport mode ENABLED
[2017.06.11-14.21.01:891][844]LogStaticLightingSystem: Running Lightmass w/ ImmediateProcess mode ENABLED
[2017.06.11-14.21.01:891][844]LogStaticLightingSystem: Running Lightmass w/ Sorting mode ENABLED
[2017.06.11-14.21.01:891][844]LogStaticLightingSystem: Running Lightmass w/ Mapping paddings ENABLED
[2017.06.11-14.21.01:891][844]LogStaticLightingSystem: Running Lightmass w/ Mapping debug paddings DISABLED
[2017.06.11-14.21.02:122][844]Cmd: MAP CHECK DONTDISPLAYDIALOG
[2017.06.11-14.21.02:122][844]MapCheck: New page: Testbed - Jun 12, 2017, 1:21:02 AM
[2017.06.11-14.21.02:240][844]MapCheck: Info Map check complete: 0 Error(s), 0 Warning(s), took 117.308ms to complete.
[2017.06.11-14.21.02:260][844]LogEditorBuildUtils: Build time 0:10
[2017.06.11-14.21.05:408][973]Cmd: OBJ SAVEPACKAGE PACKAGE="/Game/Maps/Testbed" FILE="F:/Unreal/AncientGame/Saved/Autosaves/Game/Maps/Testbed_Auto1.umap" SILENT=true AUTOSAVING=true KEEPDIRTY=false
[2017.06.11-14.21.05:595][973]LogSavePackage: Save=181.65ms
[2017.06.11-14.21.05:595][973]LogSavePackage: Moving 'F:/Unreal/AncientGame/Saved/Testbed_Auto1203735964511B5ACBB62BD8E11FBB9A7.tmp' to 'F:/Unreal/AncientGame/Saved/Autosaves/Game/Maps/Testbed_Auto1.umap'
[2017.06.11-14.21.05:596][973]LogSavePackage:Display: Finished SavePackage F:/Unreal/AncientGame/Saved/Autosaves/Game/Maps/Testbed_Auto1.umap
[2017.06.11-14.21.05:597][973]LogFileHelpers: Editor autosave (incl. sublevels) for '/Game/Maps/Testbed' took 0.247
[2017.06.11-14.21.05:597][973]LogFileHelpers: Editor autosave (incl. sublevels) for all levels took 0.247
[2017.06.11-14.21.10:534][228]Job is a success!
[2017.06.11-14.21.10:854][229]LogTexture:Display: Building textures: HQ_Lightmap0_1 (AutoDXT)
[2017.06.11-14.21.10:854][229]LogTexture:Display: Building textures: LQ_Lightmap_0_1 (DXT1)
[2017.06.11-14.21.10:854][229]LogTexture:Display: Building textures: ShadowMapTexture2D_0 (BGRA8)
[2017.06.11-14.21.10:922][229]Lightmass on DEMIGOD-PC: 7.72 sec total, 5.31 sec importing, 5 ms setup, 246 ms photons, 2.09 sec processing, 0 ms extra exporting [169/169 mappings]. Threads: 4.19 sec total, 1.17 sec processing.
[2017.06.11-14.21.11:008][229]LogStaticLightingSystem: Illumination: 17.3 sec (142 ms encoding lightmaps, 35 ms encoding shadowmaps)
[2017.06.11-14.21.11:008][229]LogStaticLightingSystem: Lightmap texture memory:  0.5 MB (0.0 MB streaming, 0.5 MB non-streaming), 2 textures
[2017.06.11-14.21.11:008][229]LogStaticLightingSystem: Shadowmap texture memory: 0.3 MB (0.0 MB streaming, 0.3 MB non-streaming), 1 textures
[2017.06.11-14.21.11:890][229]DumpUnbuiltLightIteractions
[2017.06.11-14.21.11:890][229]Lights with unbuilt interactions: 0
[2017.06.11-14.21.11:890][229]
[2017.06.11-14.21.11:890][229]Primitives with unbuilt interactions: 0
[2017.06.11-14.21.11:904][230]Cmd: MAP CHECK NOTIFYRESULTS
[2017.06.11-14.21.11:904][230]MapCheck: New page: Testbed - Jun 12, 2017, 1:21:11 AM
[2017.06.11-14.21.11:991][230]MapCheck: Info Map check complete: 0 Error(s), 0 Warning(s), took 87.52ms to complete.
[2017.06.11-14.21.13:213][328]LogTemp: Repeting last play command: Selected Viewport
[2017.06.11-14.21.13:233][328]LogBlueprintUserMessages: Early PlayInEditor Detection: Level '/Game/Maps/Testbed.Testbed:PersistentLevel' has LevelScriptBlueprint '/Game/Maps/Testbed.Testbed:PersistentLevel.Testbed' with GeneratedClass '/Game/Maps/Testbed.Testbed_C' with ClassGeneratedBy '/Game/Maps/Testbed.Testbed:PersistentLevel.Testbed'
[2017.06.11-14.21.13:233][328]LogPlayLevel: PlayLevel: No blueprints needed recompiling
[2017.06.11-14.21.13:233][328]PIE: New page: PIE session: Testbed (Jun 12, 2017, 1:21:13 AM)
[2017.06.11-14.21.13:233][328]LogPlayLevel: Creating play world package: /Game/Maps/UEDPIE_0_Testbed
[2017.06.11-14.21.13:244][328]LogPlayLevel: PIE: StaticDuplicateObject took: (0.010621s)
[2017.06.11-14.21.13:244][328]LogAIModule: Creating AISystem for world Testbed
[2017.06.11-14.21.13:244][328]LogPlayLevel: PIE: World Init took: (0.000753s)
[2017.06.11-14.21.13:245][328]LogPlayLevel: PIE: Created PIE world by copying editor world from /Game/Maps/Testbed.Testbed to /Game/Maps/UEDPIE_0_Testbed.Testbed (0.011614s)
[2017.06.11-14.21.13:283][328]LogInit: XAudio2 using 'Speakers (Realtek High Definition Audio)' : 2 channels at 48 kHz using 32 bits per sample (channel mask 0x3)
[2017.06.11-14.21.13:291][328]LogInit: FAudioDevice initialized.
[2017.06.11-14.21.13:323][328]LogLoad: Game class is 'AncientGameMode_C'
[2017.06.11-14.21.13:325][328]LogWorld: Bringing World /Game/Maps/UEDPIE_0_Testbed.Testbed up for play (max tick rate 0) at 2017.06.11-19.51.13
[2017.06.11-14.21.13:326][328]LogWorld: Bringing up level for play took: 0.002965
[2017.06.11-14.21.13:327][328]LogGameMode:Display: Match State Changed from EnteringMap to WaitingToStart
[2017.06.11-14.21.13:327][328]LogGameState: Match State Changed from EnteringMap to WaitingToStart
[2017.06.11-14.21.13:327][328]LogGameMode:Display: Match State Changed from WaitingToStart to InProgress
[2017.06.11-14.21.13:329][328]LogGameState: Match State Changed from WaitingToStart to InProgress
[2017.06.11-14.21.13:329][328]PIE: Info Play in editor start time for /Game/Maps/UEDPIE_0_Testbed -0.847
[2017.06.11-14.21.13:329][328]LogBlueprintUserMessages: Late PlayInEditor Detection: Level '/Game/Maps/Testbed.Testbed:PersistentLevel' has LevelScriptBlueprint '/Game/Maps/Testbed.Testbed:PersistentLevel.Testbed' with GeneratedClass '/Game/Maps/Testbed.Testbed_C' with ClassGeneratedBy '/Game/Maps/Testbed.Testbed:PersistentLevel.Testbed'
[2017.06.11-14.21.47:906][ 99]LogBlueprintUserMessages: Early EndPlayMap Detection: Level '/Game/Maps/Testbed.Testbed:PersistentLevel' has LevelScriptBlueprint '/Game/Maps/Testbed.Testbed:PersistentLevel.Testbed' with GeneratedClass '/Game/Maps/Testbed.Testbed_C' with ClassGeneratedBy '/Game/Maps/Testbed.Testbed:PersistentLevel.Testbed'
[2017.06.11-14.21.47:960][ 99]LogBlueprintUserMessages: Late EndPlayMap Detection: Level '/Game/Maps/Testbed.Testbed:PersistentLevel' has LevelScriptBlueprint '/Game/Maps/Testbed.Testbed:PersistentLevel.Testbed' with GeneratedClass '/Game/Maps/Testbed.Testbed_C' with ClassGeneratedBy '/Game/Maps/Testbed.Testbed:PersistentLevel.Testbed'
[2017.06.11-14.22.01:214][ 57]LogTemp: Repeting last play command: Selected Viewport
[2017.06.11-14.22.01:232][ 57]LogBlueprintUserMessages: Early PlayInEditor Detection: Level '/Game/Maps/Testbed.Testbed:PersistentLevel' has LevelScriptBlueprint '/Game/Maps/Testbed.Testbed:PersistentLevel.Testbed' with GeneratedClass '/Game/Maps/Testbed.Testbed_C' with ClassGeneratedBy '/Game/Maps/Testbed.Testbed:PersistentLevel.Testbed'
[2017.06.11-14.22.01:232][ 57]LogPlayLevel: PlayLevel: No blueprints needed recompiling
[2017.06.11-14.22.01:233][ 57]PIE: New page: PIE session: Testbed (Jun 12, 2017, 1:22:01 AM)
[2017.06.11-14.22.01:233][ 57]LogPlayLevel: Creating play world package: /Game/Maps/UEDPIE_0_Testbed
[2017.06.11-14.22.01:245][ 57]LogPlayLevel: PIE: StaticDuplicateObject took: (0.011790s)
[2017.06.11-14.22.01:245][ 57]LogAIModule: Creating AISystem for world Testbed
[2017.06.11-14.22.01:245][ 57]LogPlayLevel: PIE: World Init took: (0.000725s)
[2017.06.11-14.22.01:245][ 57]LogPlayLevel: PIE: Created PIE world by copying editor world from /Game/Maps/Testbed.Testbed to /Game/Maps/UEDPIE_0_Testbed.Testbed (0.012743s)
[2017.06.11-14.22.01:286][ 57]LogInit: XAudio2 using 'Speakers (Realtek High Definition Audio)' : 2 channels at 48 kHz using 32 bits per sample (channel mask 0x3)
[2017.06.11-14.22.01:293][ 57]LogInit: FAudioDevice initialized.
[2017.06.11-14.22.01:322][ 57]LogLoad: Game class is 'AncientGameMode_C'
[2017.06.11-14.22.01:325][ 57]LogWorld: Bringing World /Game/Maps/UEDPIE_0_Testbed.Testbed up for play (max tick rate 0) at 2017.06.11-19.52.01
[2017.06.11-14.22.01:327][ 57]LogWorld: Bringing up level for play took: 0.004624
[2017.06.11-14.22.01:328][ 57]LogGameMode:Display: Match State Changed from EnteringMap to WaitingToStart
[2017.06.11-14.22.01:328][ 57]LogGameState: Match State Changed from EnteringMap to WaitingToStart
[2017.06.11-14.22.01:328][ 57]LogGameMode:Display: Match State Changed from WaitingToStart to InProgress
[2017.06.11-14.22.01:329][ 57]LogGameState: Match State Changed from WaitingToStart to InProgress
[2017.06.11-14.22.01:329][ 57]PIE: Info Play in editor start time for /Game/Maps/UEDPIE_0_Testbed -0.847
[2017.06.11-14.22.01:329][ 57]LogBlueprintUserMessages: Late PlayInEditor Detection: Level '/Game/Maps/Testbed.Testbed:PersistentLevel' has LevelScriptBlueprint '/Game/Maps/Testbed.Testbed:PersistentLevel.Testbed' with GeneratedClass '/Game/Maps/Testbed.Testbed_C' with ClassGeneratedBy '/Game/Maps/Testbed.Testbed:PersistentLevel.Testbed'
[2017.06.11-14.22.44:888][656]LogBlueprintUserMessages: Early EndPlayMap Detection: Level '/Game/Maps/Testbed.Testbed:PersistentLevel' has LevelScriptBlueprint '/Game/Maps/Testbed.Testbed:PersistentLevel.Testbed' with GeneratedClass '/Game/Maps/Testbed.Testbed_C' with ClassGeneratedBy '/Game/Maps/Testbed.Testbed:PersistentLevel.Testbed'
[2017.06.11-14.22.45:004][656]LogBlueprintUserMessages: Late EndPlayMap Detection: Level '/Game/Maps/Testbed.Testbed:PersistentLevel' has LevelScriptBlueprint '/Game/Maps/Testbed.Testbed:PersistentLevel.Testbed' with GeneratedClass '/Game/Maps/Testbed.Testbed_C' with ClassGeneratedBy '/Game/Maps/Testbed.Testbed:PersistentLevel.Testbed'
[2017.06.11-14.22.49:036][936]Cmd: TRANSACTION UNDO
[2017.06.11-14.22.49:036][936]LogEditorTransaction: Undo Create Actors
[2017.06.11-14.22.50:741][ 37]Cmd: TRANSACTION UNDO
[2017.06.11-14.22.50:741][ 37]LogEditorTransaction: Undo Create Actors
[2017.06.11-14.22.54:766][342]LogTemp: Repeting last play command: Selected Viewport
[2017.06.11-14.22.54:785][342]LogBlueprintUserMessages: Early PlayInEditor Detection: Level '/Game/Maps/Testbed.Testbed:PersistentLevel' has LevelScriptBlueprint '/Game/Maps/Testbed.Testbed:PersistentLevel.Testbed' with GeneratedClass '/Game/Maps/Testbed.Testbed_C' with ClassGeneratedBy '/Game/Maps/Testbed.Testbed:PersistentLevel.Testbed'
[2017.06.11-14.22.54:786][342]LogPlayLevel: PlayLevel: No blueprints needed recompiling
[2017.06.11-14.22.54:786][342]PIE: New page: PIE session: Testbed (Jun 12, 2017, 1:22:54 AM)
[2017.06.11-14.22.54:786][342]LogPlayLevel: Creating play world package: /Game/Maps/UEDPIE_0_Testbed
[2017.06.11-14.22.54:796][342]LogPlayLevel: PIE: StaticDuplicateObject took: (0.010407s)
[2017.06.11-14.22.54:797][342]LogAIModule: Creating AISystem for world Testbed
[2017.06.11-14.22.54:797][342]LogPlayLevel: PIE: World Init took: (0.000769s)
[2017.06.11-14.22.54:797][342]LogPlayLevel: PIE: Created PIE world by copying editor world from /Game/Maps/Testbed.Testbed to /Game/Maps/UEDPIE_0_Testbed.Testbed (0.011399s)
[2017.06.11-14.22.54:837][342]LogInit: XAudio2 using 'Speakers (Realtek High Definition Audio)' : 2 channels at 48 kHz using 32 bits per sample (channel mask 0x3)
[2017.06.11-14.22.54:845][342]LogInit: FAudioDevice initialized.
[2017.06.11-14.22.54:879][342]LogLoad: Game class is 'AncientGameMode_C'
[2017.06.11-14.22.54:882][342]LogWorld: Bringing World /Game/Maps/UEDPIE_0_Testbed.Testbed up for play (max tick rate 0) at 2017.06.11-19.52.54
[2017.06.11-14.22.54:882][342]LogWorld: Bringing up level for play took: 0.002627
[2017.06.11-14.22.54:883][342]LogGameMode:Display: Match State Changed from EnteringMap to WaitingToStart
[2017.06.11-14.22.54:883][342]LogGameState: Match State Changed from EnteringMap to WaitingToStart
[2017.06.11-14.22.54:883][342]LogGameMode:Display: Match State Changed from WaitingToStart to InProgress
[2017.06.11-14.22.54:884][342]LogGameState: Match State Changed from WaitingToStart to InProgress
[2017.06.11-14.22.54:884][342]PIE: Info Play in editor start time for /Game/Maps/UEDPIE_0_Testbed 0.707
[2017.06.11-14.22.54:885][342]LogBlueprintUserMessages: Late PlayInEditor Detection: Level '/Game/Maps/Testbed.Testbed:PersistentLevel' has LevelScriptBlueprint '/Game/Maps/Testbed.Testbed:PersistentLevel.Testbed' with GeneratedClass '/Game/Maps/Testbed.Testbed_C' with ClassGeneratedBy '/Game/Maps/Testbed.Testbed:PersistentLevel.Testbed'
[2017.06.11-14.23.05:025][450]LogBlueprintUserMessages: Early EndPlayMap Detection: Level '/Game/Maps/Testbed.Testbed:PersistentLevel' has LevelScriptBlueprint '/Game/Maps/Testbed.Testbed:PersistentLevel.Testbed' with GeneratedClass '/Game/Maps/Testbed.Testbed_C' with ClassGeneratedBy '/Game/Maps/Testbed.Testbed:PersistentLevel.Testbed'
[2017.06.11-14.23.05:079][450]LogBlueprintUserMessages: Late EndPlayMap Detection: Level '/Game/Maps/Testbed.Testbed:PersistentLevel' has LevelScriptBlueprint '/Game/Maps/Testbed.Testbed:PersistentLevel.Testbed' with GeneratedClass '/Game/Maps/Testbed.Testbed_C' with ClassGeneratedBy '/Game/Maps/Testbed.Testbed:PersistentLevel.Testbed'
[2017.06.11-14.23.09:347][702]LogActorComponent: UnregisterComponent: (/Engine/Transient.EditorFloorComp) Not registered. Aborting.
[2017.06.11-14.23.30:816][867]LogTemp: Repeting last play command: Selected Viewport
[2017.06.11-14.23.30:834][867]LogBlueprintUserMessages: Early PlayInEditor Detection: Level '/Game/Maps/Testbed.Testbed:PersistentLevel' has LevelScriptBlueprint '/Game/Maps/Testbed.Testbed:PersistentLevel.Testbed' with GeneratedClass '/Game/Maps/Testbed.Testbed_C' with ClassGeneratedBy '/Game/Maps/Testbed.Testbed:PersistentLevel.Testbed'
[2017.06.11-14.23.30:834][867]BlueprintLog: New page: Pre-Play auto-recompile
[2017.06.11-14.23.30:834][867]LogPlayLevel: [PlayLevel] Compiling AGPlayerController before play...
[2017.06.11-14.23.31:107][867]LogPlayLevel: PlayLevel: Blueprint regeneration took 273 ms (1 blueprints)
[2017.06.11-14.23.31:107][867]PIE: New page: PIE session: Testbed (Jun 12, 2017, 1:23:31 AM)
[2017.06.11-14.23.31:107][867]LogPlayLevel: Creating play world package: /Game/Maps/UEDPIE_0_Testbed
[2017.06.11-14.23.31:118][867]LogPlayLevel: PIE: StaticDuplicateObject took: (0.010405s)
[2017.06.11-14.23.31:118][867]LogAIModule: Creating AISystem for world Testbed
[2017.06.11-14.23.31:119][867]LogPlayLevel: PIE: World Init took: (0.000718s)
[2017.06.11-14.23.31:119][867]LogPlayLevel: PIE: Created PIE world by copying editor world from /Game/Maps/Testbed.Testbed to /Game/Maps/UEDPIE_0_Testbed.Testbed (0.011347s)
[2017.06.11-14.23.31:158][867]LogInit: XAudio2 using 'Speakers (Realtek High Definition Audio)' : 2 channels at 48 kHz using 32 bits per sample (channel mask 0x3)
[2017.06.11-14.23.31:167][867]LogInit: FAudioDevice initialized.
[2017.06.11-14.23.31:200][867]LogLoad: Game class is 'AncientGameMode_C'
[2017.06.11-14.23.31:203][867]LogWorld: Bringing World /Game/Maps/UEDPIE_0_Testbed.Testbed up for play (max tick rate 0) at 2017.06.11-19.53.31
[2017.06.11-14.23.31:204][867]LogWorld: Bringing up level for play took: 0.002589
[2017.06.11-14.23.31:204][867]LogGameMode:Display: Match State Changed from EnteringMap to WaitingToStart
[2017.06.11-14.23.31:204][867]LogGameState: Match State Changed from EnteringMap to WaitingToStart
[2017.06.11-14.23.31:204][867]LogGameMode:Display: Match State Changed from WaitingToStart to InProgress
[2017.06.11-14.23.31:206][867]LogGameState: Match State Changed from WaitingToStart to InProgress
[2017.06.11-14.23.31:206][867]PIE: Info Play in editor start time for /Game/Maps/UEDPIE_0_Testbed 1.028
[2017.06.11-14.23.31:206][867]LogBlueprintUserMessages: Late PlayInEditor Detection: Level '/Game/Maps/Testbed.Testbed:PersistentLevel' has LevelScriptBlueprint '/Game/Maps/Testbed.Testbed:PersistentLevel.Testbed' with GeneratedClass '/Game/Maps/Testbed.Testbed_C' with ClassGeneratedBy '/Game/Maps/Testbed.Testbed:PersistentLevel.Testbed'
[2017.06.11-14.23.32:376][912]LogBlueprintUserMessages: Early EndPlayMap Detection: Level '/Game/Maps/Testbed.Testbed:PersistentLevel' has LevelScriptBlueprint '/Game/Maps/Testbed.Testbed:PersistentLevel.Testbed' with GeneratedClass '/Game/Maps/Testbed.Testbed_C' with ClassGeneratedBy '/Game/Maps/Testbed.Testbed:PersistentLevel.Testbed'
[2017.06.11-14.23.32:437][912]LogBlueprintUserMessages: Late EndPlayMap Detection: Level '/Game/Maps/Testbed.Testbed:PersistentLevel' has LevelScriptBlueprint '/Game/Maps/Testbed.Testbed:PersistentLevel.Testbed' with GeneratedClass '/Game/Maps/Testbed.Testbed_C' with ClassGeneratedBy '/Game/Maps/Testbed.Testbed:PersistentLevel.Testbed'
[2017.06.11-14.23.35:096][ 73]LogTemp: Repeting last play command: Selected Viewport
[2017.06.11-14.23.35:114][ 73]LogBlueprintUserMessages: Early PlayInEditor Detection: Level '/Game/Maps/Testbed.Testbed:PersistentLevel' has LevelScriptBlueprint '/Game/Maps/Testbed.Testbed:PersistentLevel.Testbed' with GeneratedClass '/Game/Maps/Testbed.Testbed_C' with ClassGeneratedBy '/Game/Maps/Testbed.Testbed:PersistentLevel.Testbed'
[2017.06.11-14.23.35:114][ 73]LogPlayLevel: PlayLevel: No blueprints needed recompiling
[2017.06.11-14.23.35:114][ 73]PIE: New page: PIE session: Testbed (Jun 12, 2017, 1:23:35 AM)
[2017.06.11-14.23.35:114][ 73]LogPlayLevel: Creating play world package: /Game/Maps/UEDPIE_0_Testbed
[2017.06.11-14.23.35:125][ 73]LogPlayLevel: PIE: StaticDuplicateObject took: (0.010557s)
[2017.06.11-14.23.35:126][ 73]LogAIModule: Creating AISystem for world Testbed
[2017.06.11-14.23.35:126][ 73]LogPlayLevel: PIE: World Init took: (0.000959s)
[2017.06.11-14.23.35:126][ 73]LogPlayLevel: PIE: Created PIE world by copying editor world from /Game/Maps/Testbed.Testbed to /Game/Maps/UEDPIE_0_Testbed.Testbed (0.011740s)
[2017.06.11-14.23.35:165][ 73]LogInit: XAudio2 using 'Speakers (Realtek High Definition Audio)' : 2 channels at 48 kHz using 32 bits per sample (channel mask 0x3)
[2017.06.11-14.23.35:173][ 73]LogInit: FAudioDevice initialized.
[2017.06.11-14.23.35:203][ 73]LogLoad: Game class is 'AncientGameMode_C'
[2017.06.11-14.23.35:205][ 73]LogWorld: Bringing World /Game/Maps/UEDPIE_0_Testbed.Testbed up for play (max tick rate 0) at 2017.06.11-19.53.35
[2017.06.11-14.23.35:206][ 73]LogWorld: Bringing up level for play took: 0.002850
[2017.06.11-14.23.35:207][ 73]LogGameMode:Display: Match State Changed from EnteringMap to WaitingToStart
[2017.06.11-14.23.35:207][ 73]LogGameState: Match State Changed from EnteringMap to WaitingToStart
[2017.06.11-14.23.35:207][ 73]LogGameMode:Display: Match State Changed from WaitingToStart to InProgress
[2017.06.11-14.23.35:208][ 73]LogGameState: Match State Changed from WaitingToStart to InProgress
[2017.06.11-14.23.35:208][ 73]PIE: Info Play in editor start time for /Game/Maps/UEDPIE_0_Testbed 1.031
[2017.06.11-14.23.35:209][ 73]LogBlueprintUserMessages: Late PlayInEditor Detection: Level '/Game/Maps/Testbed.Testbed:PersistentLevel' has LevelScriptBlueprint '/Game/Maps/Testbed.Testbed:PersistentLevel.Testbed' with GeneratedClass '/Game/Maps/Testbed.Testbed_C' with ClassGeneratedBy '/Game/Maps/Testbed.Testbed:PersistentLevel.Testbed'
[2017.06.11-14.23.41:993][816]LogBlueprintUserMessages: Early EndPlayMap Detection: Level '/Game/Maps/Testbed.Testbed:PersistentLevel' has LevelScriptBlueprint '/Game/Maps/Testbed.Testbed:PersistentLevel.Testbed' with GeneratedClass '/Game/Maps/Testbed.Testbed_C' with ClassGeneratedBy '/Game/Maps/Testbed.Testbed:PersistentLevel.Testbed'
[2017.06.11-14.23.42:049][816]LogBlueprintUserMessages: Late EndPlayMap Detection: Level '/Game/Maps/Testbed.Testbed:PersistentLevel' has LevelScriptBlueprint '/Game/Maps/Testbed.Testbed:PersistentLevel.Testbed' with GeneratedClass '/Game/Maps/Testbed.Testbed_C' with ClassGeneratedBy '/Game/Maps/Testbed.Testbed:PersistentLevel.Testbed'
[2017.06.11-14.23.51:026][287]BlueprintLog: New page: Compile AGPlayerController
[2017.06.11-14.23.53:450][415]LogTemp: Repeting last play command: Selected Viewport
[2017.06.11-14.23.53:468][415]LogBlueprintUserMessages: Early PlayInEditor Detection: Level '/Game/Maps/Testbed.Testbed:PersistentLevel' has LevelScriptBlueprint '/Game/Maps/Testbed.Testbed:PersistentLevel.Testbed' with GeneratedClass '/Game/Maps/Testbed.Testbed_C' with ClassGeneratedBy '/Game/Maps/Testbed.Testbed:PersistentLevel.Testbed'
[2017.06.11-14.23.53:468][415]LogPlayLevel: PlayLevel: No blueprints needed recompiling
[2017.06.11-14.23.53:468][415]PIE: New page: PIE session: Testbed (Jun 12, 2017, 1:23:53 AM)
[2017.06.11-14.23.53:468][415]LogPlayLevel: Creating play world package: /Game/Maps/UEDPIE_0_Testbed
[2017.06.11-14.23.53:479][415]LogPlayLevel: PIE: StaticDuplicateObject took: (0.010828s)
[2017.06.11-14.23.53:479][415]LogAIModule: Creating AISystem for world Testbed
[2017.06.11-14.23.53:480][415]LogPlayLevel: PIE: World Init took: (0.000738s)
[2017.06.11-14.23.53:480][415]LogPlayLevel: PIE: Created PIE world by copying editor world from /Game/Maps/Testbed.Testbed to /Game/Maps/UEDPIE_0_Testbed.Testbed (0.011791s)
[2017.06.11-14.23.53:519][415]LogInit: XAudio2 using 'Speakers (Realtek High Definition Audio)' : 2 channels at 48 kHz using 32 bits per sample (channel mask 0x3)
[2017.06.11-14.23.53:527][415]LogInit: FAudioDevice initialized.
[2017.06.11-14.23.53:558][415]LogLoad: Game class is 'AncientGameMode_C'
[2017.06.11-14.23.53:561][415]LogWorld: Bringing World /Game/Maps/UEDPIE_0_Testbed.Testbed up for play (max tick rate 0) at 2017.06.11-19.53.53
[2017.06.11-14.23.53:562][415]LogWorld: Bringing up level for play took: 0.002688
[2017.06.11-14.23.53:562][415]LogGameMode:Display: Match State Changed from EnteringMap to WaitingToStart
[2017.06.11-14.23.53:562][415]LogGameState: Match State Changed from EnteringMap to WaitingToStart
[2017.06.11-14.23.53:562][415]LogGameMode:Display: Match State Changed from WaitingToStart to InProgress
[2017.06.11-14.23.53:564][415]LogGameState: Match State Changed from WaitingToStart to InProgress
[2017.06.11-14.23.53:564][415]PIE: Info Play in editor start time for /Game/Maps/UEDPIE_0_Testbed -0.614
[2017.06.11-14.23.53:564][415]LogBlueprintUserMessages: Late PlayInEditor Detection: Level '/Game/Maps/Testbed.Testbed:PersistentLevel' has LevelScriptBlueprint '/Game/Maps/Testbed.Testbed:PersistentLevel.Testbed' with GeneratedClass '/Game/Maps/Testbed.Testbed_C' with ClassGeneratedBy '/Game/Maps/Testbed.Testbed:PersistentLevel.Testbed'
[2017.06.11-14.24.51:101][753]LogBlueprintUserMessages: Early EndPlayMap Detection: Level '/Game/Maps/Testbed.Testbed:PersistentLevel' has LevelScriptBlueprint '/Game/Maps/Testbed.Testbed:PersistentLevel.Testbed' with GeneratedClass '/Game/Maps/Testbed.Testbed_C' with ClassGeneratedBy '/Game/Maps/Testbed.Testbed:PersistentLevel.Testbed'
[2017.06.11-14.24.51:155][753]LogBlueprintUserMessages: Late EndPlayMap Detection: Level '/Game/Maps/Testbed.Testbed:PersistentLevel' has LevelScriptBlueprint '/Game/Maps/Testbed.Testbed:PersistentLevel.Testbed' with GeneratedClass '/Game/Maps/Testbed.Testbed_C' with ClassGeneratedBy '/Game/Maps/Testbed.Testbed:PersistentLevel.Testbed'
[2017.06.11-14.25.14:794][624]Cmd: OBJ SAVEPACKAGE PACKAGE="/Game/AncientGamePlayer/AGPlayerController" FILE="F:/Unreal/AncientGame/Content/AncientGamePlayer/AGPlayerController.uasset" SILENT=true
[2017.06.11-14.25.14:850][624]LogSavePackage: Save=50.70ms
[2017.06.11-14.25.14:851][624]LogSavePackage: Moving 'F:/Unreal/AncientGame/Saved/AGPlayerController6B38CAAE45B9A9A368E39B98D9EE9C55.tmp' to 'F:/Unreal/AncientGame/Content/AncientGamePlayer/AGPlayerController.uasset'
[2017.06.11-14.25.14:852][624]LogSavePackage:Display: Finished SavePackage F:/Unreal/AncientGame/Content/AncientGamePlayer/AGPlayerController.uasset
[2017.06.11-14.25.19:909][842]Cmd: OBJ SAVEPACKAGE PACKAGE="/Game/Maps/Testbed" FILE="F:/Unreal/AncientGame/Content/Maps/Testbed.umap" SILENT=true AUTOSAVING=false KEEPDIRTY=false
[2017.06.11-14.25.20:123][842]LogSavePackage: Save=173.84ms
[2017.06.11-14.25.20:123][842]LogSavePackage: Moving 'F:/Unreal/AncientGame/Saved/TestbedADF6B80549785D069ABD40A0CF851698.tmp' to 'F:/Unreal/AncientGame/Content/Maps/Testbed.umap'
[2017.06.11-14.25.20:124][842]LogSavePackage:Display: Finished SavePackage F:/Unreal/AncientGame/Content/Maps/Testbed.umap
[2017.06.11-14.25.20:151][842]LogFileHelpers: Saving map 'Testbed' took 0.339
[2017.06.11-14.25.20:157][842]Cmd: OBJ SAVEPACKAGE PACKAGE="/Game/Maps/Testbed_BuiltData" FILE="F:/Unreal/AncientGame/Content/Maps/Testbed_BuiltData.uasset" SILENT=true
[2017.06.11-14.25.20:237][842]LogSavePackage: Save=53.33ms
[2017.06.11-14.25.20:237][842]LogSavePackage: Moving 'F:/Unreal/AncientGame/Saved/Testbed_BuiltDataED48BAAE476C35F5B5F31BA72763708A.tmp' to 'F:/Unreal/AncientGame/Content/Maps/Testbed_BuiltData.uasset'
[2017.06.11-14.25.20:238][842]LogSavePackage:Display: Finished SavePackage F:/Unreal/AncientGame/Content/Maps/Testbed_BuiltData.uasset
[2017.06.11-14.25.20:515][843]Cmd: QUIT_EDITOR
[2017.06.11-14.25.20:580][843]LogExit: Preparing to exit.
[2017.06.11-14.25.21:236][843]LogExit: Editor shut down
[2017.06.11-14.25.21:237][843]LogExit: Transaction tracking system shut down
[2017.06.11-14.25.21:339][843]LogObj: Freed 0b from 0 cluster array pools.
[2017.06.11-14.25.21:339][843]LogExit: Object subsystem successfully closed.
[2017.06.11-14.25.21:348][843]LogD3D11RHI: Shutdown
[2017.06.11-14.25.21:348][843]LogD3D11RHI: CleanupD3DDevice
[2017.06.11-14.25.21:418][843]LogD3D11RHI: ~FD3D11DynamicRHI
[2017.06.11-14.25.21:427][843]LogModuleManager: Shutting down and abandoning module HierarchicalLODUtilities (504)
[2017.06.11-14.25.21:427][843]LogModuleManager: Shutting down and abandoning module MovieSceneCapture (502)
[2017.06.11-14.25.21:427][843]LogModuleManager: Shutting down and abandoning module BlueprintGraph (500)
[2017.06.11-14.25.21:427][843]LogModuleManager: Shutting down and abandoning module BlueprintProfiler (498)
[2017.06.11-14.25.21:427][843]LogModuleManager: Shutting down and abandoning module HierarchicalLODOutliner (496)
[2017.06.11-14.25.21:427][843]LogModuleManager: Shutting down and abandoning module CrashTracker (494)
[2017.06.11-14.25.21:427][843]LogModuleManager: Shutting down and abandoning module SceneOutliner (492)
[2017.06.11-14.25.21:427][843]LogModuleManager: Shutting down and abandoning module AddContentDialog (490)
[2017.06.11-14.25.21:427][843]LogDirectoryWatcher: A directory notification for 'E:/Program Files/Epic Games/UE_4.15/FeaturePacks/' was aborted.
[2017.06.11-14.25.21:428][843]LogModuleManager: Shutting down and abandoning module WidgetCarousel (489)
[2017.06.11-14.25.21:428][843]LogModuleManager: Shutting down and abandoning module EditorWidgets (486)
[2017.06.11-14.25.21:428][843]LogModuleManager: Shutting down and abandoning module CollectionManager (484)
[2017.06.11-14.25.21:428][843]LogDirectoryWatcher: A directory notification for 'F:/Unreal/AncientGame/Content/Collections/' was aborted.
[2017.06.11-14.25.21:428][843]LogDirectoryWatcher: A directory notification for 'F:/Unreal/AncientGame/Content/Developers/Demigod/Collections/' was aborted.
[2017.06.11-14.25.21:428][843]LogDirectoryWatcher: A directory notification for 'F:/Unreal/AncientGame/Saved/Collections/' was aborted.
[2017.06.11-14.25.21:429][843]LogModuleManager: Shutting down and abandoning module StatsViewer (482)
[2017.06.11-14.25.21:429][843]LogModuleManager: Shutting down and abandoning module FoliageEdit (480)
[2017.06.11-14.25.21:429][843]LogModuleManager: Shutting down and abandoning module LandscapeEditor (478)
[2017.06.11-14.25.21:429][843]LogModuleManager: Shutting down and abandoning module SceneDepthPickerMode (476)
[2017.06.11-14.25.21:429][843]LogModuleManager: Shutting down and abandoning module ActorPickerMode (474)
[2017.06.11-14.25.21:429][843]LogModuleManager: Shutting down and abandoning module GeometryMode (472)
[2017.06.11-14.25.21:429][843]LogModuleManager: Shutting down and abandoning module TextureAlignMode (470)
[2017.06.11-14.25.21:429][843]LogModuleManager: Shutting down and abandoning module BspMode (468)
[2017.06.11-14.25.21:429][843]LogModuleManager: Shutting down and abandoning module HardwareSurvey (466)
[2017.06.11-14.25.21:429][843]LogModuleManager: Shutting down and abandoning module SequenceRecorderSections (464)
[2017.06.11-14.25.21:429][843]LogModuleManager: Shutting down and abandoning module AutomationWorker (462)
[2017.06.11-14.25.21:429][843]LogModuleManager: Shutting down and abandoning module MatineeToLevelSequence (460)
[2017.06.11-14.25.21:429][843]LogModuleManager: Shutting down and abandoning module LevelSequenceEditor (458)
[2017.06.11-14.25.21:429][843]LogModuleManager: Shutting down and abandoning module PlacementMode (457)
[2017.06.11-14.25.21:429][843]LogModuleManager: Shutting down and abandoning module WmfMediaFactory (454)
[2017.06.11-14.25.21:429][843]LogModuleManager: Shutting down and abandoning module WmfMediaEditor (452)
[2017.06.11-14.25.21:429][843]LogModuleManager: Shutting down and abandoning module MfMediaFactory (450)
[2017.06.11-14.25.21:429][843]LogModuleManager: Shutting down and abandoning module MfMediaEditor (448)
[2017.06.11-14.25.21:429][843]LogModuleManager: Shutting down and abandoning module AvfMediaFactory (446)
[2017.06.11-14.25.21:429][843]LogModuleManager: Shutting down and abandoning module AvfMediaEditor (444)
[2017.06.11-14.25.21:429][843]LogModuleManager: Shutting down and abandoning module AndroidMediaFactory (442)
[2017.06.11-14.25.21:429][843]LogModuleManager: Shutting down and abandoning module Media (441)
[2017.06.11-14.25.21:429][843]LogModuleManager: Shutting down and abandoning module AndroidMediaEditor (438)
[2017.06.11-14.25.21:429][843]LogModuleManager: Shutting down and abandoning module CharacterAI (436)
[2017.06.11-14.25.21:429][843]LogModuleManager: Shutting down and abandoning module AudioCapture (434)
[2017.06.11-14.25.21:429][843]LogModuleManager: Shutting down and abandoning module SequenceRecorder (433)
[2017.06.11-14.25.21:429][843]LogModuleManager: Shutting down and abandoning module SmartSnapping (430)
[2017.06.11-14.25.21:429][843]LogModuleManager: Shutting down and abandoning module SessionServices (428)
[2017.06.11-14.25.21:429][843]LogModuleManager: Shutting down and abandoning module ViewportSnapping (426)
[2017.06.11-14.25.21:429][843]LogModuleManager: Shutting down and abandoning module ViewportInteraction (424)
[2017.06.11-14.25.21:429][843]LogModuleManager: Shutting down and abandoning module LogVisualizer (422)
[2017.06.11-14.25.21:429][843]LogModuleManager: Shutting down and abandoning module IntroTutorials (420)
[2017.06.11-14.25.21:429][843]LogModuleManager: Shutting down and abandoning module GameProjectGeneration (419)
[2017.06.11-14.25.21:429][843]LogModuleManager: Shutting down and abandoning module EditorLiveStreaming (416)
[2017.06.11-14.25.21:429][843]LogModuleManager: Shutting down and abandoning module IOSPlatformEditor (414)
[2017.06.11-14.25.21:429][843]LogModuleManager: Shutting down and abandoning module HTML5PlatformEditor (412)
[2017.06.11-14.25.21:429][843]LogModuleManager: Shutting down and abandoning module AndroidPlatformEditor (410)
[2017.06.11-14.25.21:429][843]LogModuleManager: Shutting down and abandoning module AndroidDeviceDetection (409)
[2017.06.11-14.25.21:921][843]LogModuleManager: Shutting down and abandoning module IOSRuntimeSettings (406)
[2017.06.11-14.25.21:921][843]LogModuleManager: Shutting down and abandoning module AndroidRuntimeSettings (404)
[2017.06.11-14.25.21:921][843]LogModuleManager: Shutting down and abandoning module InputBindingEditor (402)
[2017.06.11-14.25.21:921][843]LogModuleManager: Shutting down and abandoning module NiagaraEditor (400)
[2017.06.11-14.25.21:921][843]LogModuleManager: Shutting down and abandoning module MergeActors (398)
[2017.06.11-14.25.21:921][843]LogModuleManager: Shutting down and abandoning module SizeMap (396)
[2017.06.11-14.25.21:921][843]LogModuleManager: Shutting down and abandoning module TreeMap (394)
[2017.06.11-14.25.21:921][843]LogModuleManager: Shutting down and abandoning module ReferenceViewer (392)
[2017.06.11-14.25.21:921][843]LogModuleManager: Shutting down and abandoning module LocalizationDashboard (390)
[2017.06.11-14.25.21:921][843]LogModuleManager: Shutting down and abandoning module LocalizationService (389)
[2017.06.11-14.25.21:921][843]LogModuleManager: Shutting down and abandoning module HardwareTargeting (386)
[2017.06.11-14.25.21:921][843]LogModuleManager: Shutting down and abandoning module DeviceProfileEditor (384)
[2017.06.11-14.25.21:921][843]LogModuleManager: Shutting down and abandoning module UndoHistory (382)
[2017.06.11-14.25.21:921][843]LogModuleManager: Shutting down and abandoning module UserFeedback (380)
[2017.06.11-14.25.21:921][843]LogModuleManager: Shutting down and abandoning module XmlParser (378)
[2017.06.11-14.25.21:921][843]LogModuleManager: Shutting down and abandoning module Blutility (376)
[2017.06.11-14.25.21:921][843]LogModuleManager: Shutting down and abandoning module ProjectSettingsViewer (374)
[2017.06.11-14.25.21:921][843]LogModuleManager: Shutting down and abandoning module ProjectTargetPlatformEditor (373)
[2017.06.11-14.25.21:922][843]LogModuleManager: Shutting down and abandoning module EditorSettingsViewer (370)
[2017.06.11-14.25.21:922][843]LogModuleManager: Shutting down and abandoning module SettingsEditor (368)
[2017.06.11-14.25.21:922][843]LogModuleManager: Shutting down and abandoning module ProjectLauncher (366)
[2017.06.11-14.25.21:922][843]LogModuleManager: Shutting down and abandoning module SessionFrontend (364)
[2017.06.11-14.25.21:922][843]LogModuleManager: Shutting down and abandoning module ProfilerClient (362)
[2017.06.11-14.25.21:922][843]LogModuleManager: Shutting down and abandoning module DeviceManager (360)
[2017.06.11-14.25.21:922][843]LogModuleManager: Shutting down and abandoning module TargetDeviceServices (359)
[2017.06.11-14.25.21:962][843]LogModuleManager: Shutting down and abandoning module AutomationController (356)
[2017.06.11-14.25.21:962][843]LogModuleManager: Shutting down and abandoning module AutomationWindow (354)
[2017.06.11-14.25.21:962][843]LogModuleManager: Shutting down and abandoning module Layers (352)
[2017.06.11-14.25.21:962][843]LogModuleManager: Shutting down and abandoning module ComponentVisualizers (350)
[2017.06.11-14.25.21:962][843]LogModuleManager: Shutting down and abandoning module DetailCustomizations (348)
[2017.06.11-14.25.21:962][843]LogModuleManager: Shutting down and abandoning module PackagesDialog (346)
[2017.06.11-14.25.21:962][843]LogModuleManager: Shutting down and abandoning module Persona (344)
[2017.06.11-14.25.21:962][843]LogModuleManager: Shutting down and abandoning module AnimGraph (343)
[2017.06.11-14.25.21:962][843]LogModuleManager: Shutting down and abandoning module Kismet (340)
[2017.06.11-14.25.21:970][843]LogModuleManager: Shutting down and abandoning module GraphEditor (338)
[2017.06.11-14.25.21:970][843]LogModuleManager: Shutting down and abandoning module ClassViewer (336)
[2017.06.11-14.25.21:970][843]LogModuleManager: Shutting down and abandoning module Toolbox (334)
[2017.06.11-14.25.21:970][843]LogModuleManager: Shutting down and abandoning module ModuleUI (332)
[2017.06.11-14.25.21:970][843]LogModuleManager: Shutting down and abandoning module MovieSceneTools (330)
[2017.06.11-14.25.21:970][843]LogModuleManager: Shutting down and abandoning module OutputLog (328)
[2017.06.11-14.25.21:970][843]LogModuleManager: Shutting down and abandoning module GammaUI (326)
[2017.06.11-14.25.21:970][843]LogModuleManager: Shutting down and abandoning module Documentation (324)
[2017.06.11-14.25.21:970][843]LogModuleManager: Shutting down and abandoning module Niagara (322)
[2017.06.11-14.25.21:970][843]LogModuleManager: Shutting down and abandoning module StreamingPauseRendering (320)
[2017.06.11-14.25.21:970][843]LogModuleManager: Shutting down and abandoning module AnalyticsET (318)
[2017.06.11-14.25.21:970][843]LogModuleManager: Shutting down and abandoning module PortalServices (316)
[2017.06.11-14.25.21:970][843]LogModuleManager: Shutting down and abandoning module PortalRpc (314)
[2017.06.11-14.25.21:970][843]LogModuleManager: Shutting down and abandoning module MessagingRpc (312)
[2017.06.11-14.25.21:970][843]LogModuleManager: Shutting down and abandoning module AIModule (310)
[2017.06.11-14.25.21:970][843]LogModuleManager: Shutting down and abandoning module GameplayDebugger (309)
[2017.06.11-14.25.21:970][843]LogModuleManager: Shutting down and abandoning module AITestSuite (307)
[2017.06.11-14.25.21:970][843]LogModuleManager: Shutting down and abandoning module ProfilerService (304)
[2017.06.11-14.25.22:209][843]LogModuleManager: Shutting down and abandoning module TaskGraph (302)
[2017.06.11-14.25.22:209][843]LogModuleManager: Shutting down and abandoning module SteamVRController (300)
[2017.06.11-14.25.22:209][843]LogModuleManager: Shutting down and abandoning module SteamVR (298)
[2017.06.11-14.25.22:209][843]LogModuleManager: Shutting down and abandoning module ProceduralMeshComponentEditor (296)
[2017.06.11-14.25.22:209][843]LogModuleManager: Shutting down and abandoning module ProceduralMeshComponent (294)
[2017.06.11-14.25.22:209][843]LogModuleManager: Shutting down and abandoning module OculusLibrary (292)
[2017.06.11-14.25.22:209][843]LogModuleManager: Shutting down and abandoning module OculusInput (290)
[2017.06.11-14.25.22:209][843]LogModuleManager: Shutting down and abandoning module MobilePatchingUtils (288)
[2017.06.11-14.25.22:209][843]LogModuleManager: Shutting down and abandoning module CustomMeshComponent (286)
[2017.06.11-14.25.22:209][843]LogModuleManager: Shutting down and abandoning module CableComponent (284)
[2017.06.11-14.25.22:209][843]LogModuleManager: Shutting down and abandoning module ArchVisCharacter (282)
[2017.06.11-14.25.22:209][843]LogModuleManager: Shutting down and abandoning module MediaPlayerEditor (278)
[2017.06.11-14.25.22:209][843]LogModuleManager: Shutting down and abandoning module HTML5Networking (276)
[2017.06.11-14.25.22:209][843]LogModuleManager: Shutting down and abandoning module AlembicImporter (274)
[2017.06.11-14.25.22:209][843]LogModuleManager: Shutting down and abandoning module AlembicLibrary (273)
[2017.06.11-14.25.22:209][843]LogModuleManager: Shutting down and abandoning module GeometryCache (272)
[2017.06.11-14.25.22:209][843]LogModuleManager: Shutting down and abandoning module GeometryCacheEd (271)
[2017.06.11-14.25.22:209][843]LogModuleManager: Shutting down and abandoning module SuperSearchEditor (266)
[2017.06.11-14.25.22:209][843]LogModuleManager: Shutting down and abandoning module SuperSearch (265)
[2017.06.11-14.25.22:209][843]LogModuleManager: Shutting down and abandoning module SpeedTreeImporter (262)
[2017.06.11-14.25.22:209][843]LogModuleManager: Shutting down and abandoning module PluginBrowser (260)
[2017.06.11-14.25.22:209][843]LogModuleManager: Shutting down and abandoning module MobileLauncherProfileWizard (258)
[2017.06.11-14.25.22:209][843]LogModuleManager: Shutting down and abandoning module EpicSurvey (256)
[2017.06.11-14.25.22:210][843]LogModuleManager: Shutting down and abandoning module VisualStudioSourceCodeAccess (254)
[2017.06.11-14.25.22:210][843]LogModuleManager: Shutting down and abandoning module DesktopPlatform (253)
[2017.06.11-14.25.22:210][843]LogModuleManager: Shutting down and abandoning module UObjectPlugin (250)
[2017.06.11-14.25.22:210][843]LogModuleManager: Shutting down and abandoning module SubversionSourceControl (248)
[2017.06.11-14.25.22:210][843]LogModuleManager: Shutting down and abandoning module PerforceSourceControl (246)
[2017.06.11-14.25.22:210][843]LogModuleManager: Shutting down and abandoning module GitSourceControl (244)
[2017.06.11-14.25.22:210][843]LogModuleManager: Shutting down and abandoning module SourceControl (243)
[2017.06.11-14.25.22:210][843]LogModuleManager: Shutting down and abandoning module LightPropagationVolumeEditor (240)
[2017.06.11-14.25.22:210][843]LogModuleManager: Shutting down and abandoning module PaperTiledImporter (238)
[2017.06.11-14.25.22:210][843]LogModuleManager: Shutting down and abandoning module PaperSpriteSheetImporter (236)
[2017.06.11-14.25.22:210][843]LogModuleManager: Shutting down and abandoning module Paper2DEditor (234)
[2017.06.11-14.25.22:210][843]LogModuleManager: Shutting down and abandoning module MeshPaint (233)
[2017.06.11-14.25.22:210][843]LogModuleManager: Shutting down and abandoning module LevelEditor (231)
[2017.06.11-14.25.22:211][843]LogModuleManager: Shutting down and abandoning module PixelInspectorModule (230)
[2017.06.11-14.25.22:211][843]LogModuleManager: Shutting down and abandoning module MainFrame (228)
[2017.06.11-14.25.22:211][843]LogModuleManager: Shutting down and abandoning module HotReload (227)
[2017.06.11-14.25.22:211][843]LogModuleManager: Shutting down and abandoning module ContentBrowser (223)
[2017.06.11-14.25.22:212][843]LogModuleManager: Shutting down and abandoning module PhysXVehiclesEditor (220)
[2017.06.11-14.25.22:212][843]LogModuleManager: Shutting down and abandoning module PhysXVehicles (218)
[2017.06.11-14.25.22:212][843]LogModuleManager: Shutting down and abandoning module LocationServicesBPLibrary (216)
[2017.06.11-14.25.22:212][843]LogModuleManager: Shutting down and abandoning module UdpMessaging (214)
[2017.06.11-14.25.22:312][843]LogModuleManager: Shutting down and abandoning module TcpMessaging (212)
[2017.06.11-14.25.22:412][843]LogModuleManager: Shutting down and abandoning module GameplayTagsEditor (210)
[2017.06.11-14.25.22:412][843]LogModuleManager: Shutting down and abandoning module FacialAnimationEditor (208)
[2017.06.11-14.25.22:412][843]LogModuleManager: Shutting down and abandoning module FacialAnimation (206)
[2017.06.11-14.25.22:412][843]LogModuleManager: Shutting down and abandoning module LightPropagationVolumeRuntime (204)
[2017.06.11-14.25.22:412][843]LogModuleManager: Shutting down and abandoning module Paper2D (202)
[2017.06.11-14.25.22:412][843]LogModuleManager: Shutting down and abandoning module WindowsMoviePlayer (200)
[2017.06.11-14.25.22:412][843]LogModuleManager: Shutting down and abandoning module WmfMedia (198)
[2017.06.11-14.25.22:412][843]LogModuleManager: Shutting down and abandoning module MfMedia (196)
[2017.06.11-14.25.22:412][843]LogModuleManager: Shutting down and abandoning module MediaAssets (194)
[2017.06.11-14.25.22:412][843]LogModuleManager: Shutting down and abandoning module GameLiveStreaming (192)
[2017.06.11-14.25.22:412][843]LogModuleManager: Shutting down and abandoning module VREditor (190)
[2017.06.11-14.25.22:412][843]LogModuleManager: Shutting down and abandoning module GameplayTasksEditor (188)
[2017.06.11-14.25.22:412][843]LogModuleManager: Shutting down and abandoning module BehaviorTreeEditor (186)
[2017.06.11-14.25.22:412][843]LogModuleManager: Shutting down and abandoning module FunctionalTesting (184)
[2017.06.11-14.25.22:412][843]LogModuleManager: Shutting down and abandoning module CollisionAnalyzer (182)
[2017.06.11-14.25.22:412][843]LogModuleManager: Shutting down and abandoning module UMG (180)
[2017.06.11-14.25.22:412][843]LogModuleManager: Shutting down and abandoning module UMGEditor (179)
[2017.06.11-14.25.22:412][843]LogModuleManager: Shutting down and abandoning module Sequencer (178)
[2017.06.11-14.25.22:412][843]LogModuleManager: Shutting down and abandoning module AssetTools (176)
[2017.06.11-14.25.22:412][843]LogModuleManager: Shutting down and abandoning module MessageLog (175)
[2017.06.11-14.25.22:412][843]LogModuleManager: Shutting down and abandoning module WorkspaceMenuStructure (174)
[2017.06.11-14.25.22:412][843]LogModuleManager: Shutting down and abandoning module SlateReflector (168)
[2017.06.11-14.25.22:412][843]LogModuleManager: Shutting down and abandoning module Slate (166)
[2017.06.11-14.25.22:412][843]LogModuleManager: Shutting down and abandoning module EditorStyle (164)
[2017.06.11-14.25.22:415][843]LogModuleManager: Shutting down and abandoning module SourceCodeAccess (162)
[2017.06.11-14.25.22:415][843]LogModuleManager: Shutting down and abandoning module HeadMountedDisplay (160)
[2017.06.11-14.25.22:415][843]LogModuleManager: Shutting down and abandoning module XAudio2 (158)
[2017.06.11-14.25.22:415][843]LogModuleManager: Shutting down and abandoning module Networking (156)
[2017.06.11-14.25.22:415][843]LogModuleManager: Shutting down and abandoning module Core (152)
[2017.06.11-14.25.22:415][843]LogModuleManager: Shutting down and abandoning module AssetRegistry (150)
[2017.06.11-14.25.22:509][843]LogDirectoryWatcher: A directory notification for '../../../Engine/Content/' was aborted.
[2017.06.11-14.25.22:509][843]LogDirectoryWatcher: A directory notification for 'F:/Unreal/AncientGame/Content/' was aborted.
[2017.06.11-14.25.22:509][843]LogDirectoryWatcher: A directory notification for '../../../Engine/Plugins/2D/Paper2D/Content/' was aborted.
[2017.06.11-14.25.22:509][843]LogModuleManager: Shutting down and abandoning module DirectoryWatcher (149)
[2017.06.11-14.25.22:509][843]LogModuleManager: Shutting down and abandoning module KismetCompiler (146)
[2017.06.11-14.25.22:509][843]LogModuleManager: Shutting down and abandoning module PhysXFormats (144)
[2017.06.11-14.25.22:509][843]LogModuleManager: Shutting down and abandoning module MeshUtilities (142)
[2017.06.11-14.25.22:509][843]LogModuleManager: Shutting down and abandoning module SimplygonSwarm (141)
[2017.06.11-14.25.22:509][843]LogModuleManager: Shutting down and abandoning module SimplygonMeshReduction (139)
[2017.06.11-14.25.22:509][843]LogModuleManager: Shutting down and abandoning module QuadricMeshReduction (137)
[2017.06.11-14.25.22:509][843]LogModuleManager: Shutting down and abandoning module PropertyEditor (135)
[2017.06.11-14.25.22:509][843]LogModuleManager: Shutting down and abandoning module DerivedDataCache (132)
[2017.06.11-14.25.22:541][843]LogDerivedDataCache: Shutdown
[2017.06.11-14.25.22:541][843]LogModuleManager: Shutting down and abandoning module TargetPlatform (130)
[2017.06.11-14.25.22:541][843]LogModuleManager: Shutting down and abandoning module VulkanShaderFormat (129)
[2017.06.11-14.25.22:541][843]LogModuleManager: Shutting down and abandoning module ShaderFormatOpenGL (127)
[2017.06.11-14.25.22:541][843]LogModuleManager: Shutting down and abandoning module ShaderFormatD3D (125)
[2017.06.11-14.25.22:541][843]LogModuleManager: Shutting down and abandoning module MetalShaderFormat (123)
[2017.06.11-14.25.22:541][843]LogModuleManager: Shutting down and abandoning module TextureFormatUncompressed (121)
[2017.06.11-14.25.22:541][843]LogModuleManager: Shutting down and abandoning module TextureFormatPVR (119)
[2017.06.11-14.25.22:541][843]LogModuleManager: Shutting down and abandoning module TextureFormatDXT (117)
[2017.06.11-14.25.22:541][843]LogModuleManager: Shutting down and abandoning module TextureFormatIntelISPCTexComp (115)
[2017.06.11-14.25.22:541][843]LogModuleManager: Shutting down and abandoning module TextureFormatASTC (113)
[2017.06.11-14.25.22:541][843]LogModuleManager: Shutting down and abandoning module ImageWrapper (112)
[2017.06.11-14.25.22:541][843]LogModuleManager: Shutting down and abandoning module TextureFormatAndroid (109)
[2017.06.11-14.25.22:541][843]LogModuleManager: Shutting down and abandoning module AudioFormatOpus (107)
[2017.06.11-14.25.22:541][843]LogModuleManager: Shutting down and abandoning module AudioFormatOgg (105)
[2017.06.11-14.25.22:541][843]LogModuleManager: Shutting down and abandoning module AudioFormatADPCM (103)
[2017.06.11-14.25.22:541][843]LogModuleManager: Shutting down and abandoning module LinuxTargetPlatform (101)
[2017.06.11-14.25.22:541][843]LogModuleManager: Shutting down and abandoning module LinuxServerTargetPlatform (99)
[2017.06.11-14.25.22:541][843]LogModuleManager: Shutting down and abandoning module LinuxNoEditorTargetPlatform (97)
[2017.06.11-14.25.22:541][843]LogModuleManager: Shutting down and abandoning module LinuxClientTargetPlatform (95)
[2017.06.11-14.25.22:541][843]LogModuleManager: Shutting down and abandoning module TVOSTargetPlatform (93)
[2017.06.11-14.25.22:541][843]LogModuleManager: Shutting down and abandoning module Messaging (91)
[2017.06.11-14.25.22:541][843]LogModuleManager: Shutting down and abandoning module IOSTargetPlatform (89)
[2017.06.11-14.25.22:541][843]LogModuleManager: Shutting down and abandoning module HTML5TargetPlatform (87)
[2017.06.11-14.25.22:541][843]LogModuleManager: Shutting down and abandoning module Android_PVRTCTargetPlatform (85)
[2017.06.11-14.25.22:541][843]LogModuleManager: Shutting down and abandoning module Android_MultiTargetPlatform (83)
[2017.06.11-14.25.22:541][843]LogModuleManager: Shutting down and abandoning module Android_ETC2TargetPlatform (81)
[2017.06.11-14.25.22:541][843]LogModuleManager: Shutting down and abandoning module Android_ETC1TargetPlatform (79)
[2017.06.11-14.25.22:541][843]LogModuleManager: Shutting down and abandoning module Android_DXTTargetPlatform (77)
[2017.06.11-14.25.22:541][843]LogModuleManager: Shutting down and abandoning module Android_ATCTargetPlatform (75)
[2017.06.11-14.25.22:541][843]LogModuleManager: Shutting down and abandoning module Android_ASTCTargetPlatform (73)
[2017.06.11-14.25.22:541][843]LogModuleManager: Shutting down and abandoning module AndroidTargetPlatform (71)
[2017.06.11-14.25.22:541][843]LogModuleManager: Shutting down and abandoning module WindowsTargetPlatform (69)
[2017.06.11-14.25.22:541][843]LogModuleManager: Shutting down and abandoning module WindowsServerTargetPlatform (67)
[2017.06.11-14.25.22:541][843]LogModuleManager: Shutting down and abandoning module WindowsNoEditorTargetPlatform (65)
[2017.06.11-14.25.22:541][843]LogModuleManager: Shutting down and abandoning module WindowsClientTargetPlatform (63)
[2017.06.11-14.25.22:541][843]LogModuleManager: Shutting down and abandoning module MacTargetPlatform (61)
[2017.06.11-14.25.22:541][843]LogModuleManager: Shutting down and abandoning module MacServerTargetPlatform (59)
[2017.06.11-14.25.22:541][843]LogModuleManager: Shutting down and abandoning module MacNoEditorTargetPlatform (57)
[2017.06.11-14.25.22:541][843]LogModuleManager: Shutting down and abandoning module MacClientTargetPlatform (55)
[2017.06.11-14.25.22:541][843]LogModuleManager: Shutting down and abandoning module AllDesktopTargetPlatform (53)
[2017.06.11-14.25.22:541][843]LogModuleManager: Shutting down and abandoning module InputCore (50)
[2017.06.11-14.25.22:541][843]LogModuleManager: Shutting down and abandoning module Settings (48)
[2017.06.11-14.25.22:541][843]LogModuleManager: Shutting down and abandoning module OculusRift (46)
[2017.06.11-14.25.22:541][843]LogModuleManager: Shutting down and abandoning module ExampleDeviceProfileSelector (44)
[2017.06.11-14.25.22:541][843]LogModuleManager: Shutting down and abandoning module OnlineBlueprintSupport (42)
[2017.06.11-14.25.22:541][843]LogModuleManager: Shutting down and abandoning module OnlineSubsystem (38)
[2017.06.11-14.25.22:541][843]LogOnline:Display: Unloading online subsystem: NULL
[2017.06.11-14.25.22:541][843]LogModuleManager: Shutting down and abandoning module XMPP (37)
[2017.06.11-14.25.22:541][843]LogModuleManager: Shutting down and abandoning module HTTP (35)
[2017.06.11-14.25.22:541][843]LogHttp:Display: Http module shutting down, but needs to wait on 1 outstanding Http requests:
[2017.06.11-14.25.22:541][843]LogHttp:Display: 	verb=[POST] url=[https://datarouter.ol.epicgames.com/datarouter/api/v1/public/data?SessionID=%7B80E19955-4946-9C03-7996-038117A6F643%7D&AppID=UEEditor.Rocket.Release&AppVersion=4.15.0-3299760%2B%2B%2BUE4%2BRelease-4.15&UserID=224389a8446276377c334a9fae284dd9%7Cdec2ad3a27214d31ab4ddb53d31c27e2%7C6b94cbee-0175-4c3a-94dd-08bafa0c491f&AppEnvironment=datacollector-binary&UploadType=eteventstream] status=Processing
[2017.06.11-14.25.22:549][843]LogModuleManager: Shutting down and abandoning module SSL (34)
[2017.06.11-14.25.22:550][843]LogModuleManager: Shutting down and abandoning module AudioEditor (30)
[2017.06.11-14.25.22:550][843]LogModuleManager: Shutting down and abandoning module TextureCompressor (28)
[2017.06.11-14.25.22:550][843]LogModuleManager: Shutting down and abandoning module ShaderCore (26)
[2017.06.11-14.25.22:550][843]LogModuleManager: Shutting down and abandoning module Landscape (24)
[2017.06.11-14.25.22:550][843]LogModuleManager: Shutting down and abandoning module SlateRHIRenderer (22)
[2017.06.11-14.25.22:553][843]LogModuleManager: Shutting down and abandoning module OpenGLDrv (20)
[2017.06.11-14.25.22:553][843]LogModuleManager: Shutting down and abandoning module D3D11RHI (18)
[2017.06.11-14.25.22:553][843]LogModuleManager: Shutting down and abandoning module AnimGraphRuntime (16)
[2017.06.11-14.25.22:553][843]LogModuleManager: Shutting down and abandoning module Renderer (14)
[2017.06.11-14.25.22:553][843]LogModuleManager: Shutting down and abandoning module Engine (12)
[2017.06.11-14.25.22:553][843]LogModuleManager: Shutting down and abandoning module CoreUObject (10)
[2017.06.11-14.25.22:553][843]LogModuleManager: Shutting down and abandoning module NetworkFile (8)
[2017.06.11-14.25.22:553][843]LogModuleManager: Shutting down and abandoning module StreamingFile (6)
[2017.06.11-14.25.22:553][843]LogModuleManager: Shutting down and abandoning module SandboxFile (4)
[2017.06.11-14.25.22:553][843]LogModuleManager: Shutting down and abandoning module PakFile (2)
[2017.06.11-14.25.22:556][843]LogExit: Exiting.
[2017.06.11-14.25.22:559][843]Log file closed, 06/11/17 19:55:22
